# JRE version: OpenJDK Runtime Environment Temurin-17.0.10+7 (17.0.10+7) (build 17.0.10+7)
# Java VM: OpenJDK 64-Bit Server VM Temurin-17.0.10+7 (17.0.10+7, mixed mode, tiered, compressed oops, compressed class ptrs, parallel gc, windows-amd64)
GC Precious Log:
 CPUs: 12 total, 12 available
 Memory: 8008M
 Large Page Support: Disabled
 NUMA Support: Disabled
 Compressed Oops: Enabled (32-bit)
 Alignments: Space 512K, Generation 512K, Heap 2M
 Heap Min Capacity: 100M
 Heap Initial Capacity: 100M
 Heap Max Capacity: 1G
 Pre-touch: Disabled
 Parallel Workers: 10
Heap:
 PSYoungGen      total 19968K, used 19325K [0x00000000eab00000, 0x00000000ec080000, 0x0000000100000000)
  eden space 18432K, 99% used [0x00000000eab00000,0x00000000ebcfa790,0x00000000ebd00000)
  from space 1536K, 75% used [0x00000000ebf00000,0x00000000ec023138,0x00000000ec080000)
  to   space 1536K, 0% used [0x00000000ebd80000,0x00000000ebd80000,0x00000000ebf00000)
 ParOldGen       total 68608K, used 45014K [0x00000000c0000000, 0x00000000c4300000, 0x00000000eab00000)
  object space 68608K, 65% used [0x00000000c0000000,0x00000000c2bf5980,0x00000000c4300000)
 Metaspace       used 62982K, committed 64192K, reserved 1114112K
  class space    used 6706K, committed 7232K, reserved 1048576K
GC Heap History (20 events):
Event: 17.933 GC heap before
{Heap before GC invocations=32 (full 3):
 PSYoungGen      total 18944K, used 18432K [0x00000000eab00000, 0x00000000ebe80000, 0x0000000100000000)
  eden space 18432K, 100% used [0x00000000eab00000,0x00000000ebd00000,0x00000000ebd00000)
  from space 512K, 0% used [0x00000000ebe00000,0x00000000ebe00000,0x00000000ebe80000)
  to   space 512K, 0% used [0x00000000ebd80000,0x00000000ebd80000,0x00000000ebe00000)
 ParOldGen       total 68608K, used 33638K [0x00000000c0000000, 0x00000000c4300000, 0x00000000eab00000)
  object space 68608K, 49% used [0x00000000c0000000,0x00000000c20d9a58,0x00000000c4300000)
 Metaspace       used 58841K, committed 60032K, reserved 1114112K
  class space    used 6337K, committed 6848K, reserved 1048576K
}
Event: 17.938 GC heap after
{Heap after GC invocations=32 (full 3):
 PSYoungGen      total 18944K, used 495K [0x00000000eab00000, 0x00000000ec100000, 0x0000000100000000)
  eden space 18432K, 0% used [0x00000000eab00000,0x00000000eab00000,0x00000000ebd00000)
  from space 512K, 96% used [0x00000000ebd80000,0x00000000ebdfbe28,0x00000000ebe00000)
  to   space 2048K, 0% used [0x00000000ebf00000,0x00000000ebf00000,0x00000000ec100000)
 ParOldGen       total 68608K, used 34633K [0x00000000c0000000, 0x00000000c4300000, 0x00000000eab00000)
  object space 68608K, 50% used [0x00000000c0000000,0x00000000c21d2668,0x00000000c4300000)
 Metaspace       used 58841K, committed 60032K, reserved 1114112K
  class space    used 6337K, committed 6848K, reserved 1048576K
}
Event: 18.274 GC heap before
{Heap before GC invocations=33 (full 3):
 PSYoungGen      total 18944K, used 18927K [0x00000000eab00000, 0x00000000ec100000, 0x0000000100000000)
  eden space 18432K, 100% used [0x00000000eab00000,0x00000000ebd00000,0x00000000ebd00000)
  from space 512K, 96% used [0x00000000ebd80000,0x00000000ebdfbe28,0x00000000ebe00000)
  to   space 2048K, 0% used [0x00000000ebf00000,0x00000000ebf00000,0x00000000ec100000)
 ParOldGen       total 68608K, used 34633K [0x00000000c0000000, 0x00000000c4300000, 0x00000000eab00000)
  object space 68608K, 50% used [0x00000000c0000000,0x00000000c21d2668,0x00000000c4300000)
 Metaspace       used 59123K, committed 60288K, reserved 1114112K
  class space    used 6344K, committed 6848K, reserved 1048576K
}
Event: 18.275 GC heap after
{Heap after GC invocations=33 (full 3):
 PSYoungGen      total 18944K, used 416K [0x00000000eab00000, 0x00000000ebf80000, 0x0000000100000000)
  eden space 18432K, 0% used [0x00000000eab00000,0x00000000eab00000,0x00000000ebd00000)
  from space 512K, 81% used [0x00000000ebf00000,0x00000000ebf68010,0x00000000ebf80000)
  to   space 1024K, 0% used [0x00000000ebd80000,0x00000000ebd80000,0x00000000ebe80000)
 ParOldGen       total 68608K, used 34905K [0x00000000c0000000, 0x00000000c4300000, 0x00000000eab00000)
  object space 68608K, 50% used [0x00000000c0000000,0x00000000c2216668,0x00000000c4300000)
 Metaspace       used 59123K, committed 60288K, reserved 1114112K
  class space    used 6344K, committed 6848K, reserved 1048576K
}
Event: 18.857 GC heap before
{Heap before GC invocations=34 (full 3):
 PSYoungGen      total 18944K, used 18848K [0x00000000eab00000, 0x00000000ebf80000, 0x0000000100000000)
  eden space 18432K, 100% used [0x00000000eab00000,0x00000000ebd00000,0x00000000ebd00000)
  from space 512K, 81% used [0x00000000ebf00000,0x00000000ebf68010,0x00000000ebf80000)
  to   space 1024K, 0% used [0x00000000ebd80000,0x00000000ebd80000,0x00000000ebe80000)
 ParOldGen       total 68608K, used 34905K [0x00000000c0000000, 0x00000000c4300000, 0x00000000eab00000)
  object space 68608K, 50% used [0x00000000c0000000,0x00000000c2216668,0x00000000c4300000)
 Metaspace       used 60232K, committed 61376K, reserved 1114112K
  class space    used 6465K, committed 6976K, reserved 1048576K
}
Event: 18.859 GC heap after
{Heap after GC invocations=34 (full 3):
 PSYoungGen      total 19456K, used 1019K [0x00000000eab00000, 0x00000000ec600000, 0x0000000100000000)
  eden space 18432K, 0% used [0x00000000eab00000,0x00000000eab00000,0x00000000ebd00000)
  from space 1024K, 99% used [0x00000000ebd80000,0x00000000ebe7ee30,0x00000000ebe80000)
  to   space 4608K, 0% used [0x00000000ec180000,0x00000000ec180000,0x00000000ec600000)
 ParOldGen       total 68608K, used 37502K [0x00000000c0000000, 0x00000000c4300000, 0x00000000eab00000)
  object space 68608K, 54% used [0x00000000c0000000,0x00000000c249fb20,0x00000000c4300000)
 Metaspace       used 60232K, committed 61376K, reserved 1114112K
  class space    used 6465K, committed 6976K, reserved 1048576K
}
Event: 19.689 GC heap before
{Heap before GC invocations=35 (full 3):
 PSYoungGen      total 19456K, used 19451K [0x00000000eab00000, 0x00000000ec600000, 0x0000000100000000)
  eden space 18432K, 100% used [0x00000000eab00000,0x00000000ebd00000,0x00000000ebd00000)
  from space 1024K, 99% used [0x00000000ebd80000,0x00000000ebe7ee30,0x00000000ebe80000)
  to   space 4608K, 0% used [0x00000000ec180000,0x00000000ec180000,0x00000000ec600000)
 ParOldGen       total 68608K, used 37502K [0x00000000c0000000, 0x00000000c4300000, 0x00000000eab00000)
  object space 68608K, 54% used [0x00000000c0000000,0x00000000c249fb20,0x00000000c4300000)
 Metaspace       used 61114K, committed 62336K, reserved 1114112K
  class space    used 6557K, committed 7104K, reserved 1048576K
}
Event: 19.692 GC heap after
{Heap after GC invocations=35 (full 3):
 PSYoungGen      total 20992K, used 2050K [0x00000000eab00000, 0x00000000ec400000, 0x0000000100000000)
  eden space 18432K, 0% used [0x00000000eab00000,0x00000000eab00000,0x00000000ebd00000)
  from space 2560K, 80% used [0x00000000ec180000,0x00000000ec380b40,0x00000000ec400000)
  to   space 3072K, 0% used [0x00000000ebe00000,0x00000000ebe00000,0x00000000ec100000)
 ParOldGen       total 68608K, used 38368K [0x00000000c0000000, 0x00000000c4300000, 0x00000000eab00000)
  object space 68608K, 55% used [0x00000000c0000000,0x00000000c2578280,0x00000000c4300000)
 Metaspace       used 61114K, committed 62336K, reserved 1114112K
  class space    used 6557K, committed 7104K, reserved 1048576K
}
Event: 19.870 GC heap before
{Heap before GC invocations=36 (full 3):
 PSYoungGen      total 20992K, used 20482K [0x00000000eab00000, 0x00000000ec400000, 0x0000000100000000)
  eden space 18432K, 100% used [0x00000000eab00000,0x00000000ebd00000,0x00000000ebd00000)
  from space 2560K, 80% used [0x00000000ec180000,0x00000000ec380b40,0x00000000ec400000)
  to   space 3072K, 0% used [0x00000000ebe00000,0x00000000ebe00000,0x00000000ec100000)
 ParOldGen       total 68608K, used 38368K [0x00000000c0000000, 0x00000000c4300000, 0x00000000eab00000)
  object space 68608K, 55% used [0x00000000c0000000,0x00000000c2578280,0x00000000c4300000)
 Metaspace       used 61187K, committed 62400K, reserved 1114112K
  class space    used 6562K, committed 7104K, reserved 1048576K
}
Event: 19.877 GC heap after
{Heap after GC invocations=36 (full 3):
 PSYoungGen      total 20480K, used 1728K [0x00000000eab00000, 0x00000000ec200000, 0x0000000100000000)
  eden space 18432K, 0% used [0x00000000eab00000,0x00000000eab00000,0x00000000ebd00000)
  from space 2048K, 84% used [0x00000000ebe00000,0x00000000ebfb0000,0x00000000ec000000)
  to   space 2048K, 0% used [0x00000000ec000000,0x00000000ec000000,0x00000000ec200000)
 ParOldGen       total 68608K, used 40248K [0x00000000c0000000, 0x00000000c4300000, 0x00000000eab00000)
  object space 68608K, 58% used [0x00000000c0000000,0x00000000c274e1f8,0x00000000c4300000)
 Metaspace       used 61187K, committed 62400K, reserved 1114112K
  class space    used 6562K, committed 7104K, reserved 1048576K
}
Event: 20.389 GC heap before
{Heap before GC invocations=37 (full 3):
 PSYoungGen      total 20480K, used 20160K [0x00000000eab00000, 0x00000000ec200000, 0x0000000100000000)
  eden space 18432K, 100% used [0x00000000eab00000,0x00000000ebd00000,0x00000000ebd00000)
  from space 2048K, 84% used [0x00000000ebe00000,0x00000000ebfb0000,0x00000000ec000000)
  to   space 2048K, 0% used [0x00000000ec000000,0x00000000ec000000,0x00000000ec200000)
 ParOldGen       total 68608K, used 40248K [0x00000000c0000000, 0x00000000c4300000, 0x00000000eab00000)
  object space 68608K, 58% used [0x00000000c0000000,0x00000000c274e1f8,0x00000000c4300000)
 Metaspace       used 61633K, committed 62720K, reserved 1114112K
  class space    used 6610K, committed 7104K, reserved 1048576K
}
Event: 20.393 GC heap after
{Heap after GC invocations=37 (full 3):
 PSYoungGen      total 19968K, used 1280K [0x00000000eab00000, 0x00000000ec180000, 0x0000000100000000)
  eden space 18432K, 0% used [0x00000000eab00000,0x00000000eab00000,0x00000000ebd00000)
  from space 1536K, 83% used [0x00000000ec000000,0x00000000ec140020,0x00000000ec180000)
  to   space 1536K, 0% used [0x00000000ebe80000,0x00000000ebe80000,0x00000000ec000000)
 ParOldGen       total 68608K, used 41765K [0x00000000c0000000, 0x00000000c4300000, 0x00000000eab00000)
  object space 68608K, 60% used [0x00000000c0000000,0x00000000c28c9520,0x00000000c4300000)
 Metaspace       used 61633K, committed 62720K, reserved 1114112K
  class space    used 6610K, committed 7104K, reserved 1048576K
}
Event: 20.874 GC heap before
{Heap before GC invocations=38 (full 3):
 PSYoungGen      total 19968K, used 19712K [0x00000000eab00000, 0x00000000ec180000, 0x0000000100000000)
  eden space 18432K, 100% used [0x00000000eab00000,0x00000000ebd00000,0x00000000ebd00000)
  from space 1536K, 83% used [0x00000000ec000000,0x00000000ec140020,0x00000000ec180000)
  to   space 1536K, 0% used [0x00000000ebe80000,0x00000000ebe80000,0x00000000ec000000)
 ParOldGen       total 68608K, used 41765K [0x00000000c0000000, 0x00000000c4300000, 0x00000000eab00000)
  object space 68608K, 60% used [0x00000000c0000000,0x00000000c28c9520,0x00000000c4300000)
 Metaspace       used 61939K, committed 63168K, reserved 1114112K
  class space    used 6631K, committed 7168K, reserved 1048576K
}
Event: 20.880 GC heap after
{Heap after GC invocations=38 (full 3):
 PSYoungGen      total 19456K, used 979K [0x00000000eab00000, 0x00000000ec080000, 0x0000000100000000)
  eden space 18432K, 0% used [0x00000000eab00000,0x00000000eab00000,0x00000000ebd00000)
  from space 1024K, 95% used [0x00000000ebe80000,0x00000000ebf74e68,0x00000000ebf80000)
  to   space 1024K, 0% used [0x00000000ebf80000,0x00000000ebf80000,0x00000000ec080000)
 ParOldGen       total 68608K, used 42889K [0x00000000c0000000, 0x00000000c4300000, 0x00000000eab00000)
  object space 68608K, 62% used [0x00000000c0000000,0x00000000c29e27c8,0x00000000c4300000)
 Metaspace       used 61939K, committed 63168K, reserved 1114112K
  class space    used 6631K, committed 7168K, reserved 1048576K
}
Event: 21.361 GC heap before
{Heap before GC invocations=39 (full 3):
 PSYoungGen      total 19456K, used 19411K [0x00000000eab00000, 0x00000000ec080000, 0x0000000100000000)
  eden space 18432K, 100% used [0x00000000eab00000,0x00000000ebd00000,0x00000000ebd00000)
  from space 1024K, 95% used [0x00000000ebe80000,0x00000000ebf74e68,0x00000000ebf80000)
  to   space 1024K, 0% used [0x00000000ebf80000,0x00000000ebf80000,0x00000000ec080000)
 ParOldGen       total 68608K, used 42889K [0x00000000c0000000, 0x00000000c4300000, 0x00000000eab00000)
  object space 68608K, 62% used [0x00000000c0000000,0x00000000c29e27c8,0x00000000c4300000)
 Metaspace       used 62033K, committed 63168K, reserved 1114112K
  class space    used 6638K, committed 7168K, reserved 1048576K
}
Event: 21.365 GC heap after
{Heap after GC invocations=39 (full 3):
 PSYoungGen      total 18944K, used 512K [0x00000000eab00000, 0x00000000ec000000, 0x0000000100000000)
  eden space 18432K, 0% used [0x00000000eab00000,0x00000000eab00000,0x00000000ebd00000)
  from space 512K, 100% used [0x00000000ebf80000,0x00000000ec000000,0x00000000ec000000)
  to   space 1024K, 0% used [0x00000000ebe00000,0x00000000ebe00000,0x00000000ebf00000)
 ParOldGen       total 68608K, used 43660K [0x00000000c0000000, 0x00000000c4300000, 0x00000000eab00000)
  object space 68608K, 63% used [0x00000000c0000000,0x00000000c2aa33b0,0x00000000c4300000)
 Metaspace       used 62033K, committed 63168K, reserved 1114112K
  class space    used 6638K, committed 7168K, reserved 1048576K
}
Event: 22.190 GC heap before
{Heap before GC invocations=40 (full 3):
 PSYoungGen      total 18944K, used 18944K [0x00000000eab00000, 0x00000000ec000000, 0x0000000100000000)
  eden space 18432K, 100% used [0x00000000eab00000,0x00000000ebd00000,0x00000000ebd00000)
  from space 512K, 100% used [0x00000000ebf80000,0x00000000ec000000,0x00000000ec000000)
  to   space 1024K, 0% used [0x00000000ebe00000,0x00000000ebe00000,0x00000000ebf00000)
 ParOldGen       total 68608K, used 43660K [0x00000000c0000000, 0x00000000c4300000, 0x00000000eab00000)
  object space 68608K, 63% used [0x00000000c0000000,0x00000000c2aa33b0,0x00000000c4300000)
 Metaspace       used 62221K, committed 63424K, reserved 1114112K
  class space    used 6656K, committed 7232K, reserved 1048576K
}
Event: 22.195 GC heap after
{Heap after GC invocations=40 (full 3):
 PSYoungGen      total 19456K, used 1020K [0x00000000eab00000, 0x00000000ec100000, 0x0000000100000000)
  eden space 18432K, 0% used [0x00000000eab00000,0x00000000eab00000,0x00000000ebd00000)
  from space 1024K, 99% used [0x00000000ebe00000,0x00000000ebeff3b8,0x00000000ebf00000)
  to   space 2048K, 0% used [0x00000000ebf00000,0x00000000ebf00000,0x00000000ec100000)
 ParOldGen       total 68608K, used 44036K [0x00000000c0000000, 0x00000000c4300000, 0x00000000eab00000)
  object space 68608K, 64% used [0x00000000c0000000,0x00000000c2b013b0,0x00000000c4300000)
 Metaspace       used 62221K, committed 63424K, reserved 1114112K
  class space    used 6656K, committed 7232K, reserved 1048576K
}
Event: 23.007 GC heap before
{Heap before GC invocations=41 (full 3):
 PSYoungGen      total 19456K, used 19452K [0x00000000eab00000, 0x00000000ec100000, 0x0000000100000000)
  eden space 18432K, 100% used [0x00000000eab00000,0x00000000ebd00000,0x00000000ebd00000)
  from space 1024K, 99% used [0x00000000ebe00000,0x00000000ebeff3b8,0x00000000ebf00000)
  to   space 2048K, 0% used [0x00000000ebf00000,0x00000000ebf00000,0x00000000ec100000)
 ParOldGen       total 68608K, used 44036K [0x00000000c0000000, 0x00000000c4300000, 0x00000000eab00000)
  object space 68608K, 64% used [0x00000000c0000000,0x00000000c2b013b0,0x00000000c4300000)
 Metaspace       used 62490K, committed 63680K, reserved 1114112K
  class space    used 6660K, committed 7232K, reserved 1048576K
}
Event: 23.015 GC heap after
{Heap after GC invocations=41 (full 3):
 PSYoungGen      total 19968K, used 1164K [0x00000000eab00000, 0x00000000ec080000, 0x0000000100000000)
  eden space 18432K, 0% used [0x00000000eab00000,0x00000000eab00000,0x00000000ebd00000)
  from space 1536K, 75% used [0x00000000ebf00000,0x00000000ec023138,0x00000000ec080000)
  to   space 1536K, 0% used [0x00000000ebd80000,0x00000000ebd80000,0x00000000ebf00000)
 ParOldGen       total 68608K, used 45014K [0x00000000c0000000, 0x00000000c4300000, 0x00000000eab00000)
  object space 68608K, 65% used [0x00000000c0000000,0x00000000c2bf5980,0x00000000c4300000)
 Metaspace       used 62490K, committed 63680K, reserved 1114112K
  class space    used 6660K, committed 7232K, reserved 1048576K
}

