# JRE version: OpenJDK Runtime Environment Temurin-17.0.10+7 (17.0.10+7) (build 17.0.10+7)
# Java VM: OpenJDK 64-Bit Server VM Temurin-17.0.10+7 (17.0.10+7, mixed mode, tiered, compressed oops, compressed class ptrs, parallel gc, windows-amd64)
GC Precious Log:
 CPUs: 12 total, 12 available
 Memory: 8008M
 Large Page Support: Disabled
 NUMA Support: Disabled
 Compressed Oops: Enabled (32-bit)
 Alignments: Space 512K, Generation 512K, Heap 2M
 Heap Min Capacity: 100M
 Heap Initial Capacity: 100M
 Heap Max Capacity: 1G
 Pre-touch: Disabled
 Parallel Workers: 10
Heap:
 PSYoungGen      total 23040K, used 6015K [0x00000000eab00000, 0x00000000ec800000, 0x0000000100000000)
  eden space 21504K, 20% used [0x00000000eab00000,0x00000000eaf63ea8,0x00000000ec000000)
  from space 1536K, 98% used [0x00000000ec400000,0x00000000ec57c030,0x00000000ec580000)
  to   space 4096K, 0% used [0x00000000ec000000,0x00000000ec000000,0x00000000ec400000)
 ParOldGen       total 68608K, used 35507K [0x00000000c0000000, 0x00000000c4300000, 0x00000000eab00000)
  object space 68608K, 51% used [0x00000000c0000000,0x00000000c22acfd0,0x00000000c4300000)
 Metaspace       used 50427K, committed 51200K, reserved 1114112K
  class space    used 5108K, committed 5440K, reserved 1048576K
GC Heap History (20 events):
Event: 13.623 GC heap before
{Heap before GC invocations=17 (full 2):
 PSYoungGen      total 24576K, used 24128K [0x00000000eab00000, 0x00000000ec680000, 0x0000000100000000)
  eden space 21504K, 100% used [0x00000000eab00000,0x00000000ec000000,0x00000000ec000000)
  from space 3072K, 85% used [0x00000000ec380000,0x00000000ec610010,0x00000000ec680000)
  to   space 3072K, 0% used [0x00000000ec080000,0x00000000ec080000,0x00000000ec380000)
 ParOldGen       total 68608K, used 21249K [0x00000000c0000000, 0x00000000c4300000, 0x00000000eab00000)
  object space 68608K, 30% used [0x00000000c0000000,0x00000000c14c0598,0x00000000c4300000)
 Metaspace       used 38371K, committed 39104K, reserved 1114112K
  class space    used 3875K, committed 4160K, reserved 1048576K
}
Event: 13.630 GC heap after
{Heap after GC invocations=17 (full 2):
 PSYoungGen      total 24576K, used 3062K [0x00000000eab00000, 0x00000000ece00000, 0x0000000100000000)
  eden space 21504K, 0% used [0x00000000eab00000,0x00000000eab00000,0x00000000ec000000)
  from space 3072K, 99% used [0x00000000ec080000,0x00000000ec37d9a0,0x00000000ec380000)
  to   space 7168K, 0% used [0x00000000ec700000,0x00000000ec700000,0x00000000ece00000)
 ParOldGen       total 68608K, used 24393K [0x00000000c0000000, 0x00000000c4300000, 0x00000000eab00000)
  object space 68608K, 35% used [0x00000000c0000000,0x00000000c17d25a8,0x00000000c4300000)
 Metaspace       used 38371K, committed 39104K, reserved 1114112K
  class space    used 3875K, committed 4160K, reserved 1048576K
}
Event: 14.900 GC heap before
{Heap before GC invocations=18 (full 2):
 PSYoungGen      total 24576K, used 24564K [0x00000000eab00000, 0x00000000ece00000, 0x0000000100000000)
  eden space 21504K, 99% used [0x00000000eab00000,0x00000000ebfffa40,0x00000000ec000000)
  from space 3072K, 99% used [0x00000000ec080000,0x00000000ec37d9a0,0x00000000ec380000)
  to   space 7168K, 0% used [0x00000000ec700000,0x00000000ec700000,0x00000000ece00000)
 ParOldGen       total 68608K, used 24393K [0x00000000c0000000, 0x00000000c4300000, 0x00000000eab00000)
  object space 68608K, 35% used [0x00000000c0000000,0x00000000c17d25a8,0x00000000c4300000)
 Metaspace       used 40761K, committed 41472K, reserved 1114112K
  class space    used 4123K, committed 4416K, reserved 1048576K
}
Event: 14.914 GC heap after
{Heap after GC invocations=18 (full 2):
 PSYoungGen      total 24064K, used 2365K [0x00000000eab00000, 0x00000000ec980000, 0x0000000100000000)
  eden space 21504K, 0% used [0x00000000eab00000,0x00000000eab00000,0x00000000ec000000)
  from space 2560K, 92% used [0x00000000ec700000,0x00000000ec94f588,0x00000000ec980000)
  to   space 4096K, 0% used [0x00000000ec180000,0x00000000ec180000,0x00000000ec580000)
 ParOldGen       total 68608K, used 27526K [0x00000000c0000000, 0x00000000c4300000, 0x00000000eab00000)
  object space 68608K, 40% used [0x00000000c0000000,0x00000000c1ae1be0,0x00000000c4300000)
 Metaspace       used 40761K, committed 41472K, reserved 1114112K
  class space    used 4123K, committed 4416K, reserved 1048576K
}
Event: 17.150 GC heap before
{Heap before GC invocations=19 (full 2):
 PSYoungGen      total 24064K, used 23869K [0x00000000eab00000, 0x00000000ec980000, 0x0000000100000000)
  eden space 21504K, 100% used [0x00000000eab00000,0x00000000ec000000,0x00000000ec000000)
  from space 2560K, 92% used [0x00000000ec700000,0x00000000ec94f588,0x00000000ec980000)
  to   space 4096K, 0% used [0x00000000ec180000,0x00000000ec180000,0x00000000ec580000)
 ParOldGen       total 68608K, used 27526K [0x00000000c0000000, 0x00000000c4300000, 0x00000000eab00000)
  object space 68608K, 40% used [0x00000000c0000000,0x00000000c1ae1be0,0x00000000c4300000)
 Metaspace       used 41641K, committed 42368K, reserved 1114112K
  class space    used 4239K, committed 4544K, reserved 1048576K
}
Event: 17.153 GC heap after
{Heap after GC invocations=19 (full 2):
 PSYoungGen      total 25600K, used 512K [0x00000000eab00000, 0x00000000ec780000, 0x0000000100000000)
  eden space 21504K, 0% used [0x00000000eab00000,0x00000000eab00000,0x00000000ec000000)
  from space 4096K, 12% used [0x00000000ec180000,0x00000000ec200010,0x00000000ec580000)
  to   space 1536K, 0% used [0x00000000ec600000,0x00000000ec600000,0x00000000ec780000)
 ParOldGen       total 68608K, used 29689K [0x00000000c0000000, 0x00000000c4300000, 0x00000000eab00000)
  object space 68608K, 43% used [0x00000000c0000000,0x00000000c1cfe708,0x00000000c4300000)
 Metaspace       used 41641K, committed 42368K, reserved 1114112K
  class space    used 4239K, committed 4544K, reserved 1048576K
}
Event: 17.954 GC heap before
{Heap before GC invocations=20 (full 2):
 PSYoungGen      total 25600K, used 22016K [0x00000000eab00000, 0x00000000ec780000, 0x0000000100000000)
  eden space 21504K, 100% used [0x00000000eab00000,0x00000000ec000000,0x00000000ec000000)
  from space 4096K, 12% used [0x00000000ec180000,0x00000000ec200010,0x00000000ec580000)
  to   space 1536K, 0% used [0x00000000ec600000,0x00000000ec600000,0x00000000ec780000)
 ParOldGen       total 68608K, used 29689K [0x00000000c0000000, 0x00000000c4300000, 0x00000000eab00000)
  object space 68608K, 43% used [0x00000000c0000000,0x00000000c1cfe708,0x00000000c4300000)
 Metaspace       used 42560K, committed 43264K, reserved 1114112K
  class space    used 4312K, committed 4608K, reserved 1048576K
}
Event: 17.961 GC heap after
{Heap after GC invocations=20 (full 2):
 PSYoungGen      total 23040K, used 1514K [0x00000000eab00000, 0x00000000ec780000, 0x0000000100000000)
  eden space 21504K, 0% used [0x00000000eab00000,0x00000000eab00000,0x00000000ec000000)
  from space 1536K, 98% used [0x00000000ec600000,0x00000000ec77a810,0x00000000ec780000)
  to   space 2560K, 0% used [0x00000000ec280000,0x00000000ec280000,0x00000000ec500000)
 ParOldGen       total 68608K, used 30113K [0x00000000c0000000, 0x00000000c4300000, 0x00000000eab00000)
  object space 68608K, 43% used [0x00000000c0000000,0x00000000c1d68530,0x00000000c4300000)
 Metaspace       used 42560K, committed 43264K, reserved 1114112K
  class space    used 4312K, committed 4608K, reserved 1048576K
}
Event: 18.221 GC heap before
{Heap before GC invocations=21 (full 2):
 PSYoungGen      total 23040K, used 22982K [0x00000000eab00000, 0x00000000ec780000, 0x0000000100000000)
  eden space 21504K, 99% used [0x00000000eab00000,0x00000000ebff72d8,0x00000000ec000000)
  from space 1536K, 98% used [0x00000000ec600000,0x00000000ec77a810,0x00000000ec780000)
  to   space 2560K, 0% used [0x00000000ec280000,0x00000000ec280000,0x00000000ec500000)
 ParOldGen       total 68608K, used 30113K [0x00000000c0000000, 0x00000000c4300000, 0x00000000eab00000)
  object space 68608K, 43% used [0x00000000c0000000,0x00000000c1d68530,0x00000000c4300000)
 Metaspace       used 42576K, committed 43264K, reserved 1114112K
  class space    used 4312K, committed 4608K, reserved 1048576K
}
Event: 18.252 GC heap after
{Heap after GC invocations=21 (full 2):
 PSYoungGen      total 24064K, used 293K [0x00000000eab00000, 0x00000000ec680000, 0x0000000100000000)
  eden space 21504K, 0% used [0x00000000eab00000,0x00000000eab00000,0x00000000ec000000)
  from space 2560K, 11% used [0x00000000ec280000,0x00000000ec2c95f8,0x00000000ec500000)
  to   space 1024K, 0% used [0x00000000ec580000,0x00000000ec580000,0x00000000ec680000)
 ParOldGen       total 68608K, used 30616K [0x00000000c0000000, 0x00000000c4300000, 0x00000000eab00000)
  object space 68608K, 44% used [0x00000000c0000000,0x00000000c1de6358,0x00000000c4300000)
 Metaspace       used 42576K, committed 43264K, reserved 1114112K
  class space    used 4312K, committed 4608K, reserved 1048576K
}
Event: 18.948 GC heap before
{Heap before GC invocations=22 (full 2):
 PSYoungGen      total 24064K, used 21797K [0x00000000eab00000, 0x00000000ec680000, 0x0000000100000000)
  eden space 21504K, 100% used [0x00000000eab00000,0x00000000ec000000,0x00000000ec000000)
  from space 2560K, 11% used [0x00000000ec280000,0x00000000ec2c95f8,0x00000000ec500000)
  to   space 1024K, 0% used [0x00000000ec580000,0x00000000ec580000,0x00000000ec680000)
 ParOldGen       total 68608K, used 30616K [0x00000000c0000000, 0x00000000c4300000, 0x00000000eab00000)
  object space 68608K, 44% used [0x00000000c0000000,0x00000000c1de6358,0x00000000c4300000)
 Metaspace       used 44684K, committed 45440K, reserved 1114112K
  class space    used 4543K, committed 4864K, reserved 1048576K
}
Event: 18.955 GC heap after
{Heap after GC invocations=22 (full 2):
 PSYoungGen      total 22528K, used 1024K [0x00000000eab00000, 0x00000000ec680000, 0x0000000100000000)
  eden space 21504K, 0% used [0x00000000eab00000,0x00000000eab00000,0x00000000ec000000)
  from space 1024K, 100% used [0x00000000ec580000,0x00000000ec680000,0x00000000ec680000)
  to   space 1536K, 0% used [0x00000000ec380000,0x00000000ec380000,0x00000000ec500000)
 ParOldGen       total 68608K, used 30656K [0x00000000c0000000, 0x00000000c4300000, 0x00000000eab00000)
  object space 68608K, 44% used [0x00000000c0000000,0x00000000c1df0358,0x00000000c4300000)
 Metaspace       used 44684K, committed 45440K, reserved 1114112K
  class space    used 4543K, committed 4864K, reserved 1048576K
}
Event: 19.589 GC heap before
{Heap before GC invocations=23 (full 2):
 PSYoungGen      total 22528K, used 22528K [0x00000000eab00000, 0x00000000ec680000, 0x0000000100000000)
  eden space 21504K, 100% used [0x00000000eab00000,0x00000000ec000000,0x00000000ec000000)
  from space 1024K, 100% used [0x00000000ec580000,0x00000000ec680000,0x00000000ec680000)
  to   space 1536K, 0% used [0x00000000ec380000,0x00000000ec380000,0x00000000ec500000)
 ParOldGen       total 68608K, used 30656K [0x00000000c0000000, 0x00000000c4300000, 0x00000000eab00000)
  object space 68608K, 44% used [0x00000000c0000000,0x00000000c1df0358,0x00000000c4300000)
 Metaspace       used 45308K, committed 46016K, reserved 1114112K
  class space    used 4600K, committed 4928K, reserved 1048576K
}
Event: 19.592 GC heap after
{Heap after GC invocations=23 (full 2):
 PSYoungGen      total 23040K, used 416K [0x00000000eab00000, 0x00000000ec600000, 0x0000000100000000)
  eden space 21504K, 0% used [0x00000000eab00000,0x00000000eab00000,0x00000000ec000000)
  from space 1536K, 27% used [0x00000000ec380000,0x00000000ec3e8000,0x00000000ec500000)
  to   space 1024K, 0% used [0x00000000ec500000,0x00000000ec500000,0x00000000ec600000)
 ParOldGen       total 68608K, used 31505K [0x00000000c0000000, 0x00000000c4300000, 0x00000000eab00000)
  object space 68608K, 45% used [0x00000000c0000000,0x00000000c1ec4438,0x00000000c4300000)
 Metaspace       used 45308K, committed 46016K, reserved 1114112K
  class space    used 4600K, committed 4928K, reserved 1048576K
}
Event: 21.070 GC heap before
{Heap before GC invocations=24 (full 2):
 PSYoungGen      total 23040K, used 21920K [0x00000000eab00000, 0x00000000ec600000, 0x0000000100000000)
  eden space 21504K, 100% used [0x00000000eab00000,0x00000000ec000000,0x00000000ec000000)
  from space 1536K, 27% used [0x00000000ec380000,0x00000000ec3e8000,0x00000000ec500000)
  to   space 1024K, 0% used [0x00000000ec500000,0x00000000ec500000,0x00000000ec600000)
 ParOldGen       total 68608K, used 31505K [0x00000000c0000000, 0x00000000c4300000, 0x00000000eab00000)
  object space 68608K, 45% used [0x00000000c0000000,0x00000000c1ec4438,0x00000000c4300000)
 Metaspace       used 47895K, committed 48704K, reserved 1114112K
  class space    used 4897K, committed 5248K, reserved 1048576K
}
Event: 21.078 GC heap after
{Heap after GC invocations=24 (full 2):
 PSYoungGen      total 22528K, used 992K [0x00000000eab00000, 0x00000000ec600000, 0x0000000100000000)
  eden space 21504K, 0% used [0x00000000eab00000,0x00000000eab00000,0x00000000ec000000)
  from space 1024K, 96% used [0x00000000ec500000,0x00000000ec5f8040,0x00000000ec600000)
  to   space 2560K, 0% used [0x00000000ec100000,0x00000000ec100000,0x00000000ec380000)
 ParOldGen       total 68608K, used 32631K [0x00000000c0000000, 0x00000000c4300000, 0x00000000eab00000)
  object space 68608K, 47% used [0x00000000c0000000,0x00000000c1fddf58,0x00000000c4300000)
 Metaspace       used 47895K, committed 48704K, reserved 1114112K
  class space    used 4897K, committed 5248K, reserved 1048576K
}
Event: 22.503 GC heap before
{Heap before GC invocations=25 (full 2):
 PSYoungGen      total 22528K, used 22496K [0x00000000eab00000, 0x00000000ec600000, 0x0000000100000000)
  eden space 21504K, 100% used [0x00000000eab00000,0x00000000ec000000,0x00000000ec000000)
  from space 1024K, 96% used [0x00000000ec500000,0x00000000ec5f8040,0x00000000ec600000)
  to   space 2560K, 0% used [0x00000000ec100000,0x00000000ec100000,0x00000000ec380000)
 ParOldGen       total 68608K, used 32631K [0x00000000c0000000, 0x00000000c4300000, 0x00000000eab00000)
  object space 68608K, 47% used [0x00000000c0000000,0x00000000c1fddf58,0x00000000c4300000)
 Metaspace       used 48951K, committed 49728K, reserved 1114112K
  class space    used 4990K, committed 5312K, reserved 1048576K
}
Event: 22.507 GC heap after
{Heap after GC invocations=25 (full 2):
 PSYoungGen      total 24064K, used 1152K [0x00000000eab00000, 0x00000000ec580000, 0x0000000100000000)
  eden space 21504K, 0% used [0x00000000eab00000,0x00000000eab00000,0x00000000ec000000)
  from space 2560K, 45% used [0x00000000ec100000,0x00000000ec220118,0x00000000ec380000)
  to   space 1536K, 0% used [0x00000000ec400000,0x00000000ec400000,0x00000000ec580000)
 ParOldGen       total 68608K, used 33622K [0x00000000c0000000, 0x00000000c4300000, 0x00000000eab00000)
  object space 68608K, 49% used [0x00000000c0000000,0x00000000c20d5a00,0x00000000c4300000)
 Metaspace       used 48951K, committed 49728K, reserved 1114112K
  class space    used 4990K, committed 5312K, reserved 1048576K
}
Event: 23.589 GC heap before
{Heap before GC invocations=26 (full 2):
 PSYoungGen      total 24064K, used 22656K [0x00000000eab00000, 0x00000000ec580000, 0x0000000100000000)
  eden space 21504K, 100% used [0x00000000eab00000,0x00000000ec000000,0x00000000ec000000)
  from space 2560K, 45% used [0x00000000ec100000,0x00000000ec220118,0x00000000ec380000)
  to   space 1536K, 0% used [0x00000000ec400000,0x00000000ec400000,0x00000000ec580000)
 ParOldGen       total 68608K, used 33622K [0x00000000c0000000, 0x00000000c4300000, 0x00000000eab00000)
  object space 68608K, 49% used [0x00000000c0000000,0x00000000c20d5a00,0x00000000c4300000)
 Metaspace       used 50289K, committed 51136K, reserved 1114112K
  class space    used 5100K, committed 5440K, reserved 1048576K
}
Event: 23.593 GC heap after
{Heap after GC invocations=26 (full 2):
 PSYoungGen      total 23040K, used 1520K [0x00000000eab00000, 0x00000000ec800000, 0x0000000100000000)
  eden space 21504K, 0% used [0x00000000eab00000,0x00000000eab00000,0x00000000ec000000)
  from space 1536K, 98% used [0x00000000ec400000,0x00000000ec57c030,0x00000000ec580000)
  to   space 4096K, 0% used [0x00000000ec000000,0x00000000ec000000,0x00000000ec400000)
 ParOldGen       total 68608K, used 35507K [0x00000000c0000000, 0x00000000c4300000, 0x00000000eab00000)
  object space 68608K, 51% used [0x00000000c0000000,0x00000000c22acfd0,0x00000000c4300000)
 Metaspace       used 50289K, committed 51136K, reserved 1114112K
  class space    used 5100K, committed 5440K, reserved 1048576K
}

