# JRE version: OpenJDK Runtime Environment Temurin-17.0.10+7 (17.0.10+7) (build 17.0.10+7)
# Java VM: OpenJDK 64-Bit Server VM Temurin-17.0.10+7 (17.0.10+7, mixed mode, tiered, compressed oops, compressed class ptrs, parallel gc, windows-amd64)
GC Precious Log:
 CPUs: 12 total, 12 available
 Memory: 8008M
 Large Page Support: Disabled
 NUMA Support: Disabled
 Compressed Oops: Enabled (32-bit)
 Alignments: Space 512K, Generation 512K, Heap 2M
 Heap Min Capacity: 100M
 Heap Initial Capacity: 100M
 Heap Max Capacity: 1G
 Pre-touch: Disabled
 Parallel Workers: 10
Heap:
 PSYoungGen      total 31744K, used 18022K [0x00000000eab00000, 0x00000000edd00000, 0x0000000100000000)
  eden space 23552K, 41% used [0x00000000eab00000,0x00000000eb49c438,0x00000000ec200000)
  from space 8192K, 99% used [0x00000000ec200000,0x00000000ec9fd760,0x00000000eca00000)
  to   space 13312K, 0% used [0x00000000ed000000,0x00000000ed000000,0x00000000edd00000)
 ParOldGen       total 88064K, used 82296K [0x00000000c0000000, 0x00000000c5600000, 0x00000000eab00000)
  object space 88064K, 93% used [0x00000000c0000000,0x00000000c505e300,0x00000000c5600000)
 Metaspace       used 80876K, committed 82368K, reserved 1179648K
  class space    used 8506K, committed 9152K, reserved 1048576K
GC Heap History (20 events):
Event: 10.701 GC heap before
{Heap before GC invocations=105 (full 8):
 PSYoungGen      total 26112K, used 26104K [0x00000000eab00000, 0x00000000ecc80000, 0x0000000100000000)
  eden space 20992K, 100% used [0x00000000eab00000,0x00000000ebf80000,0x00000000ebf80000)
  from space 5120K, 99% used [0x00000000ebf80000,0x00000000ec47e148,0x00000000ec480000)
  to   space 6144K, 0% used [0x00000000ec680000,0x00000000ec680000,0x00000000ecc80000)
 ParOldGen       total 88064K, used 87211K [0x00000000c0000000, 0x00000000c5600000, 0x00000000eab00000)
  object space 88064K, 99% used [0x00000000c0000000,0x00000000c552ae08,0x00000000c5600000)
 Metaspace       used 79759K, committed 81216K, reserved 1179648K
  class space    used 8421K, committed 9088K, reserved 1048576K
}
Event: 10.705 GC heap after
{Heap after GC invocations=105 (full 8):
 PSYoungGen      total 28160K, used 5593K [0x00000000eab00000, 0x00000000ecc80000, 0x0000000100000000)
  eden space 22016K, 0% used [0x00000000eab00000,0x00000000eab00000,0x00000000ec080000)
  from space 6144K, 91% used [0x00000000ec680000,0x00000000ecbf64e8,0x00000000ecc80000)
  to   space 6144K, 0% used [0x00000000ec080000,0x00000000ec080000,0x00000000ec680000)
 ParOldGen       total 88064K, used 87926K [0x00000000c0000000, 0x00000000c5600000, 0x00000000eab00000)
  object space 88064K, 99% used [0x00000000c0000000,0x00000000c55dd918,0x00000000c5600000)
 Metaspace       used 79759K, committed 81216K, reserved 1179648K
  class space    used 8421K, committed 9088K, reserved 1048576K
}
Event: 10.705 GC heap before
{Heap before GC invocations=106 (full 9):
 PSYoungGen      total 28160K, used 5593K [0x00000000eab00000, 0x00000000ecc80000, 0x0000000100000000)
  eden space 22016K, 0% used [0x00000000eab00000,0x00000000eab00000,0x00000000ec080000)
  from space 6144K, 91% used [0x00000000ec680000,0x00000000ecbf64e8,0x00000000ecc80000)
  to   space 6144K, 0% used [0x00000000ec080000,0x00000000ec080000,0x00000000ec680000)
 ParOldGen       total 88064K, used 87926K [0x00000000c0000000, 0x00000000c5600000, 0x00000000eab00000)
  object space 88064K, 99% used [0x00000000c0000000,0x00000000c55dd918,0x00000000c5600000)
 Metaspace       used 79759K, committed 81216K, reserved 1179648K
  class space    used 8421K, committed 9088K, reserved 1048576K
}
Event: 10.811 GC heap after
{Heap after GC invocations=106 (full 9):
 PSYoungGen      total 28160K, used 0K [0x00000000eab00000, 0x00000000ece00000, 0x0000000100000000)
  eden space 22016K, 0% used [0x00000000eab00000,0x00000000eab00000,0x00000000ec080000)
  from space 6144K, 0% used [0x00000000ec080000,0x00000000ec080000,0x00000000ec680000)
  to   space 6144K, 0% used [0x00000000ec800000,0x00000000ec800000,0x00000000ece00000)
 ParOldGen       total 88064K, used 73742K [0x00000000c0000000, 0x00000000c5600000, 0x00000000eab00000)
  object space 88064K, 83% used [0x00000000c0000000,0x00000000c4803b00,0x00000000c5600000)
 Metaspace       used 79759K, committed 81216K, reserved 1179648K
  class space    used 8421K, committed 9088K, reserved 1048576K
}
Event: 10.852 GC heap before
{Heap before GC invocations=107 (full 9):
 PSYoungGen      total 28160K, used 22015K [0x00000000eab00000, 0x00000000ece00000, 0x0000000100000000)
  eden space 22016K, 99% used [0x00000000eab00000,0x00000000ec07ffe0,0x00000000ec080000)
  from space 6144K, 0% used [0x00000000ec080000,0x00000000ec080000,0x00000000ec680000)
  to   space 6144K, 0% used [0x00000000ec800000,0x00000000ec800000,0x00000000ece00000)
 ParOldGen       total 88064K, used 73742K [0x00000000c0000000, 0x00000000c5600000, 0x00000000eab00000)
  object space 88064K, 83% used [0x00000000c0000000,0x00000000c4803b00,0x00000000c5600000)
 Metaspace       used 79769K, committed 81216K, reserved 1179648K
  class space    used 8422K, committed 9088K, reserved 1048576K
}
Event: 10.855 GC heap after
{Heap after GC invocations=107 (full 9):
 PSYoungGen      total 26112K, used 2985K [0x00000000eab00000, 0x00000000ecb00000, 0x0000000100000000)
  eden space 23040K, 0% used [0x00000000eab00000,0x00000000eab00000,0x00000000ec180000)
  from space 3072K, 97% used [0x00000000ec800000,0x00000000ecaea6d0,0x00000000ecb00000)
  to   space 4096K, 0% used [0x00000000ec300000,0x00000000ec300000,0x00000000ec700000)
 ParOldGen       total 88064K, used 73742K [0x00000000c0000000, 0x00000000c5600000, 0x00000000eab00000)
  object space 88064K, 83% used [0x00000000c0000000,0x00000000c4803b00,0x00000000c5600000)
 Metaspace       used 79769K, committed 81216K, reserved 1179648K
  class space    used 8422K, committed 9088K, reserved 1048576K
}
Event: 10.930 GC heap before
{Heap before GC invocations=108 (full 9):
 PSYoungGen      total 26112K, used 26025K [0x00000000eab00000, 0x00000000ecb00000, 0x0000000100000000)
  eden space 23040K, 100% used [0x00000000eab00000,0x00000000ec180000,0x00000000ec180000)
  from space 3072K, 97% used [0x00000000ec800000,0x00000000ecaea6d0,0x00000000ecb00000)
  to   space 4096K, 0% used [0x00000000ec300000,0x00000000ec300000,0x00000000ec700000)
 ParOldGen       total 88064K, used 73742K [0x00000000c0000000, 0x00000000c5600000, 0x00000000eab00000)
  object space 88064K, 83% used [0x00000000c0000000,0x00000000c4803b00,0x00000000c5600000)
 Metaspace       used 79840K, committed 81280K, reserved 1179648K
  class space    used 8425K, committed 9088K, reserved 1048576K
}
Event: 10.932 GC heap after
{Heap after GC invocations=108 (full 9):
 PSYoungGen      total 28160K, used 4075K [0x00000000eab00000, 0x00000000ecd80000, 0x0000000100000000)
  eden space 24064K, 0% used [0x00000000eab00000,0x00000000eab00000,0x00000000ec280000)
  from space 4096K, 99% used [0x00000000ec300000,0x00000000ec6fafb0,0x00000000ec700000)
  to   space 5632K, 0% used [0x00000000ec800000,0x00000000ec800000,0x00000000ecd80000)
 ParOldGen       total 88064K, used 74471K [0x00000000c0000000, 0x00000000c5600000, 0x00000000eab00000)
  object space 88064K, 84% used [0x00000000c0000000,0x00000000c48b9f60,0x00000000c5600000)
 Metaspace       used 79840K, committed 81280K, reserved 1179648K
  class space    used 8425K, committed 9088K, reserved 1048576K
}
Event: 10.983 GC heap before
{Heap before GC invocations=109 (full 9):
 PSYoungGen      total 28160K, used 28139K [0x00000000eab00000, 0x00000000ecd80000, 0x0000000100000000)
  eden space 24064K, 100% used [0x00000000eab00000,0x00000000ec280000,0x00000000ec280000)
  from space 4096K, 99% used [0x00000000ec300000,0x00000000ec6fafb0,0x00000000ec700000)
  to   space 5632K, 0% used [0x00000000ec800000,0x00000000ec800000,0x00000000ecd80000)
 ParOldGen       total 88064K, used 74471K [0x00000000c0000000, 0x00000000c5600000, 0x00000000eab00000)
  object space 88064K, 84% used [0x00000000c0000000,0x00000000c48b9f60,0x00000000c5600000)
 Metaspace       used 79889K, committed 81344K, reserved 1179648K
  class space    used 8428K, committed 9088K, reserved 1048576K
}
Event: 10.989 GC heap after
{Heap after GC invocations=109 (full 9):
 PSYoungGen      total 27136K, used 5609K [0x00000000eab00000, 0x00000000ed400000, 0x0000000100000000)
  eden space 21504K, 0% used [0x00000000eab00000,0x00000000eab00000,0x00000000ec000000)
  from space 5632K, 99% used [0x00000000ec800000,0x00000000ecd7a650,0x00000000ecd80000)
  to   space 8192K, 0% used [0x00000000ec000000,0x00000000ec000000,0x00000000ec800000)
 ParOldGen       total 88064K, used 76431K [0x00000000c0000000, 0x00000000c5600000, 0x00000000eab00000)
  object space 88064K, 86% used [0x00000000c0000000,0x00000000c4aa3f90,0x00000000c5600000)
 Metaspace       used 79889K, committed 81344K, reserved 1179648K
  class space    used 8428K, committed 9088K, reserved 1048576K
}
Event: 11.099 GC heap before
{Heap before GC invocations=110 (full 9):
 PSYoungGen      total 27136K, used 27113K [0x00000000eab00000, 0x00000000ed400000, 0x0000000100000000)
  eden space 21504K, 100% used [0x00000000eab00000,0x00000000ec000000,0x00000000ec000000)
  from space 5632K, 99% used [0x00000000ec800000,0x00000000ecd7a650,0x00000000ecd80000)
  to   space 8192K, 0% used [0x00000000ec000000,0x00000000ec000000,0x00000000ec800000)
 ParOldGen       total 88064K, used 76431K [0x00000000c0000000, 0x00000000c5600000, 0x00000000eab00000)
  object space 88064K, 86% used [0x00000000c0000000,0x00000000c4aa3f90,0x00000000c5600000)
 Metaspace       used 80036K, committed 81472K, reserved 1179648K
  class space    used 8440K, committed 9088K, reserved 1048576K
}
Event: 11.103 GC heap after
{Heap after GC invocations=110 (full 9):
 PSYoungGen      total 27648K, used 6030K [0x00000000eab00000, 0x00000000ece00000, 0x0000000100000000)
  eden space 21504K, 0% used [0x00000000eab00000,0x00000000eab00000,0x00000000ec000000)
  from space 6144K, 98% used [0x00000000ec000000,0x00000000ec5e3b60,0x00000000ec600000)
  to   space 6656K, 0% used [0x00000000ec780000,0x00000000ec780000,0x00000000ece00000)
 ParOldGen       total 88064K, used 76439K [0x00000000c0000000, 0x00000000c5600000, 0x00000000eab00000)
  object space 88064K, 86% used [0x00000000c0000000,0x00000000c4aa5f90,0x00000000c5600000)
 Metaspace       used 80036K, committed 81472K, reserved 1179648K
  class space    used 8440K, committed 9088K, reserved 1048576K
}
Event: 11.309 GC heap before
{Heap before GC invocations=111 (full 9):
 PSYoungGen      total 27648K, used 27534K [0x00000000eab00000, 0x00000000ece00000, 0x0000000100000000)
  eden space 21504K, 100% used [0x00000000eab00000,0x00000000ec000000,0x00000000ec000000)
  from space 6144K, 98% used [0x00000000ec000000,0x00000000ec5e3b60,0x00000000ec600000)
  to   space 6656K, 0% used [0x00000000ec780000,0x00000000ec780000,0x00000000ece00000)
 ParOldGen       total 88064K, used 76439K [0x00000000c0000000, 0x00000000c5600000, 0x00000000eab00000)
  object space 88064K, 86% used [0x00000000c0000000,0x00000000c4aa5f90,0x00000000c5600000)
 Metaspace       used 80420K, committed 81856K, reserved 1179648K
  class space    used 8470K, committed 9088K, reserved 1048576K
}
Event: 11.313 GC heap after
{Heap after GC invocations=111 (full 9):
 PSYoungGen      total 29184K, used 6440K [0x00000000eab00000, 0x00000000ece00000, 0x0000000100000000)
  eden space 22528K, 0% used [0x00000000eab00000,0x00000000eab00000,0x00000000ec100000)
  from space 6656K, 96% used [0x00000000ec780000,0x00000000ecdca220,0x00000000ece00000)
  to   space 6656K, 0% used [0x00000000ec100000,0x00000000ec100000,0x00000000ec780000)
 ParOldGen       total 88064K, used 76447K [0x00000000c0000000, 0x00000000c5600000, 0x00000000eab00000)
  object space 88064K, 86% used [0x00000000c0000000,0x00000000c4aa7f90,0x00000000c5600000)
 Metaspace       used 80420K, committed 81856K, reserved 1179648K
  class space    used 8470K, committed 9088K, reserved 1048576K
}
Event: 11.446 GC heap before
{Heap before GC invocations=112 (full 9):
 PSYoungGen      total 29184K, used 28968K [0x00000000eab00000, 0x00000000ece00000, 0x0000000100000000)
  eden space 22528K, 100% used [0x00000000eab00000,0x00000000ec100000,0x00000000ec100000)
  from space 6656K, 96% used [0x00000000ec780000,0x00000000ecdca220,0x00000000ece00000)
  to   space 6656K, 0% used [0x00000000ec100000,0x00000000ec100000,0x00000000ec780000)
 ParOldGen       total 88064K, used 76447K [0x00000000c0000000, 0x00000000c5600000, 0x00000000eab00000)
  object space 88064K, 86% used [0x00000000c0000000,0x00000000c4aa7f90,0x00000000c5600000)
 Metaspace       used 80494K, committed 81984K, reserved 1179648K
  class space    used 8483K, committed 9152K, reserved 1048576K
}
Event: 11.451 GC heap after
{Heap after GC invocations=112 (full 9):
 PSYoungGen      total 29184K, used 6636K [0x00000000eab00000, 0x00000000ed200000, 0x0000000100000000)
  eden space 22528K, 0% used [0x00000000eab00000,0x00000000eab00000,0x00000000ec100000)
  from space 6656K, 99% used [0x00000000ec100000,0x00000000ec77b378,0x00000000ec780000)
  to   space 8192K, 0% used [0x00000000eca00000,0x00000000eca00000,0x00000000ed200000)
 ParOldGen       total 88064K, used 77316K [0x00000000c0000000, 0x00000000c5600000, 0x00000000eab00000)
  object space 88064K, 87% used [0x00000000c0000000,0x00000000c4b81268,0x00000000c5600000)
 Metaspace       used 80494K, committed 81984K, reserved 1179648K
  class space    used 8483K, committed 9152K, reserved 1048576K
}
Event: 11.540 GC heap before
{Heap before GC invocations=113 (full 9):
 PSYoungGen      total 29184K, used 29164K [0x00000000eab00000, 0x00000000ed200000, 0x0000000100000000)
  eden space 22528K, 100% used [0x00000000eab00000,0x00000000ec100000,0x00000000ec100000)
  from space 6656K, 99% used [0x00000000ec100000,0x00000000ec77b378,0x00000000ec780000)
  to   space 8192K, 0% used [0x00000000eca00000,0x00000000eca00000,0x00000000ed200000)
 ParOldGen       total 88064K, used 77316K [0x00000000c0000000, 0x00000000c5600000, 0x00000000eab00000)
  object space 88064K, 87% used [0x00000000c0000000,0x00000000c4b81268,0x00000000c5600000)
 Metaspace       used 80688K, committed 82176K, reserved 1179648K
  class space    used 8496K, committed 9152K, reserved 1048576K
}
Event: 11.545 GC heap after
{Heap after GC invocations=113 (full 9):
 PSYoungGen      total 31744K, used 8015K [0x00000000eab00000, 0x00000000ed200000, 0x0000000100000000)
  eden space 23552K, 0% used [0x00000000eab00000,0x00000000eab00000,0x00000000ec200000)
  from space 8192K, 97% used [0x00000000eca00000,0x00000000ed1d3e98,0x00000000ed200000)
  to   space 8192K, 0% used [0x00000000ec200000,0x00000000ec200000,0x00000000eca00000)
 ParOldGen       total 88064K, used 78107K [0x00000000c0000000, 0x00000000c5600000, 0x00000000eab00000)
  object space 88064K, 88% used [0x00000000c0000000,0x00000000c4c46e60,0x00000000c5600000)
 Metaspace       used 80688K, committed 82176K, reserved 1179648K
  class space    used 8496K, committed 9152K, reserved 1048576K
}
Event: 11.727 GC heap before
{Heap before GC invocations=114 (full 9):
 PSYoungGen      total 31744K, used 31567K [0x00000000eab00000, 0x00000000ed200000, 0x0000000100000000)
  eden space 23552K, 100% used [0x00000000eab00000,0x00000000ec200000,0x00000000ec200000)
  from space 8192K, 97% used [0x00000000eca00000,0x00000000ed1d3e98,0x00000000ed200000)
  to   space 8192K, 0% used [0x00000000ec200000,0x00000000ec200000,0x00000000eca00000)
 ParOldGen       total 88064K, used 78107K [0x00000000c0000000, 0x00000000c5600000, 0x00000000eab00000)
  object space 88064K, 88% used [0x00000000c0000000,0x00000000c4c46e60,0x00000000c5600000)
 Metaspace       used 80839K, committed 82304K, reserved 1179648K
  class space    used 8506K, committed 9152K, reserved 1048576K
}
Event: 11.734 GC heap after
{Heap after GC invocations=114 (full 9):
 PSYoungGen      total 31744K, used 8181K [0x00000000eab00000, 0x00000000edd00000, 0x0000000100000000)
  eden space 23552K, 0% used [0x00000000eab00000,0x00000000eab00000,0x00000000ec200000)
  from space 8192K, 99% used [0x00000000ec200000,0x00000000ec9fd760,0x00000000eca00000)
  to   space 13312K, 0% used [0x00000000ed000000,0x00000000ed000000,0x00000000edd00000)
 ParOldGen       total 88064K, used 82296K [0x00000000c0000000, 0x00000000c5600000, 0x00000000eab00000)
  object space 88064K, 93% used [0x00000000c0000000,0x00000000c505e300,0x00000000c5600000)
 Metaspace       used 80839K, committed 82304K, reserved 1179648K
  class space    used 8506K, committed 9152K, reserved 1048576K
}

