# JRE version: OpenJDK Runtime Environment Temurin-17.0.10+7 (17.0.10+7) (build 17.0.10+7)
# Java VM: OpenJDK 64-Bit Server VM Temurin-17.0.10+7 (17.0.10+7, mixed mode, tiered, compressed oops, compressed class ptrs, parallel gc, windows-amd64)
GC Precious Log:
 CPUs: 12 total, 12 available
 Memory: 8008M
 Large Page Support: Disabled
 NUMA Support: Disabled
 Compressed Oops: Enabled (32-bit)
 Alignments: Space 512K, Generation 512K, Heap 2M
 Heap Min Capacity: 100M
 Heap Initial Capacity: 100M
 Heap Max Capacity: 1G
 Pre-touch: Disabled
 Parallel Workers: 10
Heap:
 PSYoungGen      total 11776K, used 11776K [0x00000000eab00000, 0x00000000ebb00000, 0x0000000100000000)
  eden space 10240K, 100% used [0x00000000eab00000,0x00000000eb500000,0x00000000eb500000)
  from space 1536K, 100% used [0x00000000eb780000,0x00000000eb900000,0x00000000eb900000)
  to   space 2560K, 1% used [0x00000000eb500000,0x00000000eb510000,0x00000000eb780000)
 ParOldGen       total 87552K, used 69403K [0x00000000c0000000, 0x00000000c5580000, 0x00000000eab00000)
  object space 87552K, 79% used [0x00000000c0000000,0x00000000c43decf0,0x00000000c5580000)
 Metaspace       used 73135K, committed 74368K, reserved 1179648K
  class space    used 7663K, committed 8256K, reserved 1048576K
GC Heap History (20 events):
Event: 33.794 GC heap before
{Heap before GC invocations=130 (full 5):
 PSYoungGen      total 11776K, used 11616K [0x00000000eab00000, 0x00000000eb780000, 0x0000000100000000)
  eden space 11264K, 100% used [0x00000000eab00000,0x00000000eb600000,0x00000000eb600000)
  from space 512K, 68% used [0x00000000eb700000,0x00000000eb758000,0x00000000eb780000)
  to   space 512K, 0% used [0x00000000eb680000,0x00000000eb680000,0x00000000eb700000)
 ParOldGen       total 87552K, used 63821K [0x00000000c0000000, 0x00000000c5580000, 0x00000000eab00000)
  object space 87552K, 72% used [0x00000000c0000000,0x00000000c3e537f0,0x00000000c5580000)
 Metaspace       used 70875K, committed 72256K, reserved 1114112K
  class space    used 7475K, committed 8128K, reserved 1048576K
}
Event: 33.797 GC heap after
{Heap after GC invocations=130 (full 5):
 PSYoungGen      total 11776K, used 352K [0x00000000eab00000, 0x00000000eb780000, 0x0000000100000000)
  eden space 11264K, 0% used [0x00000000eab00000,0x00000000eab00000,0x00000000eb600000)
  from space 512K, 68% used [0x00000000eb680000,0x00000000eb6d8000,0x00000000eb700000)
  to   space 512K, 0% used [0x00000000eb700000,0x00000000eb700000,0x00000000eb780000)
 ParOldGen       total 87552K, used 64053K [0x00000000c0000000, 0x00000000c5580000, 0x00000000eab00000)
  object space 87552K, 73% used [0x00000000c0000000,0x00000000c3e8d7f0,0x00000000c5580000)
 Metaspace       used 70875K, committed 72256K, reserved 1114112K
  class space    used 7475K, committed 8128K, reserved 1048576K
}
Event: 33.833 GC heap before
{Heap before GC invocations=131 (full 5):
 PSYoungGen      total 11776K, used 11616K [0x00000000eab00000, 0x00000000eb780000, 0x0000000100000000)
  eden space 11264K, 100% used [0x00000000eab00000,0x00000000eb600000,0x00000000eb600000)
  from space 512K, 68% used [0x00000000eb680000,0x00000000eb6d8000,0x00000000eb700000)
  to   space 512K, 0% used [0x00000000eb700000,0x00000000eb700000,0x00000000eb780000)
 ParOldGen       total 87552K, used 64053K [0x00000000c0000000, 0x00000000c5580000, 0x00000000eab00000)
  object space 87552K, 73% used [0x00000000c0000000,0x00000000c3e8d7f0,0x00000000c5580000)
 Metaspace       used 70925K, committed 72320K, reserved 1114112K
  class space    used 7480K, committed 8128K, reserved 1048576K
}
Event: 33.835 GC heap after
{Heap after GC invocations=131 (full 5):
 PSYoungGen      total 11776K, used 416K [0x00000000eab00000, 0x00000000eb780000, 0x0000000100000000)
  eden space 11264K, 0% used [0x00000000eab00000,0x00000000eab00000,0x00000000eb600000)
  from space 512K, 81% used [0x00000000eb700000,0x00000000eb768000,0x00000000eb780000)
  to   space 512K, 0% used [0x00000000eb680000,0x00000000eb680000,0x00000000eb700000)
 ParOldGen       total 87552K, used 64314K [0x00000000c0000000, 0x00000000c5580000, 0x00000000eab00000)
  object space 87552K, 73% used [0x00000000c0000000,0x00000000c3ece800,0x00000000c5580000)
 Metaspace       used 70925K, committed 72320K, reserved 1114112K
  class space    used 7480K, committed 8128K, reserved 1048576K
}
Event: 33.930 GC heap before
{Heap before GC invocations=132 (full 5):
 PSYoungGen      total 11776K, used 11679K [0x00000000eab00000, 0x00000000eb780000, 0x0000000100000000)
  eden space 11264K, 99% used [0x00000000eab00000,0x00000000eb5ffc88,0x00000000eb600000)
  from space 512K, 81% used [0x00000000eb700000,0x00000000eb768000,0x00000000eb780000)
  to   space 512K, 0% used [0x00000000eb680000,0x00000000eb680000,0x00000000eb700000)
 ParOldGen       total 87552K, used 64314K [0x00000000c0000000, 0x00000000c5580000, 0x00000000eab00000)
  object space 87552K, 73% used [0x00000000c0000000,0x00000000c3ece800,0x00000000c5580000)
 Metaspace       used 71128K, committed 72448K, reserved 1114112K
  class space    used 7515K, committed 8128K, reserved 1048576K
}
Event: 33.934 GC heap after
{Heap after GC invocations=132 (full 5):
 PSYoungGen      total 11776K, used 512K [0x00000000eab00000, 0x00000000eb900000, 0x0000000100000000)
  eden space 11264K, 0% used [0x00000000eab00000,0x00000000eab00000,0x00000000eb600000)
  from space 512K, 100% used [0x00000000eb680000,0x00000000eb700000,0x00000000eb700000)
  to   space 1536K, 0% used [0x00000000eb780000,0x00000000eb780000,0x00000000eb900000)
 ParOldGen       total 87552K, used 64998K [0x00000000c0000000, 0x00000000c5580000, 0x00000000eab00000)
  object space 87552K, 74% used [0x00000000c0000000,0x00000000c3f79840,0x00000000c5580000)
 Metaspace       used 71128K, committed 72448K, reserved 1114112K
  class space    used 7515K, committed 8128K, reserved 1048576K
}
Event: 34.111 GC heap before
{Heap before GC invocations=133 (full 5):
 PSYoungGen      total 11776K, used 11776K [0x00000000eab00000, 0x00000000eb900000, 0x0000000100000000)
  eden space 11264K, 100% used [0x00000000eab00000,0x00000000eb600000,0x00000000eb600000)
  from space 512K, 100% used [0x00000000eb680000,0x00000000eb700000,0x00000000eb700000)
  to   space 1536K, 0% used [0x00000000eb780000,0x00000000eb780000,0x00000000eb900000)
 ParOldGen       total 87552K, used 64998K [0x00000000c0000000, 0x00000000c5580000, 0x00000000eab00000)
  object space 87552K, 74% used [0x00000000c0000000,0x00000000c3f79840,0x00000000c5580000)
 Metaspace       used 71486K, committed 72768K, reserved 1114112K
  class space    used 7543K, committed 8128K, reserved 1048576K
}
Event: 34.114 GC heap after
{Heap after GC invocations=133 (full 5):
 PSYoungGen      total 12288K, used 736K [0x00000000eab00000, 0x00000000eb880000, 0x0000000100000000)
  eden space 11264K, 0% used [0x00000000eab00000,0x00000000eab00000,0x00000000eb600000)
  from space 1024K, 71% used [0x00000000eb780000,0x00000000eb838000,0x00000000eb880000)
  to   space 1024K, 0% used [0x00000000eb680000,0x00000000eb680000,0x00000000eb780000)
 ParOldGen       total 87552K, used 65467K [0x00000000c0000000, 0x00000000c5580000, 0x00000000eab00000)
  object space 87552K, 74% used [0x00000000c0000000,0x00000000c3feecd8,0x00000000c5580000)
 Metaspace       used 71486K, committed 72768K, reserved 1114112K
  class space    used 7543K, committed 8128K, reserved 1048576K
}
Event: 34.449 GC heap before
{Heap before GC invocations=134 (full 5):
 PSYoungGen      total 12288K, used 12000K [0x00000000eab00000, 0x00000000eb880000, 0x0000000100000000)
  eden space 11264K, 100% used [0x00000000eab00000,0x00000000eb600000,0x00000000eb600000)
  from space 1024K, 71% used [0x00000000eb780000,0x00000000eb838000,0x00000000eb880000)
  to   space 1024K, 0% used [0x00000000eb680000,0x00000000eb680000,0x00000000eb780000)
 ParOldGen       total 87552K, used 65467K [0x00000000c0000000, 0x00000000c5580000, 0x00000000eab00000)
  object space 87552K, 74% used [0x00000000c0000000,0x00000000c3feecd8,0x00000000c5580000)
 Metaspace       used 71715K, committed 73024K, reserved 1114112K
  class space    used 7569K, committed 8192K, reserved 1048576K
}
Event: 34.454 GC heap after
{Heap after GC invocations=134 (full 5):
 PSYoungGen      total 12288K, used 1024K [0x00000000eab00000, 0x00000000eba00000, 0x0000000100000000)
  eden space 11264K, 0% used [0x00000000eab00000,0x00000000eab00000,0x00000000eb600000)
  from space 1024K, 100% used [0x00000000eb680000,0x00000000eb780000,0x00000000eb780000)
  to   space 2048K, 0% used [0x00000000eb800000,0x00000000eb800000,0x00000000eba00000)
 ParOldGen       total 87552K, used 65928K [0x00000000c0000000, 0x00000000c5580000, 0x00000000eab00000)
  object space 87552K, 75% used [0x00000000c0000000,0x00000000c40622d8,0x00000000c5580000)
 Metaspace       used 71715K, committed 73024K, reserved 1114112K
  class space    used 7569K, committed 8192K, reserved 1048576K
}
Event: 34.731 GC heap before
{Heap before GC invocations=135 (full 5):
 PSYoungGen      total 12288K, used 12288K [0x00000000eab00000, 0x00000000eba00000, 0x0000000100000000)
  eden space 11264K, 100% used [0x00000000eab00000,0x00000000eb600000,0x00000000eb600000)
  from space 1024K, 100% used [0x00000000eb680000,0x00000000eb780000,0x00000000eb780000)
  to   space 2048K, 0% used [0x00000000eb800000,0x00000000eb800000,0x00000000eba00000)
 ParOldGen       total 87552K, used 65928K [0x00000000c0000000, 0x00000000c5580000, 0x00000000eab00000)
  object space 87552K, 75% used [0x00000000c0000000,0x00000000c40622d8,0x00000000c5580000)
 Metaspace       used 71903K, committed 73216K, reserved 1114112K
  class space    used 7587K, committed 8192K, reserved 1048576K
}
Event: 34.737 GC heap after
{Heap after GC invocations=135 (full 5):
 PSYoungGen      total 12288K, used 976K [0x00000000eab00000, 0x00000000eb900000, 0x0000000100000000)
  eden space 11264K, 0% used [0x00000000eab00000,0x00000000eab00000,0x00000000eb600000)
  from space 1024K, 95% used [0x00000000eb800000,0x00000000eb8f4030,0x00000000eb900000)
  to   space 1536K, 0% used [0x00000000eb600000,0x00000000eb600000,0x00000000eb780000)
 ParOldGen       total 87552K, used 66898K [0x00000000c0000000, 0x00000000c5580000, 0x00000000eab00000)
  object space 87552K, 76% used [0x00000000c0000000,0x00000000c4154bc0,0x00000000c5580000)
 Metaspace       used 71903K, committed 73216K, reserved 1114112K
  class space    used 7587K, committed 8192K, reserved 1048576K
}
Event: 34.963 GC heap before
{Heap before GC invocations=136 (full 5):
 PSYoungGen      total 12288K, used 12240K [0x00000000eab00000, 0x00000000eb900000, 0x0000000100000000)
  eden space 11264K, 100% used [0x00000000eab00000,0x00000000eb600000,0x00000000eb600000)
  from space 1024K, 95% used [0x00000000eb800000,0x00000000eb8f4030,0x00000000eb900000)
  to   space 1536K, 0% used [0x00000000eb600000,0x00000000eb600000,0x00000000eb780000)
 ParOldGen       total 87552K, used 66898K [0x00000000c0000000, 0x00000000c5580000, 0x00000000eab00000)
  object space 87552K, 76% used [0x00000000c0000000,0x00000000c4154bc0,0x00000000c5580000)
 Metaspace       used 72031K, committed 73344K, reserved 1114112K
  class space    used 7590K, committed 8192K, reserved 1048576K
}
Event: 34.967 GC heap after
{Heap after GC invocations=136 (full 5):
 PSYoungGen      total 12800K, used 1520K [0x00000000eab00000, 0x00000000eba00000, 0x0000000100000000)
  eden space 11264K, 0% used [0x00000000eab00000,0x00000000eab00000,0x00000000eb600000)
  from space 1536K, 98% used [0x00000000eb600000,0x00000000eb77c030,0x00000000eb780000)
  to   space 2048K, 0% used [0x00000000eb800000,0x00000000eb800000,0x00000000eba00000)
 ParOldGen       total 87552K, used 67227K [0x00000000c0000000, 0x00000000c5580000, 0x00000000eab00000)
  object space 87552K, 76% used [0x00000000c0000000,0x00000000c41a6c00,0x00000000c5580000)
 Metaspace       used 72031K, committed 73344K, reserved 1114112K
  class space    used 7590K, committed 8192K, reserved 1048576K
}
Event: 35.141 GC heap before
{Heap before GC invocations=137 (full 5):
 PSYoungGen      total 12800K, used 12784K [0x00000000eab00000, 0x00000000eba00000, 0x0000000100000000)
  eden space 11264K, 100% used [0x00000000eab00000,0x00000000eb600000,0x00000000eb600000)
  from space 1536K, 98% used [0x00000000eb600000,0x00000000eb77c030,0x00000000eb780000)
  to   space 2048K, 0% used [0x00000000eb800000,0x00000000eb800000,0x00000000eba00000)
 ParOldGen       total 87552K, used 67227K [0x00000000c0000000, 0x00000000c5580000, 0x00000000eab00000)
  object space 87552K, 76% used [0x00000000c0000000,0x00000000c41a6c00,0x00000000c5580000)
 Metaspace       used 72123K, committed 73408K, reserved 1114112K
  class space    used 7594K, committed 8192K, reserved 1048576K
}
Event: 35.147 GC heap after
{Heap after GC invocations=137 (full 5):
 PSYoungGen      total 12288K, used 890K [0x00000000eab00000, 0x00000000eb900000, 0x0000000100000000)
  eden space 11264K, 0% used [0x00000000eab00000,0x00000000eab00000,0x00000000eb600000)
  from space 1024K, 86% used [0x00000000eb800000,0x00000000eb8de920,0x00000000eb900000)
  to   space 1536K, 0% used [0x00000000eb600000,0x00000000eb600000,0x00000000eb780000)
 ParOldGen       total 87552K, used 68783K [0x00000000c0000000, 0x00000000c5580000, 0x00000000eab00000)
  object space 87552K, 78% used [0x00000000c0000000,0x00000000c432bc70,0x00000000c5580000)
 Metaspace       used 72123K, committed 73408K, reserved 1114112K
  class space    used 7594K, committed 8192K, reserved 1048576K
}
Event: 35.324 GC heap before
{Heap before GC invocations=138 (full 5):
 PSYoungGen      total 12288K, used 12154K [0x00000000eab00000, 0x00000000eb900000, 0x0000000100000000)
  eden space 11264K, 100% used [0x00000000eab00000,0x00000000eb600000,0x00000000eb600000)
  from space 1024K, 86% used [0x00000000eb800000,0x00000000eb8de920,0x00000000eb900000)
  to   space 1536K, 0% used [0x00000000eb600000,0x00000000eb600000,0x00000000eb780000)
 ParOldGen       total 87552K, used 68783K [0x00000000c0000000, 0x00000000c5580000, 0x00000000eab00000)
  object space 87552K, 78% used [0x00000000c0000000,0x00000000c432bc70,0x00000000c5580000)
 Metaspace       used 72193K, committed 73472K, reserved 1114112K
  class space    used 7595K, committed 8192K, reserved 1048576K
}
Event: 35.327 GC heap after
{Heap after GC invocations=138 (full 5):
 PSYoungGen      total 12800K, used 1328K [0x00000000eab00000, 0x00000000eb900000, 0x0000000100000000)
  eden space 11264K, 0% used [0x00000000eab00000,0x00000000eab00000,0x00000000eb600000)
  from space 1536K, 86% used [0x00000000eb600000,0x00000000eb74c010,0x00000000eb780000)
  to   space 1536K, 0% used [0x00000000eb780000,0x00000000eb780000,0x00000000eb900000)
 ParOldGen       total 87552K, used 68783K [0x00000000c0000000, 0x00000000c5580000, 0x00000000eab00000)
  object space 87552K, 78% used [0x00000000c0000000,0x00000000c432bc70,0x00000000c5580000)
 Metaspace       used 72193K, committed 73472K, reserved 1114112K
  class space    used 7595K, committed 8192K, reserved 1048576K
}
Event: 35.500 GC heap before
{Heap before GC invocations=139 (full 5):
 PSYoungGen      total 12800K, used 12592K [0x00000000eab00000, 0x00000000eb900000, 0x0000000100000000)
  eden space 11264K, 100% used [0x00000000eab00000,0x00000000eb600000,0x00000000eb600000)
  from space 1536K, 86% used [0x00000000eb600000,0x00000000eb74c010,0x00000000eb780000)
  to   space 1536K, 0% used [0x00000000eb780000,0x00000000eb780000,0x00000000eb900000)
 ParOldGen       total 87552K, used 68783K [0x00000000c0000000, 0x00000000c5580000, 0x00000000eab00000)
  object space 87552K, 78% used [0x00000000c0000000,0x00000000c432bc70,0x00000000c5580000)
 Metaspace       used 72292K, committed 73536K, reserved 1179648K
  class space    used 7595K, committed 8192K, reserved 1048576K
}
Event: 35.506 GC heap after
{Heap after GC invocations=139 (full 5):
 PSYoungGen      total 11776K, used 1536K [0x00000000eab00000, 0x00000000ebb00000, 0x0000000100000000)
  eden space 10240K, 0% used [0x00000000eab00000,0x00000000eab00000,0x00000000eb500000)
  from space 1536K, 100% used [0x00000000eb780000,0x00000000eb900000,0x00000000eb900000)
  to   space 2560K, 0% used [0x00000000eb500000,0x00000000eb500000,0x00000000eb780000)
 ParOldGen       total 87552K, used 69379K [0x00000000c0000000, 0x00000000c5580000, 0x00000000eab00000)
  object space 87552K, 79% used [0x00000000c0000000,0x00000000c43c0cf0,0x00000000c5580000)
 Metaspace       used 72292K, committed 73536K, reserved 1179648K
  class space    used 7595K, committed 8192K, reserved 1048576K
}

