# JRE version: OpenJDK Runtime Environment Temurin-17.0.10+7 (17.0.10+7) (build 17.0.10+7)
# Java VM: OpenJDK 64-Bit Server VM Temurin-17.0.10+7 (17.0.10+7, mixed mode, tiered, compressed oops, compressed class ptrs, parallel gc, windows-amd64)
GC Precious Log:
 CPUs: 12 total, 12 available
 Memory: 8008M
 Large Page Support: Disabled
 NUMA Support: Disabled
 Compressed Oops: Enabled (32-bit)
 Alignments: Space 512K, Generation 512K, Heap 2M
 Heap Min Capacity: 100M
 Heap Initial Capacity: 100M
 Heap Max Capacity: 1G
 Pre-touch: Disabled
 Parallel Workers: 10
Heap:
 PSYoungGen      total 24064K, used 10678K [0x00000000eab00000, 0x00000000ec600000, 0x0000000100000000)
  eden space 22016K, 40% used [0x00000000eab00000,0x00000000eb3a7200,0x00000000ec080000)
  from space 2048K, 88% used [0x00000000ec400000,0x00000000ec5c68d0,0x00000000ec600000)
  to   space 2560K, 0% used [0x00000000ec100000,0x00000000ec100000,0x00000000ec380000)
 ParOldGen       total 68608K, used 37044K [0x00000000c0000000, 0x00000000c4300000, 0x00000000eab00000)
  object space 68608K, 53% used [0x00000000c0000000,0x00000000c242d000,0x00000000c4300000)
 Metaspace       used 50592K, committed 51392K, reserved 1114112K
  class space    used 5070K, committed 5440K, reserved 1048576K
GC Heap History (20 events):
Event: 17.138 GC heap before
{Heap before GC invocations=17 (full 2):
 PSYoungGen      total 25088K, used 24640K [0x00000000eab00000, 0x00000000ec700000, 0x0000000100000000)
  eden space 22016K, 100% used [0x00000000eab00000,0x00000000ec080000,0x00000000ec080000)
  from space 3072K, 85% used [0x00000000ec400000,0x00000000ec690010,0x00000000ec700000)
  to   space 3072K, 0% used [0x00000000ec100000,0x00000000ec100000,0x00000000ec400000)
 ParOldGen       total 68608K, used 21429K [0x00000000c0000000, 0x00000000c4300000, 0x00000000eab00000)
  object space 68608K, 31% used [0x00000000c0000000,0x00000000c14ed488,0x00000000c4300000)
 Metaspace       used 38583K, committed 39360K, reserved 1114112K
  class space    used 3892K, committed 4224K, reserved 1048576K
}
Event: 17.148 GC heap after
{Heap after GC invocations=17 (full 2):
 PSYoungGen      total 25088K, used 3065K [0x00000000eab00000, 0x00000000ed080000, 0x0000000100000000)
  eden space 22016K, 0% used [0x00000000eab00000,0x00000000eab00000,0x00000000ec080000)
  from space 3072K, 99% used [0x00000000ec100000,0x00000000ec3fe470,0x00000000ec400000)
  to   space 8192K, 0% used [0x00000000ec880000,0x00000000ec880000,0x00000000ed080000)
 ParOldGen       total 68608K, used 25481K [0x00000000c0000000, 0x00000000c4300000, 0x00000000eab00000)
  object space 68608K, 37% used [0x00000000c0000000,0x00000000c18e2728,0x00000000c4300000)
 Metaspace       used 38583K, committed 39360K, reserved 1114112K
  class space    used 3892K, committed 4224K, reserved 1048576K
}
Event: 18.367 GC heap before
{Heap before GC invocations=18 (full 2):
 PSYoungGen      total 25088K, used 25081K [0x00000000eab00000, 0x00000000ed080000, 0x0000000100000000)
  eden space 22016K, 100% used [0x00000000eab00000,0x00000000ec080000,0x00000000ec080000)
  from space 3072K, 99% used [0x00000000ec100000,0x00000000ec3fe470,0x00000000ec400000)
  to   space 8192K, 0% used [0x00000000ec880000,0x00000000ec880000,0x00000000ed080000)
 ParOldGen       total 68608K, used 25481K [0x00000000c0000000, 0x00000000c4300000, 0x00000000eab00000)
  object space 68608K, 37% used [0x00000000c0000000,0x00000000c18e2728,0x00000000c4300000)
 Metaspace       used 40895K, committed 41600K, reserved 1114112K
  class space    used 4160K, committed 4480K, reserved 1048576K
}
Event: 18.375 GC heap after
{Heap after GC invocations=18 (full 2):
 PSYoungGen      total 23040K, used 1016K [0x00000000eab00000, 0x00000000ec980000, 0x0000000100000000)
  eden space 22016K, 0% used [0x00000000eab00000,0x00000000eab00000,0x00000000ec080000)
  from space 1024K, 99% used [0x00000000ec880000,0x00000000ec97e228,0x00000000ec980000)
  to   space 3584K, 0% used [0x00000000ec280000,0x00000000ec280000,0x00000000ec600000)
 ParOldGen       total 68608K, used 28272K [0x00000000c0000000, 0x00000000c4300000, 0x00000000eab00000)
  object space 68608K, 41% used [0x00000000c0000000,0x00000000c1b9c388,0x00000000c4300000)
 Metaspace       used 40895K, committed 41600K, reserved 1114112K
  class space    used 4160K, committed 4480K, reserved 1048576K
}
Event: 20.994 GC heap before
{Heap before GC invocations=19 (full 2):
 PSYoungGen      total 23040K, used 23032K [0x00000000eab00000, 0x00000000ec980000, 0x0000000100000000)
  eden space 22016K, 100% used [0x00000000eab00000,0x00000000ec080000,0x00000000ec080000)
  from space 1024K, 99% used [0x00000000ec880000,0x00000000ec97e228,0x00000000ec980000)
  to   space 3584K, 0% used [0x00000000ec280000,0x00000000ec280000,0x00000000ec600000)
 ParOldGen       total 68608K, used 28272K [0x00000000c0000000, 0x00000000c4300000, 0x00000000eab00000)
  object space 68608K, 41% used [0x00000000c0000000,0x00000000c1b9c388,0x00000000c4300000)
 Metaspace       used 42296K, committed 43008K, reserved 1114112K
  class space    used 4287K, committed 4608K, reserved 1048576K
}
Event: 21.001 GC heap after
{Heap after GC invocations=19 (full 2):
 PSYoungGen      total 25600K, used 608K [0x00000000eab00000, 0x00000000ec900000, 0x0000000100000000)
  eden space 22016K, 0% used [0x00000000eab00000,0x00000000eab00000,0x00000000ec080000)
  from space 3584K, 16% used [0x00000000ec280000,0x00000000ec318000,0x00000000ec600000)
  to   space 1536K, 0% used [0x00000000ec780000,0x00000000ec780000,0x00000000ec900000)
 ParOldGen       total 68608K, used 29192K [0x00000000c0000000, 0x00000000c4300000, 0x00000000eab00000)
  object space 68608K, 42% used [0x00000000c0000000,0x00000000c1c820a0,0x00000000c4300000)
 Metaspace       used 42296K, committed 43008K, reserved 1114112K
  class space    used 4287K, committed 4608K, reserved 1048576K
}
Event: 21.520 GC heap before
{Heap before GC invocations=20 (full 2):
 PSYoungGen      total 25600K, used 22501K [0x00000000eab00000, 0x00000000ec900000, 0x0000000100000000)
  eden space 22016K, 99% used [0x00000000eab00000,0x00000000ec061538,0x00000000ec080000)
  from space 3584K, 16% used [0x00000000ec280000,0x00000000ec318000,0x00000000ec600000)
  to   space 1536K, 0% used [0x00000000ec780000,0x00000000ec780000,0x00000000ec900000)
 ParOldGen       total 68608K, used 29192K [0x00000000c0000000, 0x00000000c4300000, 0x00000000eab00000)
  object space 68608K, 42% used [0x00000000c0000000,0x00000000c1c820a0,0x00000000c4300000)
 Metaspace       used 42587K, committed 43264K, reserved 1114112K
  class space    used 4304K, committed 4608K, reserved 1048576K
}
Event: 21.524 GC heap after
{Heap after GC invocations=20 (full 2):
 PSYoungGen      total 23552K, used 1518K [0x00000000eab00000, 0x00000000ec900000, 0x0000000100000000)
  eden space 22016K, 0% used [0x00000000eab00000,0x00000000eab00000,0x00000000ec080000)
  from space 1536K, 98% used [0x00000000ec780000,0x00000000ec8fb820,0x00000000ec900000)
  to   space 2560K, 0% used [0x00000000ec400000,0x00000000ec400000,0x00000000ec680000)
 ParOldGen       total 68608K, used 29664K [0x00000000c0000000, 0x00000000c4300000, 0x00000000eab00000)
  object space 68608K, 43% used [0x00000000c0000000,0x00000000c1cf80a0,0x00000000c4300000)
 Metaspace       used 42587K, committed 43264K, reserved 1114112K
  class space    used 4304K, committed 4608K, reserved 1048576K
}
Event: 22.100 GC heap before
{Heap before GC invocations=21 (full 2):
 PSYoungGen      total 23552K, used 23534K [0x00000000eab00000, 0x00000000ec900000, 0x0000000100000000)
  eden space 22016K, 100% used [0x00000000eab00000,0x00000000ec080000,0x00000000ec080000)
  from space 1536K, 98% used [0x00000000ec780000,0x00000000ec8fb820,0x00000000ec900000)
  to   space 2560K, 0% used [0x00000000ec400000,0x00000000ec400000,0x00000000ec680000)
 ParOldGen       total 68608K, used 29664K [0x00000000c0000000, 0x00000000c4300000, 0x00000000eab00000)
  object space 68608K, 43% used [0x00000000c0000000,0x00000000c1cf80a0,0x00000000c4300000)
 Metaspace       used 43872K, committed 44608K, reserved 1114112K
  class space    used 4428K, committed 4736K, reserved 1048576K
}
Event: 22.104 GC heap after
{Heap after GC invocations=21 (full 2):
 PSYoungGen      total 24576K, used 544K [0x00000000eab00000, 0x00000000ec800000, 0x0000000100000000)
  eden space 22016K, 0% used [0x00000000eab00000,0x00000000eab00000,0x00000000ec080000)
  from space 2560K, 21% used [0x00000000ec400000,0x00000000ec488000,0x00000000ec680000)
  to   space 1536K, 0% used [0x00000000ec680000,0x00000000ec680000,0x00000000ec800000)
 ParOldGen       total 68608K, used 29824K [0x00000000c0000000, 0x00000000c4300000, 0x00000000eab00000)
  object space 68608K, 43% used [0x00000000c0000000,0x00000000c1d200a0,0x00000000c4300000)
 Metaspace       used 43872K, committed 44608K, reserved 1114112K
  class space    used 4428K, committed 4736K, reserved 1048576K
}
Event: 23.849 GC heap before
{Heap before GC invocations=22 (full 2):
 PSYoungGen      total 24576K, used 22560K [0x00000000eab00000, 0x00000000ec800000, 0x0000000100000000)
  eden space 22016K, 100% used [0x00000000eab00000,0x00000000ec080000,0x00000000ec080000)
  from space 2560K, 21% used [0x00000000ec400000,0x00000000ec488000,0x00000000ec680000)
  to   space 1536K, 0% used [0x00000000ec680000,0x00000000ec680000,0x00000000ec800000)
 ParOldGen       total 68608K, used 29824K [0x00000000c0000000, 0x00000000c4300000, 0x00000000eab00000)
  object space 68608K, 43% used [0x00000000c0000000,0x00000000c1d200a0,0x00000000c4300000)
 Metaspace       used 45375K, committed 46080K, reserved 1114112K
  class space    used 4573K, committed 4928K, reserved 1048576K
}
Event: 23.852 GC heap after
{Heap after GC invocations=22 (full 2):
 PSYoungGen      total 23040K, used 757K [0x00000000eab00000, 0x00000000ec780000, 0x0000000100000000)
  eden space 22016K, 0% used [0x00000000eab00000,0x00000000eab00000,0x00000000ec080000)
  from space 1024K, 73% used [0x00000000ec680000,0x00000000ec73d440,0x00000000ec780000)
  to   space 1024K, 0% used [0x00000000ec580000,0x00000000ec580000,0x00000000ec680000)
 ParOldGen       total 68608K, used 30152K [0x00000000c0000000, 0x00000000c4300000, 0x00000000eab00000)
  object space 68608K, 43% used [0x00000000c0000000,0x00000000c1d720a0,0x00000000c4300000)
 Metaspace       used 45375K, committed 46080K, reserved 1114112K
  class space    used 4573K, committed 4928K, reserved 1048576K
}
Event: 25.530 GC heap before
{Heap before GC invocations=23 (full 2):
 PSYoungGen      total 23040K, used 22737K [0x00000000eab00000, 0x00000000ec780000, 0x0000000100000000)
  eden space 22016K, 99% used [0x00000000eab00000,0x00000000ec077308,0x00000000ec080000)
  from space 1024K, 73% used [0x00000000ec680000,0x00000000ec73d440,0x00000000ec780000)
  to   space 1024K, 0% used [0x00000000ec580000,0x00000000ec580000,0x00000000ec680000)
 ParOldGen       total 68608K, used 30152K [0x00000000c0000000, 0x00000000c4300000, 0x00000000eab00000)
  object space 68608K, 43% used [0x00000000c0000000,0x00000000c1d720a0,0x00000000c4300000)
 Metaspace       used 47379K, committed 48192K, reserved 1114112K
  class space    used 4756K, committed 5120K, reserved 1048576K
}
Event: 25.537 GC heap after
{Heap after GC invocations=23 (full 2):
 PSYoungGen      total 23040K, used 995K [0x00000000eab00000, 0x00000000ec700000, 0x0000000100000000)
  eden space 22016K, 0% used [0x00000000eab00000,0x00000000eab00000,0x00000000ec080000)
  from space 1024K, 97% used [0x00000000ec580000,0x00000000ec678ef0,0x00000000ec680000)
  to   space 512K, 0% used [0x00000000ec680000,0x00000000ec680000,0x00000000ec700000)
 ParOldGen       total 68608K, used 31783K [0x00000000c0000000, 0x00000000c4300000, 0x00000000eab00000)
  object space 68608K, 46% used [0x00000000c0000000,0x00000000c1f09cf0,0x00000000c4300000)
 Metaspace       used 47379K, committed 48192K, reserved 1114112K
  class space    used 4756K, committed 5120K, reserved 1048576K
}
Event: 26.240 GC heap before
{Heap before GC invocations=24 (full 2):
 PSYoungGen      total 23040K, used 23011K [0x00000000eab00000, 0x00000000ec700000, 0x0000000100000000)
  eden space 22016K, 100% used [0x00000000eab00000,0x00000000ec080000,0x00000000ec080000)
  from space 1024K, 97% used [0x00000000ec580000,0x00000000ec678ef0,0x00000000ec680000)
  to   space 512K, 0% used [0x00000000ec680000,0x00000000ec680000,0x00000000ec700000)
 ParOldGen       total 68608K, used 31783K [0x00000000c0000000, 0x00000000c4300000, 0x00000000eab00000)
  object space 68608K, 46% used [0x00000000c0000000,0x00000000c1f09cf0,0x00000000c4300000)
 Metaspace       used 47861K, committed 48576K, reserved 1114112K
  class space    used 4803K, committed 5120K, reserved 1048576K
}
Event: 26.250 GC heap after
{Heap after GC invocations=24 (full 2):
 PSYoungGen      total 22528K, used 512K [0x00000000eab00000, 0x00000000ec700000, 0x0000000100000000)
  eden space 22016K, 0% used [0x00000000eab00000,0x00000000eab00000,0x00000000ec080000)
  from space 512K, 100% used [0x00000000ec680000,0x00000000ec700000,0x00000000ec700000)
  to   space 3072K, 0% used [0x00000000ec100000,0x00000000ec100000,0x00000000ec400000)
 ParOldGen       total 68608K, used 34077K [0x00000000c0000000, 0x00000000c4300000, 0x00000000eab00000)
  object space 68608K, 49% used [0x00000000c0000000,0x00000000c21476b0,0x00000000c4300000)
 Metaspace       used 47861K, committed 48576K, reserved 1114112K
  class space    used 4803K, committed 5120K, reserved 1048576K
}
Event: 26.928 GC heap before
{Heap before GC invocations=25 (full 2):
 PSYoungGen      total 22528K, used 22528K [0x00000000eab00000, 0x00000000ec700000, 0x0000000100000000)
  eden space 22016K, 100% used [0x00000000eab00000,0x00000000ec080000,0x00000000ec080000)
  from space 512K, 100% used [0x00000000ec680000,0x00000000ec700000,0x00000000ec700000)
  to   space 3072K, 0% used [0x00000000ec100000,0x00000000ec100000,0x00000000ec400000)
 ParOldGen       total 68608K, used 34077K [0x00000000c0000000, 0x00000000c4300000, 0x00000000eab00000)
  object space 68608K, 49% used [0x00000000c0000000,0x00000000c21476b0,0x00000000c4300000)
 Metaspace       used 48966K, committed 49792K, reserved 1114112K
  class space    used 4889K, committed 5248K, reserved 1048576K
}
Event: 26.935 GC heap after
{Heap after GC invocations=25 (full 2):
 PSYoungGen      total 25088K, used 2644K [0x00000000eab00000, 0x00000000ec700000, 0x0000000100000000)
  eden space 22016K, 0% used [0x00000000eab00000,0x00000000eab00000,0x00000000ec080000)
  from space 3072K, 86% used [0x00000000ec100000,0x00000000ec3953b0,0x00000000ec400000)
  to   space 3072K, 0% used [0x00000000ec400000,0x00000000ec400000,0x00000000ec700000)
 ParOldGen       total 68608K, used 34573K [0x00000000c0000000, 0x00000000c4300000, 0x00000000eab00000)
  object space 68608K, 50% used [0x00000000c0000000,0x00000000c21c35d8,0x00000000c4300000)
 Metaspace       used 48966K, committed 49792K, reserved 1114112K
  class space    used 4889K, committed 5248K, reserved 1048576K
}
Event: 36.780 GC heap before
{Heap before GC invocations=26 (full 2):
 PSYoungGen      total 25088K, used 24660K [0x00000000eab00000, 0x00000000ec700000, 0x0000000100000000)
  eden space 22016K, 100% used [0x00000000eab00000,0x00000000ec080000,0x00000000ec080000)
  from space 3072K, 86% used [0x00000000ec100000,0x00000000ec3953b0,0x00000000ec400000)
  to   space 3072K, 0% used [0x00000000ec400000,0x00000000ec400000,0x00000000ec700000)
 ParOldGen       total 68608K, used 34573K [0x00000000c0000000, 0x00000000c4300000, 0x00000000eab00000)
  object space 68608K, 50% used [0x00000000c0000000,0x00000000c21c35d8,0x00000000c4300000)
 Metaspace       used 49882K, committed 50688K, reserved 1114112K
  class space    used 4958K, committed 5312K, reserved 1048576K
}
Event: 36.787 GC heap after
{Heap after GC invocations=26 (full 2):
 PSYoungGen      total 24064K, used 1818K [0x00000000eab00000, 0x00000000ec600000, 0x0000000100000000)
  eden space 22016K, 0% used [0x00000000eab00000,0x00000000eab00000,0x00000000ec080000)
  from space 2048K, 88% used [0x00000000ec400000,0x00000000ec5c68d0,0x00000000ec600000)
  to   space 2560K, 0% used [0x00000000ec100000,0x00000000ec100000,0x00000000ec380000)
 ParOldGen       total 68608K, used 37044K [0x00000000c0000000, 0x00000000c4300000, 0x00000000eab00000)
  object space 68608K, 53% used [0x00000000c0000000,0x00000000c242d000,0x00000000c4300000)
 Metaspace       used 49882K, committed 50688K, reserved 1114112K
  class space    used 4958K, committed 5312K, reserved 1048576K
}

