# JRE version: Java(TM) SE Runtime Environment (17.0.10+11) (build 17.0.10+11-LTS-240)
# Java VM: Java HotSpot(TM) 64-Bit Server VM (17.0.10+11-LTS-240, mixed mode, emulated-client, sharing, tiered, compressed oops, compressed class ptrs, g1 gc, windows-amd64)
GC Precious Log:
 CPUs: 12 total, 12 available
 Memory: 8008M
 Large Page Support: Disabled
 NUMA Support: Disabled
 Compressed Oops: Enabled (32-bit)
 Heap Region Size: 1M
 Heap Min Capacity: 8M
 Heap Initial Capacity: 126M
 Heap Max Capacity: 2004M
 Pre-touch: Disabled
 Parallel Workers: 10
 Concurrent Workers: 3
 Concurrent Refinement Workers: 10
 Periodic GC: Disabled
Heap:
 garbage-first heap   total 109568K, used 48185K [0x0000000082c00000, 0x0000000100000000)
  region size 1024K, 18 young (18432K), 7 survivors (7168K)
 Metaspace       used 80833K, committed 81600K, reserved 1179648K
  class space    used 11688K, committed 12032K, reserved 1048576K
GC Heap History (20 events):
Event: 432.398 GC heap before
{Heap before GC invocations=35 (full 5):
 garbage-first heap   total 109568K, used 84159K [0x0000000082c00000, 0x0000000100000000)
  region size 1024K, 52 young (53248K), 0 survivors (0K)
 Metaspace       used 79109K, committed 79808K, reserved 1179648K
  class space    used 11518K, committed 11840K, reserved 1048576K
}
Event: 432.404 GC heap after
{Heap after GC invocations=36 (full 5):
 garbage-first heap   total 109568K, used 34863K [0x0000000082c00000, 0x0000000100000000)
  region size 1024K, 4 young (4096K), 4 survivors (4096K)
 Metaspace       used 79109K, committed 79808K, reserved 1179648K
  class space    used 11518K, committed 11840K, reserved 1048576K
}
Event: 465.962 GC heap before
{Heap before GC invocations=36 (full 5):
 garbage-first heap   total 109568K, used 84015K [0x0000000082c00000, 0x0000000100000000)
  region size 1024K, 53 young (54272K), 4 survivors (4096K)
 Metaspace       used 79380K, committed 80128K, reserved 1179648K
  class space    used 11545K, committed 11904K, reserved 1048576K
}
Event: 465.973 GC heap after
{Heap after GC invocations=37 (full 5):
 garbage-first heap   total 109568K, used 37635K [0x0000000082c00000, 0x0000000100000000)
  region size 1024K, 7 young (7168K), 7 survivors (7168K)
 Metaspace       used 79380K, committed 80128K, reserved 1179648K
  class space    used 11545K, committed 11904K, reserved 1048576K
}
Event: 475.816 GC heap before
{Heap before GC invocations=37 (full 5):
 garbage-first heap   total 109568K, used 85763K [0x0000000082c00000, 0x0000000100000000)
  region size 1024K, 54 young (55296K), 7 survivors (7168K)
 Metaspace       used 79631K, committed 80320K, reserved 1179648K
  class space    used 11580K, committed 11904K, reserved 1048576K
}
Event: 475.828 GC heap after
{Heap after GC invocations=38 (full 5):
 garbage-first heap   total 109568K, used 39995K [0x0000000082c00000, 0x0000000100000000)
  region size 1024K, 6 young (6144K), 6 survivors (6144K)
 Metaspace       used 79631K, committed 80320K, reserved 1179648K
  class space    used 11580K, committed 11904K, reserved 1048576K
}
Event: 481.438 GC heap before
{Heap before GC invocations=38 (full 5):
 garbage-first heap   total 109568K, used 86075K [0x0000000082c00000, 0x0000000100000000)
  region size 1024K, 51 young (52224K), 6 survivors (6144K)
 Metaspace       used 79846K, committed 80640K, reserved 1179648K
  class space    used 11596K, committed 11968K, reserved 1048576K
}
Event: 481.447 GC heap after
{Heap after GC invocations=39 (full 5):
 garbage-first heap   total 109568K, used 41004K [0x0000000082c00000, 0x0000000100000000)
  region size 1024K, 5 young (5120K), 5 survivors (5120K)
 Metaspace       used 79846K, committed 80640K, reserved 1179648K
  class space    used 11596K, committed 11968K, reserved 1048576K
}
Event: 519.634 GC heap before
{Heap before GC invocations=39 (full 5):
 garbage-first heap   total 109568K, used 57388K [0x0000000082c00000, 0x0000000100000000)
  region size 1024K, 22 young (22528K), 5 survivors (5120K)
 Metaspace       used 80022K, committed 80768K, reserved 1179648K
  class space    used 11609K, committed 11968K, reserved 1048576K
}
Event: 519.775 GC heap after
{Heap after GC invocations=40 (full 6):
 garbage-first heap   total 109568K, used 31551K [0x0000000082c00000, 0x0000000100000000)
  region size 1024K, 0 young (0K), 0 survivors (0K)
 Metaspace       used 79986K, committed 80768K, reserved 1179648K
  class space    used 11600K, committed 11968K, reserved 1048576K
}
Event: 522.407 GC heap before
{Heap before GC invocations=40 (full 6):
 garbage-first heap   total 109568K, used 84799K [0x0000000082c00000, 0x0000000100000000)
  region size 1024K, 53 young (54272K), 0 survivors (0K)
 Metaspace       used 80113K, committed 80832K, reserved 1179648K
  class space    used 11617K, committed 11968K, reserved 1048576K
}
Event: 522.415 GC heap after
{Heap after GC invocations=41 (full 6):
 garbage-first heap   total 109568K, used 35647K [0x0000000082c00000, 0x0000000100000000)
  region size 1024K, 4 young (4096K), 4 survivors (4096K)
 Metaspace       used 80113K, committed 80832K, reserved 1179648K
  class space    used 11617K, committed 11968K, reserved 1048576K
}
Event: 531.678 GC heap before
{Heap before GC invocations=41 (full 6):
 garbage-first heap   total 109568K, used 86847K [0x0000000082c00000, 0x0000000100000000)
  region size 1024K, 54 young (55296K), 4 survivors (4096K)
 Metaspace       used 80414K, committed 81152K, reserved 1179648K
  class space    used 11645K, committed 11968K, reserved 1048576K
}
Event: 531.686 GC heap after
{Heap after GC invocations=42 (full 6):
 garbage-first heap   total 109568K, used 38696K [0x0000000082c00000, 0x0000000100000000)
  region size 1024K, 4 young (4096K), 4 survivors (4096K)
 Metaspace       used 80414K, committed 81152K, reserved 1179648K
  class space    used 11645K, committed 11968K, reserved 1048576K
}
Event: 537.864 GC heap before
{Heap before GC invocations=42 (full 6):
 garbage-first heap   total 109568K, used 46888K [0x0000000082c00000, 0x0000000100000000)
  region size 1024K, 13 young (13312K), 4 survivors (4096K)
 Metaspace       used 80416K, committed 81152K, reserved 1179648K
  class space    used 11646K, committed 11968K, reserved 1048576K
}
Event: 537.980 GC heap after
{Heap after GC invocations=43 (full 7):
 garbage-first heap   total 109568K, used 31386K [0x0000000082c00000, 0x0000000100000000)
  region size 1024K, 0 young (0K), 0 survivors (0K)
 Metaspace       used 80414K, committed 81152K, reserved 1179648K
  class space    used 11645K, committed 11968K, reserved 1048576K
}
Event: 539.149 GC heap before
{Heap before GC invocations=43 (full 7):
 garbage-first heap   total 109568K, used 82586K [0x0000000082c00000, 0x0000000100000000)
  region size 1024K, 51 young (52224K), 0 survivors (0K)
 Metaspace       used 80539K, committed 81344K, reserved 1179648K
  class space    used 11661K, committed 12032K, reserved 1048576K
}
Event: 539.154 GC heap after
{Heap after GC invocations=44 (full 7):
 garbage-first heap   total 109568K, used 35353K [0x0000000082c00000, 0x0000000100000000)
  region size 1024K, 4 young (4096K), 4 survivors (4096K)
 Metaspace       used 80539K, committed 81344K, reserved 1179648K
  class space    used 11661K, committed 12032K, reserved 1048576K
}
Event: 548.755 GC heap before
{Heap before GC invocations=44 (full 7):
 garbage-first heap   total 109568K, used 84505K [0x0000000082c00000, 0x0000000100000000)
  region size 1024K, 52 young (53248K), 4 survivors (4096K)
 Metaspace       used 80827K, committed 81600K, reserved 1179648K
  class space    used 11687K, committed 12032K, reserved 1048576K
}
Event: 548.764 GC heap after
{Heap after GC invocations=45 (full 7):
 garbage-first heap   total 109568K, used 37945K [0x0000000082c00000, 0x0000000100000000)
  region size 1024K, 7 young (7168K), 7 survivors (7168K)
 Metaspace       used 80827K, committed 81600K, reserved 1179648K
  class space    used 11687K, committed 12032K, reserved 1048576K
}

