# JRE version: OpenJDK Runtime Environment Temurin-17.0.10+7 (17.0.10+7) (build 17.0.10+7)
# Java VM: OpenJDK 64-Bit Server VM Temurin-17.0.10+7 (17.0.10+7, mixed mode, tiered, compressed oops, compressed class ptrs, parallel gc, windows-amd64)
GC Precious Log:
 CPUs: 12 total, 12 available
 Memory: 8008M
 Large Page Support: Disabled
 NUMA Support: Disabled
 Compressed Oops: Enabled (32-bit)
 Alignments: Space 512K, Generation 512K, Heap 2M
 Heap Min Capacity: 100M
 Heap Initial Capacity: 100M
 Heap Max Capacity: 1G
 Pre-touch: Disabled
 Parallel Workers: 10
Heap:
 PSYoungGen      total 17920K, used 9077K [0x00000000eab00000, 0x00000000ebf00000, 0x0000000100000000)
  eden space 12288K, 66% used [0x00000000eab00000,0x00000000eb2feb08,0x00000000eb700000)
  from space 5632K, 15% used [0x00000000eb700000,0x00000000eb7de920,0x00000000ebc80000)
  to   space 2048K, 0% used [0x00000000ebd00000,0x00000000ebd00000,0x00000000ebf00000)
 ParOldGen       total 505344K, used 484090K [0x00000000c0000000, 0x00000000ded80000, 0x00000000eab00000)
  object space 505344K, 95% used [0x00000000c0000000,0x00000000dd8bea60,0x00000000ded80000)
 Metaspace       used 101022K, committed 102464K, reserved 1179648K
  class space    used 9948K, committed 10560K, reserved 1048576K
GC Heap History (20 events):
Event: 2714.119 GC heap before
{Heap before GC invocations=5044 (full 110):
 PSYoungGen      total 9216K, used 9214K [0x00000000eab00000, 0x00000000ebc00000, 0x0000000100000000)
  eden space 8192K, 100% used [0x00000000eab00000,0x00000000eb300000,0x00000000eb300000)
  from space 1024K, 99% used [0x00000000eb680000,0x00000000eb77f8d0,0x00000000eb780000)
  to   space 4608K, 0% used [0x00000000eb780000,0x00000000eb780000,0x00000000ebc00000)
 ParOldGen       total 505344K, used 421398K [0x00000000c0000000, 0x00000000ded80000, 0x00000000eab00000)
  object space 505344K, 83% used [0x00000000c0000000,0x00000000d9b85b00,0x00000000ded80000)
 Metaspace       used 101015K, committed 102464K, reserved 1179648K
  class space    used 9948K, committed 10560K, reserved 1048576K
}
Event: 2714.123 GC heap after
{Heap after GC invocations=5044 (full 110):
 PSYoungGen      total 9216K, used 842K [0x00000000eab00000, 0x00000000eb880000, 0x0000000100000000)
  eden space 8192K, 0% used [0x00000000eab00000,0x00000000eab00000,0x00000000eb300000)
  from space 1024K, 82% used [0x00000000eb780000,0x00000000eb852910,0x00000000eb880000)
  to   space 2048K, 0% used [0x00000000eb480000,0x00000000eb480000,0x00000000eb680000)
 ParOldGen       total 505344K, used 421566K [0x00000000c0000000, 0x00000000ded80000, 0x00000000eab00000)
  object space 505344K, 83% used [0x00000000c0000000,0x00000000d9bafb20,0x00000000ded80000)
 Metaspace       used 101015K, committed 102464K, reserved 1179648K
  class space    used 9948K, committed 10560K, reserved 1048576K
}
Event: 2714.146 GC heap before
{Heap before GC invocations=5045 (full 110):
 PSYoungGen      total 9216K, used 9034K [0x00000000eab00000, 0x00000000eb880000, 0x0000000100000000)
  eden space 8192K, 100% used [0x00000000eab00000,0x00000000eb300000,0x00000000eb300000)
  from space 1024K, 82% used [0x00000000eb780000,0x00000000eb852910,0x00000000eb880000)
  to   space 2048K, 0% used [0x00000000eb480000,0x00000000eb480000,0x00000000eb680000)
 ParOldGen       total 505344K, used 421566K [0x00000000c0000000, 0x00000000ded80000, 0x00000000eab00000)
  object space 505344K, 83% used [0x00000000c0000000,0x00000000d9bafb20,0x00000000ded80000)
 Metaspace       used 101017K, committed 102464K, reserved 1179648K
  class space    used 9948K, committed 10560K, reserved 1048576K
}
Event: 2714.152 GC heap after
{Heap after GC invocations=5045 (full 110):
 PSYoungGen      total 10240K, used 2047K [0x00000000eab00000, 0x00000000eba00000, 0x0000000100000000)
  eden space 8192K, 0% used [0x00000000eab00000,0x00000000eab00000,0x00000000eb300000)
  from space 2048K, 99% used [0x00000000eb480000,0x00000000eb67ffe0,0x00000000eb680000)
  to   space 3584K, 0% used [0x00000000eb680000,0x00000000eb680000,0x00000000eba00000)
 ParOldGen       total 505344K, used 422275K [0x00000000c0000000, 0x00000000ded80000, 0x00000000eab00000)
  object space 505344K, 83% used [0x00000000c0000000,0x00000000d9c60d60,0x00000000ded80000)
 Metaspace       used 101017K, committed 102464K, reserved 1179648K
  class space    used 9948K, committed 10560K, reserved 1048576K
}
Event: 2714.168 GC heap before
{Heap before GC invocations=5046 (full 110):
 PSYoungGen      total 10240K, used 10239K [0x00000000eab00000, 0x00000000eba00000, 0x0000000100000000)
  eden space 8192K, 100% used [0x00000000eab00000,0x00000000eb300000,0x00000000eb300000)
  from space 2048K, 99% used [0x00000000eb480000,0x00000000eb67ffe0,0x00000000eb680000)
  to   space 3584K, 0% used [0x00000000eb680000,0x00000000eb680000,0x00000000eba00000)
 ParOldGen       total 505344K, used 422275K [0x00000000c0000000, 0x00000000ded80000, 0x00000000eab00000)
  object space 505344K, 83% used [0x00000000c0000000,0x00000000d9c60d60,0x00000000ded80000)
 Metaspace       used 101018K, committed 102464K, reserved 1179648K
  class space    used 9948K, committed 10560K, reserved 1048576K
}
Event: 2714.175 GC heap after
{Heap after GC invocations=5046 (full 110):
 PSYoungGen      total 11776K, used 3200K [0x00000000eab00000, 0x00000000eba00000, 0x0000000100000000)
  eden space 8192K, 0% used [0x00000000eab00000,0x00000000eab00000,0x00000000eb300000)
  from space 3584K, 89% used [0x00000000eb680000,0x00000000eb9a0000,0x00000000eba00000)
  to   space 3584K, 0% used [0x00000000eb300000,0x00000000eb300000,0x00000000eb680000)
 ParOldGen       total 505344K, used 424309K [0x00000000c0000000, 0x00000000ded80000, 0x00000000eab00000)
  object space 505344K, 83% used [0x00000000c0000000,0x00000000d9e5d690,0x00000000ded80000)
 Metaspace       used 101018K, committed 102464K, reserved 1179648K
  class space    used 9948K, committed 10560K, reserved 1048576K
}
Event: 2714.209 GC heap before
{Heap before GC invocations=5047 (full 110):
 PSYoungGen      total 11776K, used 11392K [0x00000000eab00000, 0x00000000eba00000, 0x0000000100000000)
  eden space 8192K, 100% used [0x00000000eab00000,0x00000000eb300000,0x00000000eb300000)
  from space 3584K, 89% used [0x00000000eb680000,0x00000000eb9a0000,0x00000000eba00000)
  to   space 3584K, 0% used [0x00000000eb300000,0x00000000eb300000,0x00000000eb680000)
 ParOldGen       total 505344K, used 424309K [0x00000000c0000000, 0x00000000ded80000, 0x00000000eab00000)
  object space 505344K, 83% used [0x00000000c0000000,0x00000000d9e5d690,0x00000000ded80000)
 Metaspace       used 101018K, committed 102464K, reserved 1179648K
  class space    used 9948K, committed 10560K, reserved 1048576K
}
Event: 2714.227 GC heap after
{Heap after GC invocations=5047 (full 110):
 PSYoungGen      total 11776K, used 3568K [0x00000000eab00000, 0x00000000ec800000, 0x0000000100000000)
  eden space 8192K, 0% used [0x00000000eab00000,0x00000000eab00000,0x00000000eb300000)
  from space 3584K, 99% used [0x00000000eb300000,0x00000000eb67c010,0x00000000eb680000)
  to   space 9728K, 0% used [0x00000000ebe80000,0x00000000ebe80000,0x00000000ec800000)
 ParOldGen       total 505344K, used 429453K [0x00000000c0000000, 0x00000000ded80000, 0x00000000eab00000)
  object space 505344K, 84% used [0x00000000c0000000,0x00000000da363690,0x00000000ded80000)
 Metaspace       used 101018K, committed 102464K, reserved 1179648K
  class space    used 9948K, committed 10560K, reserved 1048576K
}
Event: 2714.278 GC heap before
{Heap before GC invocations=5048 (full 110):
 PSYoungGen      total 11776K, used 11144K [0x00000000eab00000, 0x00000000ec800000, 0x0000000100000000)
  eden space 8192K, 92% used [0x00000000eab00000,0x00000000eb2660a0,0x00000000eb300000)
  from space 3584K, 99% used [0x00000000eb300000,0x00000000eb67c010,0x00000000eb680000)
  to   space 9728K, 0% used [0x00000000ebe80000,0x00000000ebe80000,0x00000000ec800000)
 ParOldGen       total 505344K, used 429453K [0x00000000c0000000, 0x00000000ded80000, 0x00000000eab00000)
  object space 505344K, 84% used [0x00000000c0000000,0x00000000da363690,0x00000000ded80000)
 Metaspace       used 101018K, committed 102464K, reserved 1179648K
  class space    used 9948K, committed 10560K, reserved 1048576K
}
Event: 2714.299 GC heap after
{Heap after GC invocations=5048 (full 110):
 PSYoungGen      total 15872K, used 5628K [0x00000000eab00000, 0x00000000ec400000, 0x0000000100000000)
  eden space 10240K, 0% used [0x00000000eab00000,0x00000000eab00000,0x00000000eb500000)
  from space 5632K, 99% used [0x00000000ebe80000,0x00000000ec3ff258,0x00000000ec400000)
  to   space 7168K, 0% used [0x00000000eb600000,0x00000000eb600000,0x00000000ebd00000)
 ParOldGen       total 505344K, used 433085K [0x00000000c0000000, 0x00000000ded80000, 0x00000000eab00000)
  object space 505344K, 85% used [0x00000000c0000000,0x00000000da6ef6b0,0x00000000ded80000)
 Metaspace       used 101018K, committed 102464K, reserved 1179648K
  class space    used 9948K, committed 10560K, reserved 1048576K
}
Event: 2714.377 GC heap before
{Heap before GC invocations=5049 (full 110):
 PSYoungGen      total 15872K, used 15868K [0x00000000eab00000, 0x00000000ec400000, 0x0000000100000000)
  eden space 10240K, 100% used [0x00000000eab00000,0x00000000eb500000,0x00000000eb500000)
  from space 5632K, 99% used [0x00000000ebe80000,0x00000000ec3ff258,0x00000000ec400000)
  to   space 7168K, 0% used [0x00000000eb600000,0x00000000eb600000,0x00000000ebd00000)
 ParOldGen       total 505344K, used 433085K [0x00000000c0000000, 0x00000000ded80000, 0x00000000eab00000)
  object space 505344K, 85% used [0x00000000c0000000,0x00000000da6ef6b0,0x00000000ded80000)
 Metaspace       used 101018K, committed 102464K, reserved 1179648K
  class space    used 9948K, committed 10560K, reserved 1048576K
}
Event: 2714.391 GC heap after
{Heap after GC invocations=5049 (full 110):
 PSYoungGen      total 17408K, used 7161K [0x00000000eab00000, 0x00000000ec400000, 0x0000000100000000)
  eden space 10240K, 0% used [0x00000000eab00000,0x00000000eab00000,0x00000000eb500000)
  from space 7168K, 99% used [0x00000000eb600000,0x00000000ebcfe698,0x00000000ebd00000)
  to   space 5632K, 0% used [0x00000000ebe80000,0x00000000ebe80000,0x00000000ec400000)
 ParOldGen       total 505344K, used 439116K [0x00000000c0000000, 0x00000000ded80000, 0x00000000eab00000)
  object space 505344K, 86% used [0x00000000c0000000,0x00000000dacd30f8,0x00000000ded80000)
 Metaspace       used 101018K, committed 102464K, reserved 1179648K
  class space    used 9948K, committed 10560K, reserved 1048576K
}
Event: 2714.504 GC heap before
{Heap before GC invocations=5050 (full 110):
 PSYoungGen      total 17408K, used 17401K [0x00000000eab00000, 0x00000000ec400000, 0x0000000100000000)
  eden space 10240K, 99% used [0x00000000eab00000,0x00000000eb4ffff8,0x00000000eb500000)
  from space 7168K, 99% used [0x00000000eb600000,0x00000000ebcfe698,0x00000000ebd00000)
  to   space 5632K, 0% used [0x00000000ebe80000,0x00000000ebe80000,0x00000000ec400000)
 ParOldGen       total 505344K, used 469836K [0x00000000c0000000, 0x00000000ded80000, 0x00000000eab00000)
  object space 505344K, 92% used [0x00000000c0000000,0x00000000dcad3128,0x00000000ded80000)
 Metaspace       used 101022K, committed 102464K, reserved 1179648K
  class space    used 9948K, committed 10560K, reserved 1048576K
}
Event: 2714.512 GC heap after
{Heap after GC invocations=5050 (full 110):
 PSYoungGen      total 16896K, used 1809K [0x00000000eab00000, 0x00000000ec300000, 0x0000000100000000)
  eden space 12288K, 0% used [0x00000000eab00000,0x00000000eab00000,0x00000000eb700000)
  from space 4608K, 39% used [0x00000000ebe80000,0x00000000ec044648,0x00000000ec300000)
  to   space 6144K, 0% used [0x00000000eb700000,0x00000000eb700000,0x00000000ebd00000)
 ParOldGen       total 505344K, used 472428K [0x00000000c0000000, 0x00000000ded80000, 0x00000000eab00000)
  object space 505344K, 93% used [0x00000000c0000000,0x00000000dcd5b128,0x00000000ded80000)
 Metaspace       used 101022K, committed 102464K, reserved 1179648K
  class space    used 9948K, committed 10560K, reserved 1048576K
}
Event: 2714.629 GC heap before
{Heap before GC invocations=5051 (full 110):
 PSYoungGen      total 16896K, used 14097K [0x00000000eab00000, 0x00000000ec300000, 0x0000000100000000)
  eden space 12288K, 100% used [0x00000000eab00000,0x00000000eb700000,0x00000000eb700000)
  from space 4608K, 39% used [0x00000000ebe80000,0x00000000ec044648,0x00000000ec300000)
  to   space 6144K, 0% used [0x00000000eb700000,0x00000000eb700000,0x00000000ebd00000)
 ParOldGen       total 505344K, used 472428K [0x00000000c0000000, 0x00000000ded80000, 0x00000000eab00000)
  object space 505344K, 93% used [0x00000000c0000000,0x00000000dcd5b128,0x00000000ded80000)
 Metaspace       used 101022K, committed 102464K, reserved 1179648K
  class space    used 9948K, committed 10560K, reserved 1048576K
}
Event: 2714.640 GC heap after
{Heap after GC invocations=5051 (full 110):
 PSYoungGen      total 18432K, used 6112K [0x00000000eab00000, 0x00000000ec300000, 0x0000000100000000)
  eden space 12288K, 0% used [0x00000000eab00000,0x00000000eab00000,0x00000000eb700000)
  from space 6144K, 99% used [0x00000000eb700000,0x00000000ebcf82e0,0x00000000ebd00000)
  to   space 4608K, 0% used [0x00000000ebe80000,0x00000000ebe80000,0x00000000ec300000)
 ParOldGen       total 505344K, used 476785K [0x00000000c0000000, 0x00000000ded80000, 0x00000000eab00000)
  object space 505344K, 94% used [0x00000000c0000000,0x00000000dd19c780,0x00000000ded80000)
 Metaspace       used 101022K, committed 102464K, reserved 1179648K
  class space    used 9948K, committed 10560K, reserved 1048576K
}
Event: 2715.375 GC heap before
{Heap before GC invocations=5052 (full 110):
 PSYoungGen      total 18432K, used 18400K [0x00000000eab00000, 0x00000000ec300000, 0x0000000100000000)
  eden space 12288K, 99% used [0x00000000eab00000,0x00000000eb6ffee0,0x00000000eb700000)
  from space 6144K, 99% used [0x00000000eb700000,0x00000000ebcf82e0,0x00000000ebd00000)
  to   space 4608K, 0% used [0x00000000ebe80000,0x00000000ebe80000,0x00000000ec300000)
 ParOldGen       total 505344K, used 476785K [0x00000000c0000000, 0x00000000ded80000, 0x00000000eab00000)
  object space 505344K, 94% used [0x00000000c0000000,0x00000000dd19c780,0x00000000ded80000)
 Metaspace       used 101022K, committed 102464K, reserved 1179648K
  class space    used 9948K, committed 10560K, reserved 1048576K
}
Event: 2715.382 GC heap after
{Heap after GC invocations=5052 (full 110):
 PSYoungGen      total 15872K, used 2459K [0x00000000eab00000, 0x00000000ec200000, 0x0000000100000000)
  eden space 12288K, 0% used [0x00000000eab00000,0x00000000eab00000,0x00000000eb700000)
  from space 3584K, 68% used [0x00000000ebe80000,0x00000000ec0e6f38,0x00000000ec200000)
  to   space 5632K, 0% used [0x00000000eb700000,0x00000000eb700000,0x00000000ebc80000)
 ParOldGen       total 505344K, used 482506K [0x00000000c0000000, 0x00000000ded80000, 0x00000000eab00000)
  object space 505344K, 95% used [0x00000000c0000000,0x00000000dd732a60,0x00000000ded80000)
 Metaspace       used 101022K, committed 102464K, reserved 1179648K
  class space    used 9948K, committed 10560K, reserved 1048576K
}
Event: 2715.435 GC heap before
{Heap before GC invocations=5053 (full 110):
 PSYoungGen      total 15872K, used 14747K [0x00000000eab00000, 0x00000000ec200000, 0x0000000100000000)
  eden space 12288K, 100% used [0x00000000eab00000,0x00000000eb700000,0x00000000eb700000)
  from space 3584K, 68% used [0x00000000ebe80000,0x00000000ec0e6f38,0x00000000ec200000)
  to   space 5632K, 0% used [0x00000000eb700000,0x00000000eb700000,0x00000000ebc80000)
 ParOldGen       total 505344K, used 482506K [0x00000000c0000000, 0x00000000ded80000, 0x00000000eab00000)
  object space 505344K, 95% used [0x00000000c0000000,0x00000000dd732a60,0x00000000ded80000)
 Metaspace       used 101022K, committed 102464K, reserved 1179648K
  class space    used 9948K, committed 10560K, reserved 1048576K
}
Event: 2715.441 GC heap after
{Heap after GC invocations=5053 (full 110):
 PSYoungGen      total 17920K, used 890K [0x00000000eab00000, 0x00000000ebf00000, 0x0000000100000000)
  eden space 12288K, 0% used [0x00000000eab00000,0x00000000eab00000,0x00000000eb700000)
  from space 5632K, 15% used [0x00000000eb700000,0x00000000eb7de920,0x00000000ebc80000)
  to   space 2048K, 0% used [0x00000000ebd00000,0x00000000ebd00000,0x00000000ebf00000)
 ParOldGen       total 505344K, used 484090K [0x00000000c0000000, 0x00000000ded80000, 0x00000000eab00000)
  object space 505344K, 95% used [0x00000000c0000000,0x00000000dd8bea60,0x00000000ded80000)
 Metaspace       used 101022K, committed 102464K, reserved 1179648K
  class space    used 9948K, committed 10560K, reserved 1048576K
}

