# JRE version: OpenJDK Runtime Environment Temurin-17.0.10+7 (17.0.10+7) (build 17.0.10+7)
# Java VM: OpenJDK 64-Bit Server VM Temurin-17.0.10+7 (17.0.10+7, mixed mode, tiered, compressed oops, compressed class ptrs, parallel gc, windows-amd64)
GC Precious Log:
 CPUs: 12 total, 12 available
 Memory: 8008M
 Large Page Support: Disabled
 NUMA Support: Disabled
 Compressed Oops: Enabled (32-bit)
 Alignments: Space 512K, Generation 512K, Heap 2M
 Heap Min Capacity: 100M
 Heap Initial Capacity: 100M
 Heap Max Capacity: 1G
 Pre-touch: Disabled
 Parallel Workers: 10
Heap:
 PSYoungGen      total 19968K, used 8314K [0x00000000eab00000, 0x00000000ec100000, 0x0000000100000000)
  eden space 16384K, 38% used [0x00000000eab00000,0x00000000eb12b680,0x00000000ebb00000)
  from space 3584K, 55% used [0x00000000ebb00000,0x00000000ebcf3540,0x00000000ebe80000)
  to   space 2560K, 0% used [0x00000000ebe80000,0x00000000ebe80000,0x00000000ec100000)
 ParOldGen       total 192512K, used 186412K [0x00000000c0000000, 0x00000000cbc00000, 0x00000000eab00000)
  object space 192512K, 96% used [0x00000000c0000000,0x00000000cb60b2b0,0x00000000cbc00000)
 Metaspace       used 79116K, committed 80320K, reserved 1179648K
  class space    used 8122K, committed 8576K, reserved 1048576K
GC Heap History (20 events):
Event: 1726.918 GC heap before
{Heap before GC invocations=193 (full 10):
 PSYoungGen      total 20992K, used 20987K [0x00000000eab00000, 0x00000000ecc00000, 0x0000000100000000)
  eden space 14336K, 100% used [0x00000000eab00000,0x00000000eb900000,0x00000000eb900000)
  from space 6656K, 99% used [0x00000000eb900000,0x00000000ebf7eda0,0x00000000ebf80000)
  to   space 9728K, 0% used [0x00000000ec280000,0x00000000ec280000,0x00000000ecc00000)
 ParOldGen       total 153088K, used 147586K [0x00000000c0000000, 0x00000000c9580000, 0x00000000eab00000)
  object space 153088K, 96% used [0x00000000c0000000,0x00000000c9020800,0x00000000c9580000)
 Metaspace       used 79029K, committed 80256K, reserved 1179648K
  class space    used 8116K, committed 8576K, reserved 1048576K
}
Event: 1726.923 GC heap after
{Heap after GC invocations=193 (full 10):
 PSYoungGen      total 22016K, used 5956K [0x00000000eab00000, 0x00000000ec880000, 0x0000000100000000)
  eden space 15872K, 0% used [0x00000000eab00000,0x00000000eab00000,0x00000000eba80000)
  from space 6144K, 96% used [0x00000000ec280000,0x00000000ec8512f8,0x00000000ec880000)
  to   space 7168K, 0% used [0x00000000eba80000,0x00000000eba80000,0x00000000ec180000)
 ParOldGen       total 153088K, used 151762K [0x00000000c0000000, 0x00000000c9580000, 0x00000000eab00000)
  object space 153088K, 99% used [0x00000000c0000000,0x00000000c94348e0,0x00000000c9580000)
 Metaspace       used 79029K, committed 80256K, reserved 1179648K
  class space    used 8116K, committed 8576K, reserved 1048576K
}
Event: 1726.923 GC heap before
{Heap before GC invocations=194 (full 11):
 PSYoungGen      total 22016K, used 5956K [0x00000000eab00000, 0x00000000ec880000, 0x0000000100000000)
  eden space 15872K, 0% used [0x00000000eab00000,0x00000000eab00000,0x00000000eba80000)
  from space 6144K, 96% used [0x00000000ec280000,0x00000000ec8512f8,0x00000000ec880000)
  to   space 7168K, 0% used [0x00000000eba80000,0x00000000eba80000,0x00000000ec180000)
 ParOldGen       total 153088K, used 151762K [0x00000000c0000000, 0x00000000c9580000, 0x00000000eab00000)
  object space 153088K, 99% used [0x00000000c0000000,0x00000000c94348e0,0x00000000c9580000)
 Metaspace       used 79029K, committed 80256K, reserved 1179648K
  class space    used 8116K, committed 8576K, reserved 1048576K
}
Event: 1727.051 GC heap after
{Heap after GC invocations=194 (full 11):
 PSYoungGen      total 23040K, used 647K [0x00000000eab00000, 0x00000000eca80000, 0x0000000100000000)
  eden space 16896K, 0% used [0x00000000eab00000,0x00000000eab00000,0x00000000ebb80000)
  from space 6144K, 10% used [0x00000000ec280000,0x00000000ec321d00,0x00000000ec880000)
  to   space 7168K, 0% used [0x00000000ebb80000,0x00000000ebb80000,0x00000000ec280000)
 ParOldGen       total 192512K, used 152972K [0x00000000c0000000, 0x00000000cbc00000, 0x00000000eab00000)
  object space 192512K, 79% used [0x00000000c0000000,0x00000000c9563118,0x00000000cbc00000)
 Metaspace       used 79029K, committed 80256K, reserved 1179648K
  class space    used 8116K, committed 8576K, reserved 1048576K
}
Event: 1727.143 GC heap before
{Heap before GC invocations=195 (full 11):
 PSYoungGen      total 23040K, used 17543K [0x00000000eab00000, 0x00000000eca80000, 0x0000000100000000)
  eden space 16896K, 100% used [0x00000000eab00000,0x00000000ebb80000,0x00000000ebb80000)
  from space 6144K, 10% used [0x00000000ec280000,0x00000000ec321d00,0x00000000ec880000)
  to   space 7168K, 0% used [0x00000000ebb80000,0x00000000ebb80000,0x00000000ec280000)
 ParOldGen       total 192512K, used 152972K [0x00000000c0000000, 0x00000000cbc00000, 0x00000000eab00000)
  object space 192512K, 79% used [0x00000000c0000000,0x00000000c9563118,0x00000000cbc00000)
 Metaspace       used 79097K, committed 80320K, reserved 1179648K
  class space    used 8122K, committed 8576K, reserved 1048576K
}
Event: 1727.158 GC heap after
{Heap after GC invocations=195 (full 11):
 PSYoungGen      total 23040K, used 5871K [0x00000000eab00000, 0x00000000ec780000, 0x0000000100000000)
  eden space 16896K, 0% used [0x00000000eab00000,0x00000000eab00000,0x00000000ebb80000)
  from space 6144K, 95% used [0x00000000ebb80000,0x00000000ec13bd10,0x00000000ec180000)
  to   space 6144K, 0% used [0x00000000ec180000,0x00000000ec180000,0x00000000ec780000)
 ParOldGen       total 192512K, used 152972K [0x00000000c0000000, 0x00000000cbc00000, 0x00000000eab00000)
  object space 192512K, 79% used [0x00000000c0000000,0x00000000c9563118,0x00000000cbc00000)
 Metaspace       used 79097K, committed 80320K, reserved 1179648K
  class space    used 8122K, committed 8576K, reserved 1048576K
}
Event: 1727.207 GC heap before
{Heap before GC invocations=196 (full 11):
 PSYoungGen      total 23040K, used 22767K [0x00000000eab00000, 0x00000000ec780000, 0x0000000100000000)
  eden space 16896K, 100% used [0x00000000eab00000,0x00000000ebb80000,0x00000000ebb80000)
  from space 6144K, 95% used [0x00000000ebb80000,0x00000000ec13bd10,0x00000000ec180000)
  to   space 6144K, 0% used [0x00000000ec180000,0x00000000ec180000,0x00000000ec780000)
 ParOldGen       total 192512K, used 152972K [0x00000000c0000000, 0x00000000cbc00000, 0x00000000eab00000)
  object space 192512K, 79% used [0x00000000c0000000,0x00000000c9563118,0x00000000cbc00000)
 Metaspace       used 79097K, committed 80320K, reserved 1179648K
  class space    used 8122K, committed 8576K, reserved 1048576K
}
Event: 1727.213 GC heap after
{Heap after GC invocations=196 (full 11):
 PSYoungGen      total 18432K, used 6114K [0x00000000eab00000, 0x00000000ed280000, 0x0000000100000000)
  eden space 12288K, 0% used [0x00000000eab00000,0x00000000eab00000,0x00000000eb700000)
  from space 6144K, 99% used [0x00000000ec180000,0x00000000ec778b48,0x00000000ec780000)
  to   space 10752K, 0% used [0x00000000eb700000,0x00000000eb700000,0x00000000ec180000)
 ParOldGen       total 192512K, used 156540K [0x00000000c0000000, 0x00000000cbc00000, 0x00000000eab00000)
  object space 192512K, 81% used [0x00000000c0000000,0x00000000c98df0d8,0x00000000cbc00000)
 Metaspace       used 79097K, committed 80320K, reserved 1179648K
  class space    used 8122K, committed 8576K, reserved 1048576K
}
Event: 1727.246 GC heap before
{Heap before GC invocations=197 (full 11):
 PSYoungGen      total 18432K, used 18402K [0x00000000eab00000, 0x00000000ed280000, 0x0000000100000000)
  eden space 12288K, 100% used [0x00000000eab00000,0x00000000eb700000,0x00000000eb700000)
  from space 6144K, 99% used [0x00000000ec180000,0x00000000ec778b48,0x00000000ec780000)
  to   space 10752K, 0% used [0x00000000eb700000,0x00000000eb700000,0x00000000ec180000)
 ParOldGen       total 192512K, used 156540K [0x00000000c0000000, 0x00000000cbc00000, 0x00000000eab00000)
  object space 192512K, 81% used [0x00000000c0000000,0x00000000c98df0d8,0x00000000cbc00000)
 Metaspace       used 79097K, committed 80320K, reserved 1179648K
  class space    used 8122K, committed 8576K, reserved 1048576K
}
Event: 1727.251 GC heap after
{Heap after GC invocations=197 (full 11):
 PSYoungGen      total 23040K, used 8932K [0x00000000eab00000, 0x00000000eca80000, 0x0000000100000000)
  eden space 12288K, 0% used [0x00000000eab00000,0x00000000eab00000,0x00000000eb700000)
  from space 10752K, 83% used [0x00000000eb700000,0x00000000ebfb9250,0x00000000ec180000)
  to   space 9216K, 0% used [0x00000000ec180000,0x00000000ec180000,0x00000000eca80000)
 ParOldGen       total 192512K, used 156708K [0x00000000c0000000, 0x00000000cbc00000, 0x00000000eab00000)
  object space 192512K, 81% used [0x00000000c0000000,0x00000000c99090d8,0x00000000cbc00000)
 Metaspace       used 79097K, committed 80320K, reserved 1179648K
  class space    used 8122K, committed 8576K, reserved 1048576K
}
Event: 1727.294 GC heap before
{Heap before GC invocations=198 (full 11):
 PSYoungGen      total 23040K, used 21220K [0x00000000eab00000, 0x00000000eca80000, 0x0000000100000000)
  eden space 12288K, 100% used [0x00000000eab00000,0x00000000eb700000,0x00000000eb700000)
  from space 10752K, 83% used [0x00000000eb700000,0x00000000ebfb9250,0x00000000ec180000)
  to   space 9216K, 0% used [0x00000000ec180000,0x00000000ec180000,0x00000000eca80000)
 ParOldGen       total 192512K, used 156708K [0x00000000c0000000, 0x00000000cbc00000, 0x00000000eab00000)
  object space 192512K, 81% used [0x00000000c0000000,0x00000000c99090d8,0x00000000cbc00000)
 Metaspace       used 79097K, committed 80320K, reserved 1179648K
  class space    used 8122K, committed 8576K, reserved 1048576K
}
Event: 1727.301 GC heap after
{Heap after GC invocations=198 (full 11):
 PSYoungGen      total 22016K, used 7767K [0x00000000eab00000, 0x00000000ec980000, 0x0000000100000000)
  eden space 13824K, 0% used [0x00000000eab00000,0x00000000eab00000,0x00000000eb880000)
  from space 8192K, 94% used [0x00000000ec180000,0x00000000ec915fa0,0x00000000ec980000)
  to   space 8704K, 0% used [0x00000000eb880000,0x00000000eb880000,0x00000000ec100000)
 ParOldGen       total 192512K, used 160390K [0x00000000c0000000, 0x00000000cbc00000, 0x00000000eab00000)
  object space 192512K, 83% used [0x00000000c0000000,0x00000000c9ca1b80,0x00000000cbc00000)
 Metaspace       used 79097K, committed 80320K, reserved 1179648K
  class space    used 8122K, committed 8576K, reserved 1048576K
}
Event: 1727.359 GC heap before
{Heap before GC invocations=199 (full 11):
 PSYoungGen      total 22016K, used 21591K [0x00000000eab00000, 0x00000000ec980000, 0x0000000100000000)
  eden space 13824K, 100% used [0x00000000eab00000,0x00000000eb880000,0x00000000eb880000)
  from space 8192K, 94% used [0x00000000ec180000,0x00000000ec915fa0,0x00000000ec980000)
  to   space 8704K, 0% used [0x00000000eb880000,0x00000000eb880000,0x00000000ec100000)
 ParOldGen       total 192512K, used 160390K [0x00000000c0000000, 0x00000000cbc00000, 0x00000000eab00000)
  object space 192512K, 83% used [0x00000000c0000000,0x00000000c9ca1b80,0x00000000cbc00000)
 Metaspace       used 79097K, committed 80320K, reserved 1179648K
  class space    used 8122K, committed 8576K, reserved 1048576K
}
Event: 1727.365 GC heap after
{Heap after GC invocations=199 (full 11):
 PSYoungGen      total 22528K, used 8685K [0x00000000eab00000, 0x00000000ed100000, 0x0000000100000000)
  eden space 13824K, 0% used [0x00000000eab00000,0x00000000eab00000,0x00000000eb880000)
  from space 8704K, 99% used [0x00000000eb880000,0x00000000ec0fb790,0x00000000ec100000)
  to   space 11776K, 0% used [0x00000000ec580000,0x00000000ec580000,0x00000000ed100000)
 ParOldGen       total 192512K, used 162525K [0x00000000c0000000, 0x00000000cbc00000, 0x00000000eab00000)
  object space 192512K, 84% used [0x00000000c0000000,0x00000000c9eb7470,0x00000000cbc00000)
 Metaspace       used 79097K, committed 80320K, reserved 1179648K
  class space    used 8122K, committed 8576K, reserved 1048576K
}
Event: 1727.419 GC heap before
{Heap before GC invocations=200 (full 11):
 PSYoungGen      total 22528K, used 22509K [0x00000000eab00000, 0x00000000ed100000, 0x0000000100000000)
  eden space 13824K, 100% used [0x00000000eab00000,0x00000000eb880000,0x00000000eb880000)
  from space 8704K, 99% used [0x00000000eb880000,0x00000000ec0fb790,0x00000000ec100000)
  to   space 11776K, 0% used [0x00000000ec580000,0x00000000ec580000,0x00000000ed100000)
 ParOldGen       total 192512K, used 162525K [0x00000000c0000000, 0x00000000cbc00000, 0x00000000eab00000)
  object space 192512K, 84% used [0x00000000c0000000,0x00000000c9eb7470,0x00000000cbc00000)
 Metaspace       used 79099K, committed 80320K, reserved 1179648K
  class space    used 8122K, committed 8576K, reserved 1048576K
}
Event: 1727.426 GC heap after
{Heap after GC invocations=200 (full 11):
 PSYoungGen      total 22016K, used 6506K [0x00000000eab00000, 0x00000000ecc00000, 0x0000000100000000)
  eden space 15360K, 0% used [0x00000000eab00000,0x00000000eab00000,0x00000000eba00000)
  from space 6656K, 97% used [0x00000000ec580000,0x00000000ecbdab58,0x00000000ecc00000)
  to   space 8192K, 0% used [0x00000000ebc00000,0x00000000ebc00000,0x00000000ec400000)
 ParOldGen       total 192512K, used 167843K [0x00000000c0000000, 0x00000000cbc00000, 0x00000000eab00000)
  object space 192512K, 87% used [0x00000000c0000000,0x00000000ca3e8cd8,0x00000000cbc00000)
 Metaspace       used 79099K, committed 80320K, reserved 1179648K
  class space    used 8122K, committed 8576K, reserved 1048576K
}
Event: 1727.469 GC heap before
{Heap before GC invocations=201 (full 11):
 PSYoungGen      total 22016K, used 21866K [0x00000000eab00000, 0x00000000ecc00000, 0x0000000100000000)
  eden space 15360K, 100% used [0x00000000eab00000,0x00000000eba00000,0x00000000eba00000)
  from space 6656K, 97% used [0x00000000ec580000,0x00000000ecbdab58,0x00000000ecc00000)
  to   space 8192K, 0% used [0x00000000ebc00000,0x00000000ebc00000,0x00000000ec400000)
 ParOldGen       total 192512K, used 167843K [0x00000000c0000000, 0x00000000cbc00000, 0x00000000eab00000)
  object space 192512K, 87% used [0x00000000c0000000,0x00000000ca3e8cd8,0x00000000cbc00000)
 Metaspace       used 79100K, committed 80320K, reserved 1179648K
  class space    used 8122K, committed 8576K, reserved 1048576K
}
Event: 1727.474 GC heap after
{Heap after GC invocations=201 (full 11):
 PSYoungGen      total 24064K, used 6788K [0x00000000eab00000, 0x00000000ec980000, 0x0000000100000000)
  eden space 16896K, 0% used [0x00000000eab00000,0x00000000eab00000,0x00000000ebb80000)
  from space 7168K, 94% used [0x00000000ebc00000,0x00000000ec2a1148,0x00000000ec300000)
  to   space 6656K, 0% used [0x00000000ec300000,0x00000000ec300000,0x00000000ec980000)
 ParOldGen       total 192512K, used 170967K [0x00000000c0000000, 0x00000000cbc00000, 0x00000000eab00000)
  object space 192512K, 88% used [0x00000000c0000000,0x00000000ca6f5cf8,0x00000000cbc00000)
 Metaspace       used 79100K, committed 80320K, reserved 1179648K
  class space    used 8122K, committed 8576K, reserved 1048576K
}
Event: 1727.520 GC heap before
{Heap before GC invocations=202 (full 11):
 PSYoungGen      total 24064K, used 23684K [0x00000000eab00000, 0x00000000ec980000, 0x0000000100000000)
  eden space 16896K, 100% used [0x00000000eab00000,0x00000000ebb80000,0x00000000ebb80000)
  from space 7168K, 94% used [0x00000000ebc00000,0x00000000ec2a1148,0x00000000ec300000)
  to   space 6656K, 0% used [0x00000000ec300000,0x00000000ec300000,0x00000000ec980000)
 ParOldGen       total 192512K, used 170967K [0x00000000c0000000, 0x00000000cbc00000, 0x00000000eab00000)
  object space 192512K, 88% used [0x00000000c0000000,0x00000000ca6f5cf8,0x00000000cbc00000)
 Metaspace       used 79104K, committed 80320K, reserved 1179648K
  class space    used 8122K, committed 8576K, reserved 1048576K
}
Event: 1727.525 GC heap after
{Heap after GC invocations=202 (full 11):
 PSYoungGen      total 19968K, used 6653K [0x00000000eab00000, 0x00000000ed380000, 0x0000000100000000)
  eden space 13312K, 0% used [0x00000000eab00000,0x00000000eab00000,0x00000000eb800000)
  from space 6656K, 99% used [0x00000000ec300000,0x00000000ec97f6c8,0x00000000ec980000)
  to   space 11264K, 0% used [0x00000000eb800000,0x00000000eb800000,0x00000000ec300000)
 ParOldGen       total 192512K, used 174535K [0x00000000c0000000, 0x00000000cbc00000, 0x00000000eab00000)
  object space 192512K, 90% used [0x00000000c0000000,0x00000000caa71c30,0x00000000cbc00000)
 Metaspace       used 79104K, committed 80320K, reserved 1179648K
  class space    used 8122K, committed 8576K, reserved 1048576K
}

