# JRE version: OpenJDK Runtime Environment Temurin-17.0.10+7 (17.0.10+7) (build 17.0.10+7)
# Java VM: OpenJDK 64-Bit Server VM Temurin-17.0.10+7 (17.0.10+7, mixed mode, tiered, compressed oops, compressed class ptrs, parallel gc, windows-amd64)
GC Precious Log:
 CPUs: 12 total, 12 available
 Memory: 8008M
 Large Page Support: Disabled
 NUMA Support: Disabled
 Compressed Oops: Enabled (32-bit)
 Alignments: Space 512K, Generation 512K, Heap 2M
 Heap Min Capacity: 100M
 Heap Initial Capacity: 100M
 Heap Max Capacity: 1G
 Pre-touch: Disabled
 Parallel Workers: 10
Heap:
 PSYoungGen      total 8192K, used 3080K [0x00000000eab00000, 0x00000000eb680000, 0x0000000100000000)
  eden space 6656K, 23% used [0x00000000eab00000,0x00000000eac831c0,0x00000000eb180000)
  from space 1536K, 99% used [0x00000000eb500000,0x00000000eb67ef48,0x00000000eb680000)
  to   space 2048K, 0% used [0x00000000eb280000,0x00000000eb280000,0x00000000eb480000)
 ParOldGen       total 114688K, used 99439K [0x00000000c0000000, 0x00000000c7000000, 0x00000000eab00000)
  object space 114688K, 86% used [0x00000000c0000000,0x00000000c611be68,0x00000000c7000000)
 Metaspace       used 83283K, committed 84672K, reserved 1179648K
  class space    used 8922K, committed 9536K, reserved 1048576K
GC Heap History (20 events):
Event: 9.908 GC heap before
{Heap before GC invocations=204 (full 9):
 PSYoungGen      total 6144K, used 5515K [0x00000000eab00000, 0x00000000eb280000, 0x0000000100000000)
  eden space 4608K, 100% used [0x00000000eab00000,0x00000000eaf80000,0x00000000eaf80000)
  from space 1536K, 59% used [0x00000000eb100000,0x00000000eb1e2e18,0x00000000eb280000)
  to   space 1536K, 0% used [0x00000000eaf80000,0x00000000eaf80000,0x00000000eb100000)
 ParOldGen       total 114688K, used 85684K [0x00000000c0000000, 0x00000000c7000000, 0x00000000eab00000)
  object space 114688K, 74% used [0x00000000c0000000,0x00000000c53ad168,0x00000000c7000000)
 Metaspace       used 82665K, committed 84032K, reserved 1179648K
  class space    used 8860K, committed 9408K, reserved 1048576K
}
Event: 9.910 GC heap after
{Heap after GC invocations=204 (full 9):
 PSYoungGen      total 6144K, used 1515K [0x00000000eab00000, 0x00000000eb400000, 0x0000000100000000)
  eden space 4608K, 0% used [0x00000000eab00000,0x00000000eab00000,0x00000000eaf80000)
  from space 1536K, 98% used [0x00000000eaf80000,0x00000000eb0fae18,0x00000000eb100000)
  to   space 2048K, 0% used [0x00000000eb200000,0x00000000eb200000,0x00000000eb400000)
 ParOldGen       total 114688K, used 85779K [0x00000000c0000000, 0x00000000c7000000, 0x00000000eab00000)
  object space 114688K, 74% used [0x00000000c0000000,0x00000000c53c4c80,0x00000000c7000000)
 Metaspace       used 82665K, committed 84032K, reserved 1179648K
  class space    used 8860K, committed 9408K, reserved 1048576K
}
Event: 9.924 GC heap before
{Heap before GC invocations=205 (full 9):
 PSYoungGen      total 6144K, used 6123K [0x00000000eab00000, 0x00000000eb400000, 0x0000000100000000)
  eden space 4608K, 100% used [0x00000000eab00000,0x00000000eaf80000,0x00000000eaf80000)
  from space 1536K, 98% used [0x00000000eaf80000,0x00000000eb0fae18,0x00000000eb100000)
  to   space 2048K, 0% used [0x00000000eb200000,0x00000000eb200000,0x00000000eb400000)
 ParOldGen       total 114688K, used 85779K [0x00000000c0000000, 0x00000000c7000000, 0x00000000eab00000)
  object space 114688K, 74% used [0x00000000c0000000,0x00000000c53c4c80,0x00000000c7000000)
 Metaspace       used 82732K, committed 84160K, reserved 1179648K
  class space    used 8867K, committed 9472K, reserved 1048576K
}
Event: 9.925 GC heap after
{Heap after GC invocations=205 (full 9):
 PSYoungGen      total 6144K, used 1017K [0x00000000eab00000, 0x00000000eb300000, 0x0000000100000000)
  eden space 5120K, 0% used [0x00000000eab00000,0x00000000eab00000,0x00000000eb000000)
  from space 1024K, 99% used [0x00000000eb200000,0x00000000eb2fe550,0x00000000eb300000)
  to   space 1536K, 0% used [0x00000000eb000000,0x00000000eb000000,0x00000000eb180000)
 ParOldGen       total 114688K, used 87256K [0x00000000c0000000, 0x00000000c7000000, 0x00000000eab00000)
  object space 114688K, 76% used [0x00000000c0000000,0x00000000c5536160,0x00000000c7000000)
 Metaspace       used 82732K, committed 84160K, reserved 1179648K
  class space    used 8867K, committed 9472K, reserved 1048576K
}
Event: 9.944 GC heap before
{Heap before GC invocations=206 (full 9):
 PSYoungGen      total 6144K, used 6137K [0x00000000eab00000, 0x00000000eb300000, 0x0000000100000000)
  eden space 5120K, 100% used [0x00000000eab00000,0x00000000eb000000,0x00000000eb000000)
  from space 1024K, 99% used [0x00000000eb200000,0x00000000eb2fe550,0x00000000eb300000)
  to   space 1536K, 0% used [0x00000000eb000000,0x00000000eb000000,0x00000000eb180000)
 ParOldGen       total 114688K, used 87256K [0x00000000c0000000, 0x00000000c7000000, 0x00000000eab00000)
  object space 114688K, 76% used [0x00000000c0000000,0x00000000c5536160,0x00000000c7000000)
 Metaspace       used 82823K, committed 84224K, reserved 1179648K
  class space    used 8880K, committed 9472K, reserved 1048576K
}
Event: 9.945 GC heap after
{Heap after GC invocations=206 (full 9):
 PSYoungGen      total 6656K, used 1520K [0x00000000eab00000, 0x00000000eb580000, 0x0000000100000000)
  eden space 5120K, 0% used [0x00000000eab00000,0x00000000eab00000,0x00000000eb000000)
  from space 1536K, 98% used [0x00000000eb000000,0x00000000eb17c038,0x00000000eb180000)
  to   space 2560K, 0% used [0x00000000eb300000,0x00000000eb300000,0x00000000eb580000)
 ParOldGen       total 114688K, used 87669K [0x00000000c0000000, 0x00000000c7000000, 0x00000000eab00000)
  object space 114688K, 76% used [0x00000000c0000000,0x00000000c559d6a0,0x00000000c7000000)
 Metaspace       used 82823K, committed 84224K, reserved 1179648K
  class space    used 8880K, committed 9472K, reserved 1048576K
}
Event: 9.961 GC heap before
{Heap before GC invocations=207 (full 9):
 PSYoungGen      total 6656K, used 6640K [0x00000000eab00000, 0x00000000eb580000, 0x0000000100000000)
  eden space 5120K, 100% used [0x00000000eab00000,0x00000000eb000000,0x00000000eb000000)
  from space 1536K, 98% used [0x00000000eb000000,0x00000000eb17c038,0x00000000eb180000)
  to   space 2560K, 0% used [0x00000000eb300000,0x00000000eb300000,0x00000000eb580000)
 ParOldGen       total 114688K, used 87669K [0x00000000c0000000, 0x00000000c7000000, 0x00000000eab00000)
  object space 114688K, 76% used [0x00000000c0000000,0x00000000c559d6a0,0x00000000c7000000)
 Metaspace       used 82972K, committed 84352K, reserved 1179648K
  class space    used 8888K, committed 9472K, reserved 1048576K
}
Event: 9.963 GC heap after
{Heap after GC invocations=207 (full 9):
 PSYoungGen      total 7168K, used 1325K [0x00000000eab00000, 0x00000000eb480000, 0x0000000100000000)
  eden space 5632K, 0% used [0x00000000eab00000,0x00000000eab00000,0x00000000eb080000)
  from space 1536K, 86% used [0x00000000eb300000,0x00000000eb44b400,0x00000000eb480000)
  to   space 2048K, 0% used [0x00000000eb080000,0x00000000eb080000,0x00000000eb280000)
 ParOldGen       total 114688K, used 89099K [0x00000000c0000000, 0x00000000c7000000, 0x00000000eab00000)
  object space 114688K, 77% used [0x00000000c0000000,0x00000000c5702e68,0x00000000c7000000)
 Metaspace       used 82972K, committed 84352K, reserved 1179648K
  class space    used 8888K, committed 9472K, reserved 1048576K
}
Event: 9.978 GC heap before
{Heap before GC invocations=208 (full 9):
 PSYoungGen      total 7168K, used 6957K [0x00000000eab00000, 0x00000000eb480000, 0x0000000100000000)
  eden space 5632K, 100% used [0x00000000eab00000,0x00000000eb080000,0x00000000eb080000)
  from space 1536K, 86% used [0x00000000eb300000,0x00000000eb44b400,0x00000000eb480000)
  to   space 2048K, 0% used [0x00000000eb080000,0x00000000eb080000,0x00000000eb280000)
 ParOldGen       total 114688K, used 89099K [0x00000000c0000000, 0x00000000c7000000, 0x00000000eab00000)
  object space 114688K, 77% used [0x00000000c0000000,0x00000000c5702e68,0x00000000c7000000)
 Metaspace       used 83108K, committed 84480K, reserved 1179648K
  class space    used 8902K, committed 9472K, reserved 1048576K
}
Event: 9.979 GC heap after
{Heap after GC invocations=208 (full 9):
 PSYoungGen      total 7680K, used 2033K [0x00000000eab00000, 0x00000000eb680000, 0x0000000100000000)
  eden space 5632K, 0% used [0x00000000eab00000,0x00000000eab00000,0x00000000eb080000)
  from space 2048K, 99% used [0x00000000eb080000,0x00000000eb27c568,0x00000000eb280000)
  to   space 2560K, 0% used [0x00000000eb400000,0x00000000eb400000,0x00000000eb680000)
 ParOldGen       total 114688K, used 89333K [0x00000000c0000000, 0x00000000c7000000, 0x00000000eab00000)
  object space 114688K, 77% used [0x00000000c0000000,0x00000000c573d668,0x00000000c7000000)
 Metaspace       used 83108K, committed 84480K, reserved 1179648K
  class space    used 8902K, committed 9472K, reserved 1048576K
}
Event: 9.993 GC heap before
{Heap before GC invocations=209 (full 9):
 PSYoungGen      total 7680K, used 7665K [0x00000000eab00000, 0x00000000eb680000, 0x0000000100000000)
  eden space 5632K, 100% used [0x00000000eab00000,0x00000000eb080000,0x00000000eb080000)
  from space 2048K, 99% used [0x00000000eb080000,0x00000000eb27c568,0x00000000eb280000)
  to   space 2560K, 0% used [0x00000000eb400000,0x00000000eb400000,0x00000000eb680000)
 ParOldGen       total 114688K, used 89333K [0x00000000c0000000, 0x00000000c7000000, 0x00000000eab00000)
  object space 114688K, 77% used [0x00000000c0000000,0x00000000c573d668,0x00000000c7000000)
 Metaspace       used 83208K, committed 84544K, reserved 1179648K
  class space    used 8911K, committed 9472K, reserved 1048576K
}
Event: 9.995 GC heap after
{Heap after GC invocations=209 (full 9):
 PSYoungGen      total 8192K, used 1161K [0x00000000eab00000, 0x00000000eb580000, 0x0000000100000000)
  eden space 6656K, 0% used [0x00000000eab00000,0x00000000eab00000,0x00000000eb180000)
  from space 1536K, 75% used [0x00000000eb400000,0x00000000eb522790,0x00000000eb580000)
  to   space 2048K, 0% used [0x00000000eb180000,0x00000000eb180000,0x00000000eb380000)
 ParOldGen       total 114688K, used 91351K [0x00000000c0000000, 0x00000000c7000000, 0x00000000eab00000)
  object space 114688K, 79% used [0x00000000c0000000,0x00000000c5935f98,0x00000000c7000000)
 Metaspace       used 83208K, committed 84544K, reserved 1179648K
  class space    used 8911K, committed 9472K, reserved 1048576K
}
Event: 10.013 GC heap before
{Heap before GC invocations=210 (full 9):
 PSYoungGen      total 8192K, used 7817K [0x00000000eab00000, 0x00000000eb580000, 0x0000000100000000)
  eden space 6656K, 100% used [0x00000000eab00000,0x00000000eb180000,0x00000000eb180000)
  from space 1536K, 75% used [0x00000000eb400000,0x00000000eb522790,0x00000000eb580000)
  to   space 2048K, 0% used [0x00000000eb180000,0x00000000eb180000,0x00000000eb380000)
 ParOldGen       total 114688K, used 91351K [0x00000000c0000000, 0x00000000c7000000, 0x00000000eab00000)
  object space 114688K, 79% used [0x00000000c0000000,0x00000000c5935f98,0x00000000c7000000)
 Metaspace       used 83250K, committed 84608K, reserved 1179648K
  class space    used 8916K, committed 9472K, reserved 1048576K
}
Event: 10.015 GC heap after
{Heap after GC invocations=210 (full 9):
 PSYoungGen      total 8704K, used 2037K [0x00000000eab00000, 0x00000000eb780000, 0x0000000100000000)
  eden space 6656K, 0% used [0x00000000eab00000,0x00000000eab00000,0x00000000eb180000)
  from space 2048K, 99% used [0x00000000eb180000,0x00000000eb37d7f0,0x00000000eb380000)
  to   space 2560K, 0% used [0x00000000eb500000,0x00000000eb500000,0x00000000eb780000)
 ParOldGen       total 114688K, used 91609K [0x00000000c0000000, 0x00000000c7000000, 0x00000000eab00000)
  object space 114688K, 79% used [0x00000000c0000000,0x00000000c5976708,0x00000000c7000000)
 Metaspace       used 83250K, committed 84608K, reserved 1179648K
  class space    used 8916K, committed 9472K, reserved 1048576K
}
Event: 10.041 GC heap before
{Heap before GC invocations=211 (full 9):
 PSYoungGen      total 8704K, used 8693K [0x00000000eab00000, 0x00000000eb780000, 0x0000000100000000)
  eden space 6656K, 100% used [0x00000000eab00000,0x00000000eb180000,0x00000000eb180000)
  from space 2048K, 99% used [0x00000000eb180000,0x00000000eb37d7f0,0x00000000eb380000)
  to   space 2560K, 0% used [0x00000000eb500000,0x00000000eb500000,0x00000000eb780000)
 ParOldGen       total 114688K, used 91609K [0x00000000c0000000, 0x00000000c7000000, 0x00000000eab00000)
  object space 114688K, 79% used [0x00000000c0000000,0x00000000c5976708,0x00000000c7000000)
 Metaspace       used 83254K, committed 84608K, reserved 1179648K
  class space    used 8916K, committed 9472K, reserved 1048576K
}
Event: 10.043 GC heap after
{Heap after GC invocations=211 (full 9):
 PSYoungGen      total 8704K, used 1678K [0x00000000eab00000, 0x00000000eb700000, 0x0000000100000000)
  eden space 6656K, 0% used [0x00000000eab00000,0x00000000eab00000,0x00000000eb180000)
  from space 2048K, 81% used [0x00000000eb500000,0x00000000eb6a3be0,0x00000000eb700000)
  to   space 2048K, 0% used [0x00000000eb180000,0x00000000eb180000,0x00000000eb380000)
 ParOldGen       total 114688K, used 93503K [0x00000000c0000000, 0x00000000c7000000, 0x00000000eab00000)
  object space 114688K, 81% used [0x00000000c0000000,0x00000000c5b4fe68,0x00000000c7000000)
 Metaspace       used 83254K, committed 84608K, reserved 1179648K
  class space    used 8916K, committed 9472K, reserved 1048576K
}
Event: 10.064 GC heap before
{Heap before GC invocations=212 (full 9):
 PSYoungGen      total 8704K, used 8334K [0x00000000eab00000, 0x00000000eb700000, 0x0000000100000000)
  eden space 6656K, 100% used [0x00000000eab00000,0x00000000eb180000,0x00000000eb180000)
  from space 2048K, 81% used [0x00000000eb500000,0x00000000eb6a3be0,0x00000000eb700000)
  to   space 2048K, 0% used [0x00000000eb180000,0x00000000eb180000,0x00000000eb380000)
 ParOldGen       total 114688K, used 93503K [0x00000000c0000000, 0x00000000c7000000, 0x00000000eab00000)
  object space 114688K, 81% used [0x00000000c0000000,0x00000000c5b4fe68,0x00000000c7000000)
 Metaspace       used 83254K, committed 84608K, reserved 1179648K
  class space    used 8916K, committed 9472K, reserved 1048576K
}
Event: 10.066 GC heap after
{Heap after GC invocations=212 (full 9):
 PSYoungGen      total 8704K, used 2032K [0x00000000eab00000, 0x00000000eb880000, 0x0000000100000000)
  eden space 6656K, 0% used [0x00000000eab00000,0x00000000eab00000,0x00000000eb180000)
  from space 2048K, 99% used [0x00000000eb180000,0x00000000eb37c2e0,0x00000000eb380000)
  to   space 3584K, 0% used [0x00000000eb500000,0x00000000eb500000,0x00000000eb880000)
 ParOldGen       total 114688K, used 94379K [0x00000000c0000000, 0x00000000c7000000, 0x00000000eab00000)
  object space 114688K, 82% used [0x00000000c0000000,0x00000000c5c2ac50,0x00000000c7000000)
 Metaspace       used 83254K, committed 84608K, reserved 1179648K
  class space    used 8916K, committed 9472K, reserved 1048576K
}
Event: 10.088 GC heap before
{Heap before GC invocations=213 (full 9):
 PSYoungGen      total 8704K, used 8688K [0x00000000eab00000, 0x00000000eb880000, 0x0000000100000000)
  eden space 6656K, 100% used [0x00000000eab00000,0x00000000eb180000,0x00000000eb180000)
  from space 2048K, 99% used [0x00000000eb180000,0x00000000eb37c2e0,0x00000000eb380000)
  to   space 3584K, 0% used [0x00000000eb500000,0x00000000eb500000,0x00000000eb880000)
 ParOldGen       total 114688K, used 94379K [0x00000000c0000000, 0x00000000c7000000, 0x00000000eab00000)
  object space 114688K, 82% used [0x00000000c0000000,0x00000000c5c2ac50,0x00000000c7000000)
 Metaspace       used 83255K, committed 84608K, reserved 1179648K
  class space    used 8916K, committed 9472K, reserved 1048576K
}
Event: 10.089 GC heap after
{Heap after GC invocations=213 (full 9):
 PSYoungGen      total 8192K, used 1509K [0x00000000eab00000, 0x00000000eb680000, 0x0000000100000000)
  eden space 6656K, 0% used [0x00000000eab00000,0x00000000eab00000,0x00000000eb180000)
  from space 1536K, 98% used [0x00000000eb500000,0x00000000eb679678,0x00000000eb680000)
  to   space 2048K, 0% used [0x00000000eb280000,0x00000000eb280000,0x00000000eb480000)
 ParOldGen       total 114688K, used 96375K [0x00000000c0000000, 0x00000000c7000000, 0x00000000eab00000)
  object space 114688K, 84% used [0x00000000c0000000,0x00000000c5e1dee0,0x00000000c7000000)
 Metaspace       used 83255K, committed 84608K, reserved 1179648K
  class space    used 8916K, committed 9472K, reserved 1048576K
}

