# JRE version: Java(TM) SE Runtime Environment (17.0.10+11) (build 17.0.10+11-LTS-240)
# Java VM: Java HotSpot(TM) 64-Bit Server VM (17.0.10+11-LTS-240, mixed mode, emulated-client, sharing, tiered, compressed oops, compressed class ptrs, g1 gc, windows-amd64)
GC Precious Log:
 CPUs: 12 total, 12 available
 Memory: 8008M
 Large Page Support: Disabled
 NUMA Support: Disabled
 Compressed Oops: Enabled (32-bit)
 Heap Region Size: 1M
 Heap Min Capacity: 8M
 Heap Initial Capacity: 126M
 Heap Max Capacity: 2004M
 Pre-touch: Disabled
 Parallel Workers: 10
 Concurrent Workers: 3
 Concurrent Refinement Workers: 10
 Periodic GC: Disabled
Heap:
 garbage-first heap   total 151552K, used 67785K [0x0000000082c00000, 0x0000000100000000)
  region size 1024K, 36 young (36864K), 7 survivors (7168K)
 Metaspace       used 80523K, committed 82752K, reserved 1179648K
  class space    used 11728K, committed 12672K, reserved 1048576K
GC Heap History (20 events):
Event: 5857.484 GC heap before
{Heap before GC invocations=407 (full 101):
 garbage-first heap   total 116736K, used 68840K [0x0000000082c00000, 0x0000000100000000)
  region size 1024K, 38 young (38912K), 7 survivors (7168K)
 Metaspace       used 79173K, committed 82752K, reserved 1179648K
  class space    used 11586K, committed 12672K, reserved 1048576K
}
Event: 5857.763 GC heap after
{Heap after GC invocations=408 (full 102):
 garbage-first heap   total 116736K, used 31969K [0x0000000082c00000, 0x0000000100000000)
  region size 1024K, 0 young (0K), 0 survivors (0K)
 Metaspace       used 79170K, committed 82752K, reserved 1179648K
  class space    used 11585K, committed 12672K, reserved 1048576K
}
Event: 5859.911 GC heap before
{Heap before GC invocations=408 (full 102):
 garbage-first heap   total 116736K, used 89313K [0x0000000082c00000, 0x0000000100000000)
  region size 1024K, 57 young (58368K), 0 survivors (0K)
 Metaspace       used 79325K, committed 82752K, reserved 1179648K
  class space    used 11606K, committed 12672K, reserved 1048576K
}
Event: 5859.921 GC heap after
{Heap after GC invocations=409 (full 102):
 garbage-first heap   total 116736K, used 36253K [0x0000000082c00000, 0x0000000100000000)
  region size 1024K, 5 young (5120K), 5 survivors (5120K)
 Metaspace       used 79325K, committed 82752K, reserved 1179648K
  class space    used 11606K, committed 12672K, reserved 1048576K
}
Event: 5863.802 GC heap before
{Heap before GC invocations=409 (full 102):
 garbage-first heap   total 116736K, used 90525K [0x0000000082c00000, 0x0000000100000000)
  region size 1024K, 58 young (59392K), 5 survivors (5120K)
 Metaspace       used 79624K, committed 82752K, reserved 1179648K
  class space    used 11634K, committed 12672K, reserved 1048576K
}
Event: 5863.813 GC heap after
{Heap after GC invocations=410 (full 102):
 garbage-first heap   total 116736K, used 38617K [0x0000000082c00000, 0x0000000100000000)
  region size 1024K, 7 young (7168K), 7 survivors (7168K)
 Metaspace       used 79624K, committed 82752K, reserved 1179648K
  class space    used 11634K, committed 12672K, reserved 1048576K
}
Event: 5883.518 GC heap before
{Heap before GC invocations=410 (full 102):
 garbage-first heap   total 116736K, used 90841K [0x0000000082c00000, 0x0000000100000000)
  region size 1024K, 58 young (59392K), 7 survivors (7168K)
 Metaspace       used 79626K, committed 82752K, reserved 1179648K
  class space    used 11634K, committed 12672K, reserved 1048576K
}
Event: 5883.529 GC heap after
{Heap after GC invocations=411 (full 102):
 garbage-first heap   total 116736K, used 38203K [0x0000000082c00000, 0x0000000100000000)
  region size 1024K, 4 young (4096K), 4 survivors (4096K)
 Metaspace       used 79626K, committed 82752K, reserved 1179648K
  class space    used 11634K, committed 12672K, reserved 1048576K
}
Event: 5900.082 GC heap before
{Heap before GC invocations=411 (full 102):
 garbage-first heap   total 116736K, used 77115K [0x0000000082c00000, 0x0000000100000000)
  region size 1024K, 43 young (44032K), 4 survivors (4096K)
 Metaspace       used 79629K, committed 82752K, reserved 1179648K
  class space    used 11635K, committed 12672K, reserved 1048576K
}
Event: 5900.281 GC heap after
{Heap after GC invocations=412 (full 103):
 garbage-first heap   total 116736K, used 32613K [0x0000000082c00000, 0x0000000100000000)
  region size 1024K, 0 young (0K), 0 survivors (0K)
 Metaspace       used 79626K, committed 82752K, reserved 1179648K
  class space    used 11634K, committed 12672K, reserved 1048576K
}
Event: 5901.923 GC heap before
{Heap before GC invocations=412 (full 103):
 garbage-first heap   total 116736K, used 89957K [0x0000000082c00000, 0x0000000100000000)
  region size 1024K, 57 young (58368K), 0 survivors (0K)
 Metaspace       used 79748K, committed 82752K, reserved 1179648K
  class space    used 11649K, committed 12672K, reserved 1048576K
}
Event: 5901.931 GC heap after
{Heap after GC invocations=413 (full 103):
 garbage-first heap   total 116736K, used 37084K [0x0000000082c00000, 0x0000000100000000)
  region size 1024K, 5 young (5120K), 5 survivors (5120K)
 Metaspace       used 79748K, committed 82752K, reserved 1179648K
  class space    used 11649K, committed 12672K, reserved 1048576K
}
Event: 5906.256 GC heap before
{Heap before GC invocations=413 (full 103):
 garbage-first heap   total 116736K, used 91356K [0x0000000082c00000, 0x0000000100000000)
  region size 1024K, 58 young (59392K), 5 survivors (5120K)
 Metaspace       used 80033K, committed 82752K, reserved 1179648K
  class space    used 11674K, committed 12672K, reserved 1048576K
}
Event: 5906.264 GC heap after
{Heap after GC invocations=414 (full 103):
 garbage-first heap   total 116736K, used 39709K [0x0000000082c00000, 0x0000000100000000)
  region size 1024K, 4 young (4096K), 4 survivors (4096K)
 Metaspace       used 80033K, committed 82752K, reserved 1179648K
  class space    used 11674K, committed 12672K, reserved 1048576K
}
Event: 5920.868 GC heap before
{Heap before GC invocations=414 (full 103):
 garbage-first heap   total 116736K, used 84765K [0x0000000082c00000, 0x0000000100000000)
  region size 1024K, 50 young (51200K), 4 survivors (4096K)
 Metaspace       used 80037K, committed 82752K, reserved 1179648K
  class space    used 11675K, committed 12672K, reserved 1048576K
}
Event: 5921.025 GC heap after
{Heap after GC invocations=415 (full 104):
 garbage-first heap   total 116736K, used 32564K [0x0000000082c00000, 0x0000000100000000)
  region size 1024K, 0 young (0K), 0 survivors (0K)
 Metaspace       used 80035K, committed 82752K, reserved 1179648K
  class space    used 11674K, committed 12672K, reserved 1048576K
}
Event: 5922.818 GC heap before
{Heap before GC invocations=415 (full 104):
 garbage-first heap   total 116736K, used 89908K [0x0000000082c00000, 0x0000000100000000)
  region size 1024K, 57 young (58368K), 0 survivors (0K)
 Metaspace       used 80208K, committed 82752K, reserved 1179648K
  class space    used 11698K, committed 12672K, reserved 1048576K
}
Event: 5922.829 GC heap after
{Heap after GC invocations=416 (full 104):
 garbage-first heap   total 151552K, used 37328K [0x0000000082c00000, 0x0000000100000000)
  region size 1024K, 5 young (5120K), 5 survivors (5120K)
 Metaspace       used 80208K, committed 82752K, reserved 1179648K
  class space    used 11698K, committed 12672K, reserved 1048576K
}
Event: 5932.753 GC heap before
{Heap before GC invocations=416 (full 104):
 garbage-first heap   total 151552K, used 116176K [0x0000000082c00000, 0x0000000100000000)
  region size 1024K, 82 young (83968K), 5 survivors (5120K)
 Metaspace       used 80520K, committed 82752K, reserved 1179648K
  class space    used 11728K, committed 12672K, reserved 1048576K
}
Event: 5932.761 GC heap after
{Heap after GC invocations=417 (full 104):
 garbage-first heap   total 151552K, used 39113K [0x0000000082c00000, 0x0000000100000000)
  region size 1024K, 7 young (7168K), 7 survivors (7168K)
 Metaspace       used 80520K, committed 82752K, reserved 1179648K
  class space    used 11728K, committed 12672K, reserved 1048576K
}

