# JRE version: Java(TM) SE Runtime Environment (17.0.10+11) (build 17.0.10+11-LTS-240)
# Java VM: Java HotSpot(TM) 64-Bit Server VM (17.0.10+11-LTS-240, mixed mode, emulated-client, sharing, tiered, compressed oops, compressed class ptrs, g1 gc, windows-amd64)
GC Precious Log:
 CPUs: 12 total, 12 available
 Memory: 8008M
 Large Page Support: Disabled
 NUMA Support: Disabled
 Compressed Oops: Enabled (32-bit)
 Heap Region Size: 1M
 Heap Min Capacity: 8M
 Heap Initial Capacity: 126M
 Heap Max Capacity: 2004M
 Pre-touch: Disabled
 Parallel Workers: 10
 Concurrent Workers: 3
 Concurrent Refinement Workers: 10
 Periodic GC: Disabled
Heap:
 garbage-first heap   total 96256K, used 64836K [0x0000000082c00000, 0x0000000100000000)
  region size 1024K, 32 young (32768K), 3 survivors (3072K)
 Metaspace       used 78815K, committed 79488K, reserved 1179648K
  class space    used 11474K, committed 11776K, reserved 1048576K
GC Heap History (20 events):
Event: 866.662 GC heap before
{Heap before GC invocations=50 (full 5):
 garbage-first heap   total 79872K, used 40186K [0x0000000082c00000, 0x0000000100000000)
  region size 1024K, 6 young (6144K), 3 survivors (3072K)
 Metaspace       used 79137K, committed 79808K, reserved 1179648K
  class space    used 11501K, committed 11776K, reserved 1048576K
}
Event: 866.729 GC heap after
{Heap after GC invocations=51 (full 6):
 garbage-first heap   total 79872K, used 27836K [0x0000000082c00000, 0x0000000100000000)
  region size 1024K, 0 young (0K), 0 survivors (0K)
 Metaspace       used 78524K, committed 79680K, reserved 1179648K
  class space    used 11443K, committed 11776K, reserved 1048576K
}
Event: 867.083 GC heap before
{Heap before GC invocations=51 (full 6):
 garbage-first heap   total 79872K, used 61628K [0x0000000082c00000, 0x0000000100000000)
  region size 1024K, 34 young (34816K), 0 survivors (0K)
 Metaspace       used 78628K, committed 79680K, reserved 1179648K
  class space    used 11458K, committed 11776K, reserved 1048576K
}
Event: 867.086 GC heap after
{Heap after GC invocations=52 (full 6):
 garbage-first heap   total 79872K, used 31139K [0x0000000082c00000, 0x0000000100000000)
  region size 1024K, 4 young (4096K), 4 survivors (4096K)
 Metaspace       used 78628K, committed 79680K, reserved 1179648K
  class space    used 11458K, committed 11776K, reserved 1048576K
}
Event: 871.205 GC heap before
{Heap before GC invocations=52 (full 6):
 garbage-first heap   total 79872K, used 61859K [0x0000000082c00000, 0x0000000100000000)
  region size 1024K, 34 young (34816K), 4 survivors (4096K)
 Metaspace       used 78742K, committed 79680K, reserved 1179648K
  class space    used 11474K, committed 11776K, reserved 1048576K
}
Event: 871.208 GC heap after
{Heap after GC invocations=53 (full 6):
 garbage-first heap   total 79872K, used 33604K [0x0000000082c00000, 0x0000000100000000)
  region size 1024K, 3 young (3072K), 3 survivors (3072K)
 Metaspace       used 78742K, committed 79680K, reserved 1179648K
  class space    used 11474K, committed 11776K, reserved 1048576K
}
Event: 873.059 GC heap before
{Heap before GC invocations=53 (full 6):
 garbage-first heap   total 79872K, used 62276K [0x0000000082c00000, 0x0000000100000000)
  region size 1024K, 31 young (31744K), 3 survivors (3072K)
 Metaspace       used 78985K, committed 79680K, reserved 1179648K
  class space    used 11491K, committed 11776K, reserved 1048576K
}
Event: 873.062 GC heap after
{Heap after GC invocations=54 (full 6):
 garbage-first heap   total 79872K, used 35460K [0x0000000082c00000, 0x0000000100000000)
  region size 1024K, 3 young (3072K), 3 survivors (3072K)
 Metaspace       used 78985K, committed 79680K, reserved 1179648K
  class space    used 11491K, committed 11776K, reserved 1048576K
}
Event: 875.538 GC heap before
{Heap before GC invocations=54 (full 6):
 garbage-first heap   total 79872K, used 55940K [0x0000000082c00000, 0x0000000100000000)
  region size 1024K, 24 young (24576K), 3 survivors (3072K)
 Metaspace       used 78999K, committed 79680K, reserved 1179648K
  class space    used 11493K, committed 11776K, reserved 1048576K
}
Event: 875.597 GC heap after
{Heap after GC invocations=55 (full 7):
 garbage-first heap   total 79872K, used 30441K [0x0000000082c00000, 0x0000000100000000)
  region size 1024K, 0 young (0K), 0 survivors (0K)
 Metaspace       used 78337K, committed 79360K, reserved 1179648K
  class space    used 11425K, committed 11776K, reserved 1048576K
}
Event: 875.812 GC heap before
{Heap before GC invocations=55 (full 7):
 garbage-first heap   total 79872K, used 63209K [0x0000000082c00000, 0x0000000100000000)
  region size 1024K, 32 young (32768K), 0 survivors (0K)
 Metaspace       used 78424K, committed 79360K, reserved 1179648K
  class space    used 11437K, committed 11776K, reserved 1048576K
}
Event: 875.815 GC heap after
{Heap after GC invocations=56 (full 7):
 garbage-first heap   total 96256K, used 33311K [0x0000000082c00000, 0x0000000100000000)
  region size 1024K, 3 young (3072K), 3 survivors (3072K)
 Metaspace       used 78424K, committed 79360K, reserved 1179648K
  class space    used 11437K, committed 11776K, reserved 1048576K
}
Event: 880.998 GC heap before
{Heap before GC invocations=56 (full 7):
 garbage-first heap   total 96256K, used 73247K [0x0000000082c00000, 0x0000000100000000)
  region size 1024K, 42 young (43008K), 3 survivors (3072K)
 Metaspace       used 78686K, committed 79360K, reserved 1179648K
  class space    used 11463K, committed 11776K, reserved 1048576K
}
Event: 881.002 GC heap after
{Heap after GC invocations=57 (full 7):
 garbage-first heap   total 96256K, used 35518K [0x0000000082c00000, 0x0000000100000000)
  region size 1024K, 5 young (5120K), 5 survivors (5120K)
 Metaspace       used 78686K, committed 79360K, reserved 1179648K
  class space    used 11463K, committed 11776K, reserved 1048576K
}
Event: 884.364 GC heap before
{Heap before GC invocations=57 (full 7):
 garbage-first heap   total 96256K, used 72382K [0x0000000082c00000, 0x0000000100000000)
  region size 1024K, 42 young (43008K), 5 survivors (5120K)
 Metaspace       used 78811K, committed 79488K, reserved 1179648K
  class space    used 11475K, committed 11776K, reserved 1048576K
}
Event: 884.420 GC heap after
{Heap after GC invocations=58 (full 8):
 garbage-first heap   total 96256K, used 30584K [0x0000000082c00000, 0x0000000100000000)
  region size 1024K, 0 young (0K), 0 survivors (0K)
 Metaspace       used 78384K, committed 79360K, reserved 1179648K
  class space    used 11432K, committed 11776K, reserved 1048576K
}
Event: 884.675 GC heap before
{Heap before GC invocations=58 (full 8):
 garbage-first heap   total 96256K, used 72568K [0x0000000082c00000, 0x0000000100000000)
  region size 1024K, 41 young (41984K), 0 survivors (0K)
 Metaspace       used 78513K, committed 79360K, reserved 1179648K
  class space    used 11448K, committed 11776K, reserved 1048576K
}
Event: 884.677 GC heap after
{Heap after GC invocations=59 (full 8):
 garbage-first heap   total 96256K, used 34350K [0x0000000082c00000, 0x0000000100000000)
  region size 1024K, 4 young (4096K), 4 survivors (4096K)
 Metaspace       used 78513K, committed 79360K, reserved 1179648K
  class space    used 11448K, committed 11776K, reserved 1048576K
}
Event: 888.376 GC heap before
{Heap before GC invocations=59 (full 8):
 garbage-first heap   total 96256K, used 74286K [0x0000000082c00000, 0x0000000100000000)
  region size 1024K, 43 young (44032K), 4 survivors (4096K)
 Metaspace       used 78780K, committed 79424K, reserved 1179648K
  class space    used 11471K, committed 11776K, reserved 1048576K
}
Event: 888.379 GC heap after
{Heap after GC invocations=60 (full 8):
 garbage-first heap   total 96256K, used 36164K [0x0000000082c00000, 0x0000000100000000)
  region size 1024K, 3 young (3072K), 3 survivors (3072K)
 Metaspace       used 78780K, committed 79424K, reserved 1179648K
  class space    used 11471K, committed 11776K, reserved 1048576K
}

