# JRE version: OpenJDK Runtime Environment Temurin-17.0.10+7 (17.0.10+7) (build 17.0.10+7)
# Java VM: OpenJDK 64-Bit Server VM Temurin-17.0.10+7 (17.0.10+7, mixed mode, tiered, compressed oops, compressed class ptrs, parallel gc, windows-amd64)
GC Precious Log:
 CPUs: 12 total, 12 available
 Memory: 8008M
 Large Page Support: Disabled
 NUMA Support: Disabled
 Compressed Oops: Enabled (32-bit)
 Alignments: Space 512K, Generation 512K, Heap 2M
 Heap Min Capacity: 100M
 Heap Initial Capacity: 100M
 Heap Max Capacity: 1G
 Pre-touch: Disabled
 Parallel Workers: 10
Heap:
 PSYoungGen      total 9728K, used 1018K [0x00000000eab00000, 0x00000000eba80000, 0x0000000100000000)
  eden space 8704K, 0% used [0x00000000eab00000,0x00000000eab00000,0x00000000eb380000)
  from space 1024K, 99% used [0x00000000eb380000,0x00000000eb47e900,0x00000000eb480000)
  to   space 2560K, 0% used [0x00000000eb800000,0x00000000eb800000,0x00000000eba80000)
 ParOldGen       total 473088K, used 472160K [0x00000000c0000000, 0x00000000dce00000, 0x00000000eab00000)
  object space 473088K, 99% used [0x00000000c0000000,0x00000000dcd181a8,0x00000000dce00000)
 Metaspace       used 100350K, committed 101760K, reserved 1179648K
  class space    used 9898K, committed 10560K, reserved 1048576K
GC Heap History (20 events):
Event: 3428.569 GC heap before
{Heap before GC invocations=5630 (full 110):
 PSYoungGen      total 8192K, used 7674K [0x00000000eab00000, 0x00000000eb480000, 0x0000000100000000)
  eden space 6656K, 99% used [0x00000000eab00000,0x00000000eb17fff0,0x00000000eb180000)
  from space 1536K, 66% used [0x00000000eb300000,0x00000000eb3fe900,0x00000000eb480000)
  to   space 1536K, 0% used [0x00000000eb180000,0x00000000eb180000,0x00000000eb300000)
 ParOldGen       total 473088K, used 453843K [0x00000000c0000000, 0x00000000dce00000, 0x00000000eab00000)
  object space 473088K, 95% used [0x00000000c0000000,0x00000000dbb34de8,0x00000000dce00000)
 Metaspace       used 100350K, committed 101760K, reserved 1179648K
  class space    used 9898K, committed 10560K, reserved 1048576K
}
Event: 3428.575 GC heap after
{Heap after GC invocations=5630 (full 110):
 PSYoungGen      total 8192K, used 1530K [0x00000000eab00000, 0x00000000eb480000, 0x0000000100000000)
  eden space 6656K, 0% used [0x00000000eab00000,0x00000000eab00000,0x00000000eb180000)
  from space 1536K, 99% used [0x00000000eb180000,0x00000000eb2febe0,0x00000000eb300000)
  to   space 1536K, 0% used [0x00000000eb300000,0x00000000eb300000,0x00000000eb480000)
 ParOldGen       total 473088K, used 457792K [0x00000000c0000000, 0x00000000dce00000, 0x00000000eab00000)
  object space 473088K, 96% used [0x00000000c0000000,0x00000000dbf10048,0x00000000dce00000)
 Metaspace       used 100350K, committed 101760K, reserved 1179648K
  class space    used 9898K, committed 10560K, reserved 1048576K
}
Event: 3428.587 GC heap before
{Heap before GC invocations=5631 (full 110):
 PSYoungGen      total 8192K, used 8186K [0x00000000eab00000, 0x00000000eb480000, 0x0000000100000000)
  eden space 6656K, 100% used [0x00000000eab00000,0x00000000eb180000,0x00000000eb180000)
  from space 1536K, 99% used [0x00000000eb180000,0x00000000eb2febe0,0x00000000eb300000)
  to   space 1536K, 0% used [0x00000000eb300000,0x00000000eb300000,0x00000000eb480000)
 ParOldGen       total 473088K, used 457792K [0x00000000c0000000, 0x00000000dce00000, 0x00000000eab00000)
  object space 473088K, 96% used [0x00000000c0000000,0x00000000dbf10048,0x00000000dce00000)
 Metaspace       used 100350K, committed 101760K, reserved 1179648K
  class space    used 9898K, committed 10560K, reserved 1048576K
}
Event: 3428.592 GC heap after
{Heap after GC invocations=5631 (full 110):
 PSYoungGen      total 8192K, used 1512K [0x00000000eab00000, 0x00000000eb480000, 0x0000000100000000)
  eden space 6656K, 0% used [0x00000000eab00000,0x00000000eab00000,0x00000000eb180000)
  from space 1536K, 98% used [0x00000000eb300000,0x00000000eb47a380,0x00000000eb480000)
  to   space 1536K, 0% used [0x00000000eb180000,0x00000000eb180000,0x00000000eb300000)
 ParOldGen       total 473088K, used 460025K [0x00000000c0000000, 0x00000000dce00000, 0x00000000eab00000)
  object space 473088K, 97% used [0x00000000c0000000,0x00000000dc13e6a8,0x00000000dce00000)
 Metaspace       used 100350K, committed 101760K, reserved 1179648K
  class space    used 9898K, committed 10560K, reserved 1048576K
}
Event: 3428.603 GC heap before
{Heap before GC invocations=5632 (full 110):
 PSYoungGen      total 8192K, used 8168K [0x00000000eab00000, 0x00000000eb480000, 0x0000000100000000)
  eden space 6656K, 100% used [0x00000000eab00000,0x00000000eb180000,0x00000000eb180000)
  from space 1536K, 98% used [0x00000000eb300000,0x00000000eb47a380,0x00000000eb480000)
  to   space 1536K, 0% used [0x00000000eb180000,0x00000000eb180000,0x00000000eb300000)
 ParOldGen       total 473088K, used 460025K [0x00000000c0000000, 0x00000000dce00000, 0x00000000eab00000)
  object space 473088K, 97% used [0x00000000c0000000,0x00000000dc13e6a8,0x00000000dce00000)
 Metaspace       used 100350K, committed 101760K, reserved 1179648K
  class space    used 9898K, committed 10560K, reserved 1048576K
}
Event: 3428.611 GC heap after
{Heap after GC invocations=5632 (full 110):
 PSYoungGen      total 8192K, used 1536K [0x00000000eab00000, 0x00000000eb480000, 0x0000000100000000)
  eden space 6656K, 0% used [0x00000000eab00000,0x00000000eab00000,0x00000000eb180000)
  from space 1536K, 100% used [0x00000000eb180000,0x00000000eb300000,0x00000000eb300000)
  to   space 1536K, 0% used [0x00000000eb300000,0x00000000eb300000,0x00000000eb480000)
 ParOldGen       total 473088K, used 461850K [0x00000000c0000000, 0x00000000dce00000, 0x00000000eab00000)
  object space 473088K, 97% used [0x00000000c0000000,0x00000000dc306a68,0x00000000dce00000)
 Metaspace       used 100350K, committed 101760K, reserved 1179648K
  class space    used 9898K, committed 10560K, reserved 1048576K
}
Event: 3428.620 GC heap before
{Heap before GC invocations=5633 (full 110):
 PSYoungGen      total 8192K, used 8192K [0x00000000eab00000, 0x00000000eb480000, 0x0000000100000000)
  eden space 6656K, 100% used [0x00000000eab00000,0x00000000eb180000,0x00000000eb180000)
  from space 1536K, 100% used [0x00000000eb180000,0x00000000eb300000,0x00000000eb300000)
  to   space 1536K, 0% used [0x00000000eb300000,0x00000000eb300000,0x00000000eb480000)
 ParOldGen       total 473088K, used 461850K [0x00000000c0000000, 0x00000000dce00000, 0x00000000eab00000)
  object space 473088K, 97% used [0x00000000c0000000,0x00000000dc306a68,0x00000000dce00000)
 Metaspace       used 100350K, committed 101760K, reserved 1179648K
  class space    used 9898K, committed 10560K, reserved 1048576K
}
Event: 3428.626 GC heap after
{Heap after GC invocations=5633 (full 110):
 PSYoungGen      total 8192K, used 1530K [0x00000000eab00000, 0x00000000eb480000, 0x0000000100000000)
  eden space 6656K, 0% used [0x00000000eab00000,0x00000000eab00000,0x00000000eb180000)
  from space 1536K, 99% used [0x00000000eb300000,0x00000000eb47e900,0x00000000eb480000)
  to   space 1536K, 0% used [0x00000000eb180000,0x00000000eb180000,0x00000000eb300000)
 ParOldGen       total 473088K, used 463414K [0x00000000c0000000, 0x00000000dce00000, 0x00000000eab00000)
  object space 473088K, 97% used [0x00000000c0000000,0x00000000dc48da78,0x00000000dce00000)
 Metaspace       used 100350K, committed 101760K, reserved 1179648K
  class space    used 9898K, committed 10560K, reserved 1048576K
}
Event: 3428.634 GC heap before
{Heap before GC invocations=5634 (full 110):
 PSYoungGen      total 8192K, used 8186K [0x00000000eab00000, 0x00000000eb480000, 0x0000000100000000)
  eden space 6656K, 100% used [0x00000000eab00000,0x00000000eb180000,0x00000000eb180000)
  from space 1536K, 99% used [0x00000000eb300000,0x00000000eb47e900,0x00000000eb480000)
  to   space 1536K, 0% used [0x00000000eb180000,0x00000000eb180000,0x00000000eb300000)
 ParOldGen       total 473088K, used 463414K [0x00000000c0000000, 0x00000000dce00000, 0x00000000eab00000)
  object space 473088K, 97% used [0x00000000c0000000,0x00000000dc48da78,0x00000000dce00000)
 Metaspace       used 100350K, committed 101760K, reserved 1179648K
  class space    used 9898K, committed 10560K, reserved 1048576K
}
Event: 3428.638 GC heap after
{Heap after GC invocations=5634 (full 110):
 PSYoungGen      total 8192K, used 848K [0x00000000eab00000, 0x00000000eb480000, 0x0000000100000000)
  eden space 6656K, 0% used [0x00000000eab00000,0x00000000eab00000,0x00000000eb180000)
  from space 1536K, 55% used [0x00000000eb180000,0x00000000eb254010,0x00000000eb300000)
  to   space 1536K, 0% used [0x00000000eb300000,0x00000000eb300000,0x00000000eb480000)
 ParOldGen       total 473088K, used 464843K [0x00000000c0000000, 0x00000000dce00000, 0x00000000eab00000)
  object space 473088K, 98% used [0x00000000c0000000,0x00000000dc5f2c98,0x00000000dce00000)
 Metaspace       used 100350K, committed 101760K, reserved 1179648K
  class space    used 9898K, committed 10560K, reserved 1048576K
}
Event: 3428.654 GC heap before
{Heap before GC invocations=5635 (full 110):
 PSYoungGen      total 8192K, used 7504K [0x00000000eab00000, 0x00000000eb480000, 0x0000000100000000)
  eden space 6656K, 100% used [0x00000000eab00000,0x00000000eb180000,0x00000000eb180000)
  from space 1536K, 55% used [0x00000000eb180000,0x00000000eb254010,0x00000000eb300000)
  to   space 1536K, 0% used [0x00000000eb300000,0x00000000eb300000,0x00000000eb480000)
 ParOldGen       total 473088K, used 464843K [0x00000000c0000000, 0x00000000dce00000, 0x00000000eab00000)
  object space 473088K, 98% used [0x00000000c0000000,0x00000000dc5f2c98,0x00000000dce00000)
 Metaspace       used 100350K, committed 101760K, reserved 1179648K
  class space    used 9898K, committed 10560K, reserved 1048576K
}
Event: 3428.658 GC heap after
{Heap after GC invocations=5635 (full 110):
 PSYoungGen      total 8192K, used 1088K [0x00000000eab00000, 0x00000000eb600000, 0x0000000100000000)
  eden space 6656K, 0% used [0x00000000eab00000,0x00000000eab00000,0x00000000eb180000)
  from space 1536K, 70% used [0x00000000eb300000,0x00000000eb410000,0x00000000eb480000)
  to   space 1536K, 0% used [0x00000000eb180000,0x00000000eb180000,0x00000000eb300000)
 ParOldGen       total 473088K, used 465567K [0x00000000c0000000, 0x00000000dce00000, 0x00000000eab00000)
  object space 473088K, 98% used [0x00000000c0000000,0x00000000dc6a7d08,0x00000000dce00000)
 Metaspace       used 100350K, committed 101760K, reserved 1179648K
  class space    used 9898K, committed 10560K, reserved 1048576K
}
Event: 3428.671 GC heap before
{Heap before GC invocations=5636 (full 110):
 PSYoungGen      total 8192K, used 7744K [0x00000000eab00000, 0x00000000eb600000, 0x0000000100000000)
  eden space 6656K, 100% used [0x00000000eab00000,0x00000000eb180000,0x00000000eb180000)
  from space 1536K, 70% used [0x00000000eb300000,0x00000000eb410000,0x00000000eb480000)
  to   space 1536K, 0% used [0x00000000eb180000,0x00000000eb180000,0x00000000eb300000)
 ParOldGen       total 473088K, used 465567K [0x00000000c0000000, 0x00000000dce00000, 0x00000000eab00000)
  object space 473088K, 98% used [0x00000000c0000000,0x00000000dc6a7d08,0x00000000dce00000)
 Metaspace       used 100350K, committed 101760K, reserved 1179648K
  class space    used 9898K, committed 10560K, reserved 1048576K
}
Event: 3428.676 GC heap after
{Heap after GC invocations=5636 (full 110):
 PSYoungGen      total 8192K, used 1124K [0x00000000eab00000, 0x00000000eb600000, 0x0000000100000000)
  eden space 6656K, 0% used [0x00000000eab00000,0x00000000eab00000,0x00000000eb180000)
  from space 1536K, 73% used [0x00000000eb180000,0x00000000eb299210,0x00000000eb300000)
  to   space 1536K, 0% used [0x00000000eb480000,0x00000000eb480000,0x00000000eb600000)
 ParOldGen       total 473088K, used 466551K [0x00000000c0000000, 0x00000000dce00000, 0x00000000eab00000)
  object space 473088K, 98% used [0x00000000c0000000,0x00000000dc79dd68,0x00000000dce00000)
 Metaspace       used 100350K, committed 101760K, reserved 1179648K
  class space    used 9898K, committed 10560K, reserved 1048576K
}
Event: 3428.697 GC heap before
{Heap before GC invocations=5637 (full 110):
 PSYoungGen      total 8192K, used 7780K [0x00000000eab00000, 0x00000000eb600000, 0x0000000100000000)
  eden space 6656K, 100% used [0x00000000eab00000,0x00000000eb180000,0x00000000eb180000)
  from space 1536K, 73% used [0x00000000eb180000,0x00000000eb299210,0x00000000eb300000)
  to   space 1536K, 0% used [0x00000000eb480000,0x00000000eb480000,0x00000000eb600000)
 ParOldGen       total 473088K, used 466551K [0x00000000c0000000, 0x00000000dce00000, 0x00000000eab00000)
  object space 473088K, 98% used [0x00000000c0000000,0x00000000dc79dd68,0x00000000dce00000)
 Metaspace       used 100350K, committed 101760K, reserved 1179648K
  class space    used 9898K, committed 10560K, reserved 1048576K
}
Event: 3428.702 GC heap after
{Heap after GC invocations=5637 (full 110):
 PSYoungGen      total 9216K, used 768K [0x00000000eab00000, 0x00000000eb580000, 0x0000000100000000)
  eden space 8192K, 0% used [0x00000000eab00000,0x00000000eab00000,0x00000000eb300000)
  from space 1024K, 75% used [0x00000000eb480000,0x00000000eb540000,0x00000000eb580000)
  to   space 1024K, 0% used [0x00000000eb380000,0x00000000eb380000,0x00000000eb480000)
 ParOldGen       total 473088K, used 467528K [0x00000000c0000000, 0x00000000dce00000, 0x00000000eab00000)
  object space 473088K, 98% used [0x00000000c0000000,0x00000000dc8920e8,0x00000000dce00000)
 Metaspace       used 100350K, committed 101760K, reserved 1179648K
  class space    used 9898K, committed 10560K, reserved 1048576K
}
Event: 3428.724 GC heap before
{Heap before GC invocations=5638 (full 110):
 PSYoungGen      total 9216K, used 8960K [0x00000000eab00000, 0x00000000eb580000, 0x0000000100000000)
  eden space 8192K, 100% used [0x00000000eab00000,0x00000000eb300000,0x00000000eb300000)
  from space 1024K, 75% used [0x00000000eb480000,0x00000000eb540000,0x00000000eb580000)
  to   space 1024K, 0% used [0x00000000eb380000,0x00000000eb380000,0x00000000eb480000)
 ParOldGen       total 473088K, used 467528K [0x00000000c0000000, 0x00000000dce00000, 0x00000000eab00000)
  object space 473088K, 98% used [0x00000000c0000000,0x00000000dc8920e8,0x00000000dce00000)
 Metaspace       used 100350K, committed 101760K, reserved 1179648K
  class space    used 9898K, committed 10560K, reserved 1048576K
}
Event: 3428.731 GC heap after
{Heap after GC invocations=5638 (full 110):
 PSYoungGen      total 9728K, used 848K [0x00000000eab00000, 0x00000000eb700000, 0x0000000100000000)
  eden space 8704K, 0% used [0x00000000eab00000,0x00000000eab00000,0x00000000eb380000)
  from space 1024K, 82% used [0x00000000eb380000,0x00000000eb454010,0x00000000eb480000)
  to   space 1024K, 0% used [0x00000000eb600000,0x00000000eb600000,0x00000000eb700000)
 ParOldGen       total 473088K, used 468148K [0x00000000c0000000, 0x00000000dce00000, 0x00000000eab00000)
  object space 473088K, 98% used [0x00000000c0000000,0x00000000dc92d1f8,0x00000000dce00000)
 Metaspace       used 100350K, committed 101760K, reserved 1179648K
  class space    used 9898K, committed 10560K, reserved 1048576K
}
Event: 3428.762 GC heap before
{Heap before GC invocations=5639 (full 110):
 PSYoungGen      total 9728K, used 9552K [0x00000000eab00000, 0x00000000eb700000, 0x0000000100000000)
  eden space 8704K, 100% used [0x00000000eab00000,0x00000000eb380000,0x00000000eb380000)
  from space 1024K, 82% used [0x00000000eb380000,0x00000000eb454010,0x00000000eb480000)
  to   space 1024K, 0% used [0x00000000eb600000,0x00000000eb600000,0x00000000eb700000)
 ParOldGen       total 473088K, used 468148K [0x00000000c0000000, 0x00000000dce00000, 0x00000000eab00000)
  object space 473088K, 98% used [0x00000000c0000000,0x00000000dc92d1f8,0x00000000dce00000)
 Metaspace       used 100350K, committed 101760K, reserved 1179648K
  class space    used 9898K, committed 10560K, reserved 1048576K
}
Event: 3428.768 GC heap after
{Heap after GC invocations=5639 (full 110):
 PSYoungGen      total 9728K, used 1016K [0x00000000eab00000, 0x00000000eb700000, 0x0000000100000000)
  eden space 8704K, 0% used [0x00000000eab00000,0x00000000eab00000,0x00000000eb380000)
  from space 1024K, 99% used [0x00000000eb600000,0x00000000eb6fe370,0x00000000eb700000)
  to   space 1024K, 0% used [0x00000000eb380000,0x00000000eb380000,0x00000000eb480000)
 ParOldGen       total 473088K, used 468944K [0x00000000c0000000, 0x00000000dce00000, 0x00000000eab00000)
  object space 473088K, 99% used [0x00000000c0000000,0x00000000dc9f4248,0x00000000dce00000)
 Metaspace       used 100350K, committed 101760K, reserved 1179648K
  class space    used 9898K, committed 10560K, reserved 1048576K
}

